2026-05-06 01:11:04,758 - INFO - orchestrator - ============================================================
2026-05-06 01:11:04,759 - INFO - orchestrator - country=Qatar | tag=qa_gen | file=pep_qatar_living_relevant_20260505_155124.xlsx
2026-05-06 01:11:04,759 - INFO - orchestrator - ============================================================
2026-05-06 01:11:55,697 - INFO - orchestrator - [DELTA] Processing record #0: 'Muhammad Al Emadi'
2026-05-06 01:11:55,699 - INFO - orchestrator - [DELTA]   AND-query matched main_id=781215. Checking child tables...
2026-05-06 01:11:55,707 - INFO - orchestrator - [DELTA]   'Muhammad Al Emadi' (main_id=781215) — SAME. Added to is_del_list_1.
2026-05-06 01:11:55,707 - INFO - orchestrator - [DELTA] Processing record #1: 'Hind Abdul Rahman Al Muftah'
2026-05-06 01:11:55,708 - INFO - orchestrator - [DELTA]   AND-query matched main_id=781216. Checking child tables...
2026-05-06 01:11:55,711 - INFO - orchestrator - [DELTA]   'Hind Abdul Rahman Al Muftah' (main_id=781216) — SAME. Added to is_del_list_1.
2026-05-06 01:11:55,711 - INFO - orchestrator - [DELTA] Processing record #2: 'Aisha Yousef Al Mannai'
2026-05-06 01:11:55,712 - INFO - orchestrator - [DELTA]   AND-query matched main_id=781217. Checking child tables...
2026-05-06 01:11:55,715 - INFO - orchestrator - [DELTA]   'Aisha Yousef Al Mannai' (main_id=781217) — SAME. Added to is_del_list_1.
2026-05-06 01:11:55,715 - INFO - orchestrator - [DELTA] Processing record #3: 'Reem Al Mansoori'
2026-05-06 01:11:55,716 - INFO - orchestrator - [DELTA]   AND-query matched main_id=781218. Checking child tables...
2026-05-06 01:11:55,718 - INFO - orchestrator - [DELTA]   'Reem Al Mansoori' (main_id=781218) — SAME. Added to is_del_list_1.
2026-05-06 01:11:55,718 - INFO - orchestrator - [DELTA] Processing record #4: 'Abdul Rahman Bin Muhammad Suleiman Al Khulaifi'
2026-05-06 01:11:55,719 - INFO - orchestrator - [DELTA]   AND-query matched main_id=862015. Checking child tables...
2026-05-06 01:11:55,724 - INFO - orchestrator - [DELTA]   'Abdul Rahman Bin Muhammad Suleiman Al Khulaifi' (main_id=862015) — SAME. Added to is_del_list_1.
2026-05-06 01:11:55,725 - INFO - orchestrator - [DELTA] Processing record #5: 'Sharida Saad Gibran Al Kaabi'
2026-05-06 01:11:55,726 - INFO - orchestrator - [DELTA]   AND-query matched main_id=862016. Checking child tables...
2026-05-06 01:11:55,728 - INFO - orchestrator - [DELTA]   'Sharida Saad Gibran Al Kaabi' (main_id=862016) — SAME. Added to is_del_list_1.
2026-05-06 01:11:55,728 - INFO - orchestrator - [DELTA] Processing record #6: 'Badr Payment'
2026-05-06 01:11:55,729 - INFO - orchestrator - [DELTA]   AND-query matched main_id=781222. Checking child tables...
2026-05-06 01:11:55,731 - INFO - orchestrator - [DELTA]   'Badr Payment' (main_id=781222) — SAME. Added to is_del_list_1.
2026-05-06 01:11:55,731 - INFO - orchestrator - [DELTA] Processing record #7: 'Ali Bin Hassan Al Hammadi'
2026-05-06 01:11:55,732 - INFO - orchestrator - [DELTA]   AND-query matched main_id=862017. Checking child tables...
2026-05-06 01:11:55,734 - INFO - orchestrator - [DELTA]   'Ali Bin Hassan Al Hammadi' (main_id=862017) — SAME. Added to is_del_list_1.
2026-05-06 01:11:55,734 - INFO - orchestrator - [DELTA] Processing record #8: 'Saad Bin Nasser Al Humaidi'
2026-05-06 01:11:55,735 - INFO - orchestrator - [DELTA]   AND-query matched main_id=781224. Checking child tables...
2026-05-06 01:11:55,737 - INFO - orchestrator - [DELTA]   'Saad Bin Nasser Al Humaidi' (main_id=781224) — SAME. Added to is_del_list_1.
2026-05-06 01:11:55,737 - INFO - orchestrator - [DELTA] Processing record #9: 'Mubarak Bin Kleefikh Al Hajri'
2026-05-06 01:11:55,738 - INFO - orchestrator - [DELTA]   AND-query matched main_id=781225. Checking child tables...
2026-05-06 01:11:55,740 - INFO - orchestrator - [DELTA]   'Mubarak Bin Kleefikh Al Hajri' (main_id=781225) — SAME. Added to is_del_list_1.
2026-05-06 01:11:55,740 - INFO - orchestrator - [DELTA] Processing record #10: 'Ali Bin Ahmed Al Kuwari'
2026-05-06 01:11:55,741 - INFO - orchestrator - [DELTA]   AND-query matched main_id=781226. Checking child tables...
2026-05-06 01:11:55,743 - INFO - orchestrator - [DELTA]   'Ali Bin Ahmed Al Kuwari' (main_id=781226) — SAME. Added to is_del_list_1.
2026-05-06 01:11:55,743 - INFO - orchestrator - [DELTA] Processing record #11: 'Abdul Razzaq Abdul Jalil Al Abdul Ghani'
2026-05-06 01:11:55,744 - INFO - orchestrator - [DELTA]   AND-query matched main_id=862018. Checking child tables...
2026-05-06 01:11:55,746 - INFO - orchestrator - [DELTA]   'Abdul Razzaq Abdul Jalil Al Abdul Ghani' (main_id=862018) — SAME. Added to is_del_list_1.
2026-05-06 01:11:55,746 - INFO - orchestrator - [DELTA] Processing record #12: 'Fahd Bin Mohammed Al Attiyah'
2026-05-06 01:11:55,747 - INFO - orchestrator - [DELTA]   AND-query matched main_id=862019. Checking child tables...
2026-05-06 01:11:55,749 - INFO - orchestrator - [DELTA]   'Fahd Bin Mohammed Al Attiyah' (main_id=862019) — SAME. Added to is_del_list_1.
2026-05-06 01:11:55,749 - INFO - orchestrator - [DELTA] Processing record #13: 'Abdullah Falah Al Dosari'
2026-05-06 01:11:55,750 - INFO - orchestrator - [DELTA]   AND-query matched main_id=862020. Checking child tables...
2026-05-06 01:11:55,751 - INFO - orchestrator - [DELTA]   'Abdullah Falah Al Dosari' (main_id=862020) — SAME. Added to is_del_list_1.
2026-05-06 01:11:55,752 - INFO - orchestrator - [DELTA] Processing record #14: 'Muhammad Hamad Saad Al Fuhaid Al Hajri'
2026-05-06 01:11:55,753 - INFO - orchestrator - [DELTA]   AND-query matched main_id=862021. Checking child tables...
2026-05-06 01:11:55,754 - INFO - orchestrator - [DELTA]   'Muhammad Hamad Saad Al Fuhaid Al Hajri' (main_id=862021) — SAME. Added to is_del_list_1.
2026-05-06 01:11:55,755 - INFO - orchestrator - [DELTA] Processing record #15: 'Mana Abdul Hadi Al Hajri'
2026-05-06 01:11:55,756 - INFO - orchestrator - [DELTA]   AND-query matched main_id=862022. Checking child tables...
2026-05-06 01:11:55,759 - INFO - orchestrator - [DELTA]   'Mana Abdul Hadi Al Hajri' (main_id=862022) — SAME. Added to is_del_list_1.
2026-05-06 01:11:55,759 - INFO - orchestrator - [DELTA] Processing record #16: 'Ali Bin Abdullah Zaid Al Mahmoud'
2026-05-06 01:11:55,760 - INFO - orchestrator - [DELTA]   AND-query matched main_id=862023. Checking child tables...
2026-05-06 01:11:55,762 - INFO - orchestrator - [DELTA]   'Ali Bin Abdullah Zaid Al Mahmoud' (main_id=862023) — SAME. Added to is_del_list_1.
2026-05-06 01:11:55,762 - INFO - orchestrator - [DELTA] Processing record #17: 'Ibrahim Bin Abdul Aziz Al Sahlawi'
2026-05-06 01:11:55,763 - INFO - orchestrator - [DELTA]   AND-query matched main_id=862024. Checking child tables...
2026-05-06 01:11:55,765 - INFO - orchestrator - [DELTA]   'Ibrahim Bin Abdul Aziz Al Sahlawi' (main_id=862024) — SAME. Added to is_del_list_1.
2026-05-06 01:11:55,765 - INFO - orchestrator - [DELTA] Processing record #18: 'Saad Bin Ali Al Muhannadi'
2026-05-06 01:11:55,766 - INFO - orchestrator - [DELTA]   AND-query matched main_id=862025. Checking child tables...
2026-05-06 01:11:55,768 - INFO - orchestrator - [DELTA]   'Saad Bin Ali Al Muhannadi' (main_id=862025) — SAME. Added to is_del_list_1.
2026-05-06 01:11:55,768 - INFO - orchestrator - [DELTA] Processing record #19: 'Salem Bin Mubarak Al Shafi'
2026-05-06 01:11:55,769 - INFO - orchestrator - [DELTA]   AND-query matched main_id=781235. Checking child tables...
2026-05-06 01:11:55,771 - INFO - orchestrator - [DELTA]   'Salem Bin Mubarak Al Shafi' (main_id=781235) — SAME. Added to is_del_list_1.
2026-05-06 01:11:55,771 - INFO - orchestrator - [DELTA] Processing record #20: 'Hanadi Bint Nasser Al Thani'
2026-05-06 01:11:55,772 - INFO - orchestrator - [DELTA]   AND-query matched main_id=781236. Checking child tables...
2026-05-06 01:11:55,775 - INFO - orchestrator - [DELTA]   'Hanadi Bint Nasser Al Thani' (main_id=781236) — SAME. Added to is_del_list_1.
2026-05-06 01:11:55,775 - INFO - orchestrator - [DELTA] Processing record #21: 'Buthaina Al Ansari'
2026-05-06 01:11:55,776 - INFO - orchestrator - [DELTA]   AND-query matched main_id=781237. Checking child tables...
2026-05-06 01:11:55,778 - INFO - orchestrator - [DELTA]   'Buthaina Al Ansari' (main_id=781237) — SAME. Added to is_del_list_1.
2026-05-06 01:11:55,778 - INFO - orchestrator - [DELTA] Processing record #22: 'Aysha Al Mudahka'
2026-05-06 01:11:55,779 - INFO - orchestrator - [DELTA]   AND-query matched main_id=781238. Checking child tables...
2026-05-06 01:11:55,781 - INFO - orchestrator - [DELTA]   'Aysha Al Mudahka' (main_id=781238) — SAME. Added to is_del_list_1.
2026-05-06 01:11:55,781 - INFO - orchestrator - [DELTA] Processing record #23: 'Ahlam Salem Al Mana'
2026-05-06 01:11:55,782 - INFO - orchestrator - [DELTA]   AND-query matched main_id=781239. Checking child tables...
2026-05-06 01:11:55,784 - INFO - orchestrator - [DELTA]   'Ahlam Salem Al Mana' (main_id=781239) — SAME. Added to is_del_list_1.
2026-05-06 01:11:55,784 - INFO - orchestrator - [DELTA] Processing record #24: 'Ghanem Bin Shaheen Bin Ghanem Al Ghanim'
2026-05-06 01:11:55,786 - INFO - orchestrator - [DELTA]   AND-query matched main_id=862026. Checking child tables...
2026-05-06 01:11:55,787 - INFO - orchestrator - [DELTA]   'Ghanem Bin Shaheen Bin Ghanem Al Ghanim' (main_id=862026) — SAME. Added to is_del_list_1.
2026-05-06 01:11:55,787 - INFO - orchestrator - [DELTA] Processing record #25: 'Mariam Bint Ali Bin Nasser Al Misnad'
2026-05-06 01:11:55,789 - INFO - orchestrator - [DELTA]   AND-query matched main_id=781241. Checking child tables...
2026-05-06 01:11:55,790 - INFO - orchestrator - [DELTA]   'Mariam Bint Ali Bin Nasser Al Misnad' (main_id=781241) — SAME. Added to is_del_list_1.
2026-05-06 01:11:55,791 - INFO - orchestrator - [DELTA] Processing record #26: 'Mira Al Attiyah'
2026-05-06 01:11:55,792 - INFO - orchestrator - [DELTA]   AND-query matched main_id=781242. Checking child tables...
2026-05-06 01:11:55,794 - INFO - orchestrator - [DELTA]   'Mira Al Attiyah' (main_id=781242) — SAME. Added to is_del_list_1.
2026-05-06 01:11:55,794 - INFO - orchestrator - [DELTA] Processing record #27: 'Hamda Bint Hassan Al Sulaiti'
2026-05-06 01:11:55,795 - INFO - orchestrator - [DELTA]   AND-query matched main_id=781243. Checking child tables...
2026-05-06 01:11:55,797 - INFO - orchestrator - [DELTA]   'Hamda Bint Hassan Al Sulaiti' (main_id=781243) — SAME. Added to is_del_list_1.
2026-05-06 01:11:55,797 - INFO - orchestrator - [DELTA] Processing record #28: 'Fatima Abdullah Al Mal'
2026-05-06 01:11:55,798 - INFO - orchestrator - [DELTA]   AND-query matched main_id=781244. Checking child tables...
2026-05-06 01:11:55,800 - INFO - orchestrator - [DELTA]   'Fatima Abdullah Al Mal' (main_id=781244) — SAME. Added to is_del_list_1.
2026-05-06 01:11:55,800 - INFO - orchestrator - [DELTA] Processing record #29: 'Aisha Hassan Al Emadi'
2026-05-06 01:11:55,801 - INFO - orchestrator - [DELTA]   AND-query matched main_id=781245. Checking child tables...
2026-05-06 01:11:55,803 - INFO - orchestrator - [DELTA]   'Aisha Hassan Al Emadi' (main_id=781245) — SAME. Added to is_del_list_1.
2026-05-06 01:11:55,803 - INFO - orchestrator - [DELTA] Processing record #30: 'Shams Al Qassabi'
2026-05-06 01:11:55,804 - INFO - orchestrator - [DELTA]   AND-query matched main_id=781246. Checking child tables...
2026-05-06 01:11:55,806 - INFO - orchestrator - [DELTA]   'Shams Al Qassabi' (main_id=781246) — SAME. Added to is_del_list_1.
2026-05-06 01:11:55,806 - INFO - orchestrator - [DELTA] Processing record #31: 'Amal Dahawi Al Shammri'
2026-05-06 01:11:55,807 - INFO - orchestrator - [DELTA]   AND-query matched main_id=781247. Checking child tables...
2026-05-06 01:11:55,809 - INFO - orchestrator - [DELTA]   'Amal Dahawi Al Shammri' (main_id=781247) — SAME. Added to is_del_list_1.
2026-05-06 01:11:55,809 - INFO - orchestrator - [DELTA] Processing record #32: 'Fatma Al Remaihi'
2026-05-06 01:11:55,810 - INFO - orchestrator - [DELTA]   AND-query matched main_id=781248. Checking child tables...
2026-05-06 01:11:55,812 - INFO - orchestrator - [DELTA]   'Fatma Al Remaihi' (main_id=781248) — SAME. Added to is_del_list_1.
2026-05-06 01:11:55,812 - INFO - orchestrator - [DELTA] Processing record #33: 'Ebtesam Saleh Al Mannai'
2026-05-06 01:11:55,813 - INFO - orchestrator - [DELTA]   AND-query matched main_id=862027. Checking child tables...
2026-05-06 01:11:55,815 - INFO - orchestrator - [DELTA]   'Ebtesam Saleh Al Mannai' (main_id=862027) — SAME. Added to is_del_list_1.
2026-05-06 01:11:55,815 - INFO - orchestrator - [DELTA] Processing record #34: 'Alanoud Bint Hamad Al Thani'
2026-05-06 01:11:55,816 - INFO - orchestrator - [DELTA]   AND-query matched main_id=862028. Checking child tables...
2026-05-06 01:11:55,818 - INFO - orchestrator - [DELTA]   'Alanoud Bint Hamad Al Thani' (main_id=862028) — SAME. Added to is_del_list_1.
2026-05-06 01:11:55,818 - INFO - orchestrator - [DELTA] Processing record #35: 'Sheikha Al Mahoud'
2026-05-06 01:11:55,819 - INFO - orchestrator - [DELTA]   AND-query matched main_id=781251. Checking child tables...
2026-05-06 01:11:55,821 - INFO - orchestrator - [DELTA]   'Sheikha Al Mahoud' (main_id=781251) — SAME. Added to is_del_list_1.
2026-05-06 01:11:55,821 - INFO - orchestrator - [DELTA] Processing record #36: 'Sheikha Hessa Bint Khalifa Al Thani'
2026-05-06 01:11:55,822 - INFO - orchestrator - [DELTA]   AND-query matched main_id=781252. Checking child tables...
2026-05-06 01:11:55,824 - INFO - orchestrator - [DELTA]   'Sheikha Hessa Bint Khalifa Al Thani' (main_id=781252) — SAME. Added to is_del_list_1.
2026-05-06 01:11:55,824 - INFO - orchestrator - [DELTA] Processing record #37: 'Youssef Al Jiffri'
2026-05-06 01:11:55,826 - INFO - orchestrator - [DELTA]   AND-query matched main_id=781253. Checking child tables...
2026-05-06 01:11:55,827 - INFO - orchestrator - [DELTA]   'Youssef Al Jiffri' (main_id=781253) — SAME. Added to is_del_list_1.
2026-05-06 01:11:55,828 - INFO - orchestrator - [DELTA] Processing record #38: 'Ghada Al Subaey'
2026-05-06 01:11:55,829 - INFO - orchestrator - [DELTA]   AND-query matched main_id=781254. Checking child tables...
2026-05-06 01:11:55,830 - INFO - orchestrator - [DELTA]   'Ghada Al Subaey' (main_id=781254) — SAME. Added to is_del_list_1.
2026-05-06 01:11:55,831 - INFO - orchestrator - [DELTA] Processing record #39: 'Aisha Alfardan'
2026-05-06 01:11:55,832 - INFO - orchestrator - [DELTA]   AND-query matched main_id=781255. Checking child tables...
2026-05-06 01:11:55,833 - INFO - orchestrator - [DELTA]   'Aisha Alfardan' (main_id=781255) — SAME. Added to is_del_list_1.
2026-05-06 01:11:55,834 - INFO - orchestrator - [DELTA] Processing record #40: 'Sarah Alfardan'
2026-05-06 01:11:55,835 - INFO - orchestrator - [DELTA]   AND-query matched main_id=781256. Checking child tables...
2026-05-06 01:11:55,836 - INFO - orchestrator - [DELTA]   'Sarah Alfardan' (main_id=781256) — SAME. Added to is_del_list_1.
2026-05-06 01:11:55,837 - INFO - orchestrator - [DELTA] Processing record #41: 'Zohour Alfardan'
2026-05-06 01:11:55,838 - INFO - orchestrator - [DELTA]   AND-query matched main_id=781257. Checking child tables...
2026-05-06 01:11:55,839 - INFO - orchestrator - [DELTA]   'Zohour Alfardan' (main_id=781257) — SAME. Added to is_del_list_1.
2026-05-06 01:11:55,840 - INFO - orchestrator - [DELTA] Processing record #42: 'Ibtihaj Al Ahmadan'
2026-05-06 01:11:55,841 - INFO - orchestrator - [DELTA]   AND-query matched main_id=781258. Checking child tables...
2026-05-06 01:11:55,842 - INFO - orchestrator - [DELTA]   'Ibtihaj Al Ahmadan' (main_id=781258) — SAME. Added to is_del_list_1.
2026-05-06 01:11:55,843 - INFO - orchestrator - [DELTA] Processing record #43: 'Mubarak Bin Ali Al Khatir'
2026-05-06 01:11:55,844 - INFO - orchestrator - [DELTA]   AND-query matched main_id=862029. Checking child tables...
2026-05-06 01:11:55,846 - INFO - orchestrator - [DELTA]   'Mubarak Bin Ali Al Khatir' (main_id=862029) — SAME. Added to is_del_list_1.
2026-05-06 01:11:55,846 - INFO - orchestrator - [DELTA] Processing record #44: 'Masoud Bin Mohammed Al Ameri'
2026-05-06 01:11:55,847 - INFO - orchestrator - [DELTA]   AND-query matched main_id=781260. Checking child tables...
2026-05-06 01:11:55,849 - INFO - orchestrator - [DELTA]   'Masoud Bin Mohammed Al Ameri' (main_id=781260) — SAME. Added to is_del_list_1.
2026-05-06 01:11:55,850 - INFO - orchestrator - [DELTA] Processing record #45: 'Sultan Bin Rashid Al Khater'
2026-05-06 01:11:55,851 - INFO - orchestrator - [DELTA]   AND-query matched main_id=862030. Checking child tables...
2026-05-06 01:11:55,852 - INFO - orchestrator - [DELTA]   'Sultan Bin Rashid Al Khater' (main_id=862030) — SAME. Added to is_del_list_1.
2026-05-06 01:11:55,853 - INFO - orchestrator - [DELTA] Processing record #46: 'Rabea Mechernane'
2026-05-06 01:11:55,854 - INFO - orchestrator - [DELTA]   AND-query matched main_id=781262. Checking child tables...
2026-05-06 01:11:55,855 - INFO - orchestrator - [DELTA]   'Rabea Mechernane' (main_id=781262) — SAME. Added to is_del_list_1.
2026-05-06 01:11:55,856 - INFO - orchestrator - [DELTA] Processing record #47: 'Sultan Bin Saad Bin Sultan Al Muraikhi'
2026-05-06 01:11:55,857 - INFO - orchestrator - [DELTA]   AND-query matched main_id=862031. Checking child tables...
2026-05-06 01:11:55,859 - INFO - orchestrator - [DELTA]   'Sultan Bin Saad Bin Sultan Al Muraikhi' (main_id=862031) — SAME. Added to is_del_list_1.
2026-05-06 01:11:55,859 - INFO - orchestrator - [DELTA] Processing record #48: 'Mohammed Bin Khalifa Al Thani'
2026-05-06 01:11:55,860 - INFO - orchestrator - [DELTA]   AND-query matched main_id=862032. Checking child tables...
2026-05-06 01:11:55,862 - INFO - orchestrator - [DELTA]   'Mohammed Bin Khalifa Al Thani' (main_id=862032) — SAME. Added to is_del_list_1.
2026-05-06 01:11:55,862 - INFO - orchestrator - [DELTA] Processing record #49: 'Abdullah Hassan Al Sulaiti'
2026-05-06 01:11:55,863 - INFO - orchestrator - [DELTA]   AND-query matched main_id=781263. Checking child tables...
2026-05-06 01:11:55,865 - INFO - orchestrator - [DELTA]   'Abdullah Hassan Al Sulaiti' (main_id=781263) — SAME. Added to is_del_list_1.
2026-05-06 01:11:55,865 - INFO - orchestrator - [DELTA] Processing record #50: 'Khalid Bin Mohammad Al Attiyah'
2026-05-06 01:11:55,866 - INFO - orchestrator - [DELTA]   AND-query matched main_id=781264. Checking child tables...
2026-05-06 01:11:55,868 - INFO - orchestrator - [DELTA]   'Khalid Bin Mohammad Al Attiyah' (main_id=781264) — SAME. Added to is_del_list_1.
2026-05-06 01:11:55,868 - INFO - orchestrator - [DELTA] Processing record #51: 'Ali Al Thawadi'
2026-05-06 01:11:55,869 - INFO - orchestrator - [DELTA]   AND-query matched main_id=781265. Checking child tables...
2026-05-06 01:11:55,871 - INFO - orchestrator - [DELTA]   'Ali Al Thawadi' (main_id=781265) — SAME. Added to is_del_list_1.
2026-05-06 01:11:55,871 - INFO - orchestrator - [DELTA] Processing record #52: 'Hassan Al Thawadi'
2026-05-06 01:11:55,872 - INFO - orchestrator - [DELTA]   AND-query matched main_id=862033. Checking child tables...
2026-05-06 01:11:55,874 - INFO - orchestrator - [DELTA]   'Hassan Al Thawadi' (main_id=862033) — SAME. Added to is_del_list_1.
2026-05-06 01:11:55,874 - INFO - orchestrator - [DELTA] Processing record #53: 'Tamim Bin Hamad Al'
2026-05-06 01:11:55,875 - INFO - orchestrator - [DELTA]   AND-query matched main_id=862034. Checking child tables...
2026-05-06 01:11:55,878 - INFO - orchestrator - [DELTA]   'Tamim Bin Hamad Al' (main_id=862034) — SAME. Added to is_del_list_1.
2026-05-06 01:11:55,878 - INFO - orchestrator - [DELTA] Processing record #54: 'Wissam Al Mana'
2026-05-06 01:11:55,879 - INFO - orchestrator - [DELTA]   AND-query matched main_id=862035. Checking child tables...
2026-05-06 01:11:55,881 - INFO - orchestrator - [DELTA]   'Wissam Al Mana' (main_id=862035) — SAME. Added to is_del_list_1.
2026-05-06 01:11:55,882 - INFO - orchestrator - [DELTA] Processing record #55: 'Abdulla Bin Mohammed Bin Saud Al Thani'
2026-05-06 01:11:55,883 - INFO - orchestrator - [DELTA]   AND-query matched main_id=862036. Checking child tables...
2026-05-06 01:11:55,884 - INFO - orchestrator - [DELTA]   'Abdulla Bin Mohammed Bin Saud Al Thani' (main_id=862036) — SAME. Added to is_del_list_1.
2026-05-06 01:11:55,885 - INFO - orchestrator - [DELTA] Processing record #56: 'Alya Ahmed Saif Al Thani'
2026-05-06 01:11:55,886 - INFO - orchestrator - [DELTA]   AND-query matched main_id=862037. Checking child tables...
2026-05-06 01:11:55,888 - INFO - orchestrator - [DELTA]   'Alya Ahmed Saif Al Thani' (main_id=862037) — SAME. Added to is_del_list_1.
2026-05-06 01:11:55,888 - INFO - orchestrator - [DELTA] Processing record #57: 'Abdullah Bin Hamad Bin Khalifa Al Thani'
2026-05-06 01:11:55,889 - INFO - orchestrator - [DELTA]   AND-query matched main_id=862038. Checking child tables...
2026-05-06 01:11:55,891 - INFO - orchestrator - [DELTA]   'Abdullah Bin Hamad Bin Khalifa Al Thani' (main_id=862038) — SAME. Added to is_del_list_1.
2026-05-06 01:11:55,891 - INFO - orchestrator - [DELTA] Processing record #58: 'Maha Mansour Salman Jassim Al Thani'
2026-05-06 01:11:55,892 - INFO - orchestrator - [DELTA]   AND-query matched main_id=781271. Checking child tables...
2026-05-06 01:11:55,894 - INFO - orchestrator - [DELTA]   'Maha Mansour Salman Jassim Al Thani' (main_id=781271) — SAME. Added to is_del_list_1.
2026-05-06 01:11:55,895 - INFO - orchestrator - [DELTA] Processing record #59: 'Ahmad Bin Eid Al Thani'
2026-05-06 01:11:55,896 - INFO - orchestrator - [DELTA]   AND-query matched main_id=862039. Checking child tables...
2026-05-06 01:11:55,898 - INFO - orchestrator - [DELTA]   'Ahmad Bin Eid Al Thani' (main_id=862039) — SAME. Added to is_del_list_1.
2026-05-06 01:11:55,898 - INFO - orchestrator - [DELTA] Processing record #60: 'Mohammed Bin Abdulrahman Al Thani'
2026-05-06 01:11:55,899 - INFO - orchestrator - [DELTA]   AND-query matched main_id=781272. Checking child tables...
2026-05-06 01:11:55,901 - INFO - orchestrator - [DELTA]   'Mohammed Bin Abdulrahman Al Thani' (main_id=781272) — SAME. Added to is_del_list_1.
2026-05-06 01:11:55,901 - INFO - orchestrator - [DELTA] Processing record #61: 'Ali Bin Saeed Bin Smaikh Al Marri'
2026-05-06 01:11:55,902 - INFO - orchestrator - [DELTA]   AND-query matched main_id=781273. Checking child tables...
2026-05-06 01:11:55,904 - INFO - orchestrator - [DELTA]   'Ali Bin Saeed Bin Smaikh Al Marri' (main_id=781273) — SAME. Added to is_del_list_1.
2026-05-06 01:11:55,904 - INFO - orchestrator - [DELTA] Processing record #62: 'Abdullah Bin Hamad Al Attiyah'
2026-05-06 01:11:55,905 - INFO - orchestrator - [DELTA]   AND-query matched main_id=862040. Checking child tables...
2026-05-06 01:11:55,907 - INFO - orchestrator - [DELTA]   'Abdullah Bin Hamad Al Attiyah' (main_id=862040) — SAME. Added to is_del_list_1.
2026-05-06 01:11:55,908 - INFO - orchestrator - [DELTA] Processing record #63: 'Abdulrahman Bin Hamad Al Attiyah'
2026-05-06 01:11:55,909 - INFO - orchestrator - [DELTA]   AND-query matched main_id=781275. Checking child tables...
2026-05-06 01:11:55,911 - INFO - orchestrator - [DELTA]   'Abdulrahman Bin Hamad Al Attiyah' (main_id=781275) — SAME. Added to is_del_list_1.
2026-05-06 01:11:55,911 - INFO - orchestrator - [DELTA] Processing record #64: 'Abdullah Bin Khalifa Al Thani'
2026-05-06 01:11:55,912 - INFO - orchestrator - [DELTA]   AND-query matched main_id=781276. Checking child tables...
2026-05-06 01:11:55,914 - INFO - orchestrator - [DELTA]   'Abdullah Bin Khalifa Al Thani' (main_id=781276) — SAME. Added to is_del_list_1.
2026-05-06 01:11:55,915 - INFO - orchestrator - [DELTA] Processing record #65: 'Abdullah Bin Khalid Al Thani'
2026-05-06 01:11:55,916 - INFO - orchestrator - [DELTA]   AND-query matched main_id=862041. Checking child tables...
2026-05-06 01:11:55,917 - INFO - orchestrator - [DELTA]   'Abdullah Bin Khalid Al Thani' (main_id=862041) — SAME. Added to is_del_list_1.
2026-05-06 01:11:55,918 - INFO - orchestrator - [DELTA] Processing record #66: 'Abdullah Bin Nasser Bin Khalifa Al Thani'
2026-05-06 01:11:55,919 - INFO - orchestrator - [DELTA]   AND-query matched main_id=781278. Checking child tables...
2026-05-06 01:11:55,921 - INFO - orchestrator - [DELTA]   'Abdullah Bin Nasser Bin Khalifa Al Thani' (main_id=781278) — SAME. Added to is_del_list_1.
2026-05-06 01:11:55,921 - INFO - orchestrator - [DELTA] Processing record #67: 'Salah Bin Ghanim Al Ali'
2026-05-06 01:11:55,922 - INFO - orchestrator - [DELTA]   AND-query matched main_id=781279. Checking child tables...
2026-05-06 01:11:55,924 - INFO - orchestrator - [DELTA]   'Salah Bin Ghanim Al Ali' (main_id=781279) — SAME. Added to is_del_list_1.
2026-05-06 01:11:55,924 - INFO - orchestrator - [DELTA] Processing record #68: 'Nassir Abdulaziz Al Nasser'
2026-05-06 01:11:55,925 - INFO - orchestrator - [DELTA]   AND-query matched main_id=781280. Checking child tables...
2026-05-06 01:11:55,928 - INFO - orchestrator - [DELTA]   'Nassir Abdulaziz Al Nasser' (main_id=781280) — SAME. Added to is_del_list_1.
2026-05-06 01:11:55,928 - INFO - orchestrator - [DELTA] Processing record #69: 'Ali Bin Fetais Al Marri'
2026-05-06 01:11:55,929 - INFO - orchestrator - [DELTA]   AND-query matched main_id=862042. Checking child tables...
2026-05-06 01:11:55,931 - INFO - orchestrator - [DELTA]   'Ali Bin Fetais Al Marri' (main_id=862042) — SAME. Added to is_del_list_1.
2026-05-06 01:11:55,931 - INFO - orchestrator - [DELTA] Processing record #70: 'Hamad Bin Khalifa Al Thani'
2026-05-06 01:11:55,932 - INFO - orchestrator - [DELTA]   AND-query matched main_id=862043. Checking child tables...
2026-05-06 01:11:55,935 - INFO - orchestrator - [DELTA]   'Hamad Bin Khalifa Al Thani' (main_id=862043) — SAME. Added to is_del_list_1.
2026-05-06 01:11:55,935 - INFO - orchestrator - [DELTA] Processing record #71: 'Hessa Al Jaber'
2026-05-06 01:11:55,936 - INFO - orchestrator - [DELTA]   AND-query matched main_id=862044. Checking child tables...
2026-05-06 01:11:55,938 - INFO - orchestrator - [DELTA]   'Hessa Al Jaber' (main_id=862044) — SAME. Added to is_del_list_1.
2026-05-06 01:11:55,938 - INFO - orchestrator - [DELTA] Processing record #72: 'Hamad Bin Jassim Bin Jaber Al Thani'
2026-05-06 01:11:55,940 - INFO - orchestrator - [DELTA]   AND-query matched main_id=781283. Checking child tables...
2026-05-06 01:11:55,942 - INFO - orchestrator - [DELTA]   'Hamad Bin Jassim Bin Jaber Al Thani' (main_id=781283) — SAME. Added to is_del_list_1.
2026-05-06 01:11:55,942 - INFO - orchestrator - [DELTA] Processing record #73: 'Jassim Bin Saif Al Sulaiti'
2026-05-06 01:11:55,943 - INFO - orchestrator - [DELTA]   AND-query matched main_id=781284. Checking child tables...
2026-05-06 01:11:55,945 - INFO - orchestrator - [DELTA]   'Jassim Bin Saif Al Sulaiti' (main_id=781284) — SAME. Added to is_del_list_1.
2026-05-06 01:11:55,945 - INFO - orchestrator - [DELTA] Processing record #74: 'Prince Jassim Bin Hamad Of Qatar'
2026-05-06 01:11:55,946 - INFO - orchestrator - [DELTA]   AND-query matched main_id=862045. Checking child tables...
2026-05-06 01:11:55,948 - INFO - orchestrator - [DELTA]   'Prince Jassim Bin Hamad Of Qatar' (main_id=862045) — SAME. Added to is_del_list_1.
2026-05-06 01:11:55,948 - INFO - orchestrator - [DELTA] Processing record #75: 'Ali Al Qaradaghi'
2026-05-06 01:11:55,949 - INFO - orchestrator - [DELTA]   AND-query matched main_id=862046. Checking child tables...
2026-05-06 01:11:55,951 - INFO - orchestrator - [DELTA]   'Ali Al Qaradaghi' (main_id=862046) — SAME. Added to is_del_list_1.
2026-05-06 01:11:55,951 - INFO - orchestrator - [DELTA] Processing record #76: 'Mohammed Saleh Al Sada'
2026-05-06 01:11:55,952 - INFO - orchestrator - [DELTA]   AND-query matched main_id=862047. Checking child tables...
2026-05-06 01:11:55,954 - INFO - orchestrator - [DELTA]   'Mohammed Saleh Al Sada' (main_id=862047) — SAME. Added to is_del_list_1.
2026-05-06 01:11:55,954 - INFO - orchestrator - [DELTA] Processing record #77: 'Sheikha Yousuf Hasan Al Jufairi'
2026-05-06 01:11:55,955 - INFO - orchestrator - [DELTA]   AND-query matched main_id=862048. Checking child tables...
2026-05-06 01:11:55,957 - INFO - orchestrator - [DELTA]   'Sheikha Yousuf Hasan Al Jufairi' (main_id=862048) — SAME. Added to is_del_list_1.
2026-05-06 01:11:55,957 - INFO - orchestrator - [DELTA] Processing record #78: 'Khalid Bin Khalifa Bin Abdul Aziz Al Thani'
2026-05-06 01:11:55,958 - INFO - orchestrator - [DELTA]   AND-query matched main_id=781289. Checking child tables...
2026-05-06 01:11:55,961 - INFO - orchestrator - [DELTA]   'Khalid Bin Khalifa Bin Abdul Aziz Al Thani' (main_id=781289) — SAME. Added to is_del_list_1.
2026-05-06 01:11:55,961 - INFO - orchestrator - [DELTA] Processing record #79: 'Ahmed Abdulla Kh H Al Thani'
2026-05-06 01:11:55,962 - INFO - orchestrator - [DELTA]   AND-query matched main_id=862049. Checking child tables...
2026-05-06 01:11:55,964 - INFO - orchestrator - [DELTA]   'Ahmed Abdulla Kh H Al Thani' (main_id=862049) — SAME. Added to is_del_list_1.
2026-05-06 01:11:55,964 - INFO - orchestrator - [DELTA] Processing record #80: 'Lolwah Al Khater'
2026-05-06 01:11:55,965 - INFO - orchestrator - [DELTA]   AND-query matched main_id=781291. Checking child tables...
2026-05-06 01:11:55,967 - INFO - orchestrator - [DELTA]   'Lolwah Al Khater' (main_id=781291) — SAME. Added to is_del_list_1.
2026-05-06 01:11:55,967 - INFO - orchestrator - [DELTA] Processing record #81: 'Ahmad bin Abdullah Al Mahmoud'
2026-05-06 01:11:55,968 - INFO - orchestrator - [DELTA]   AND-query matched main_id=781313. Checking child tables...
2026-05-06 01:11:55,970 - INFO - orchestrator - [DELTA]   'Ahmad bin Abdullah Al Mahmoud' (main_id=781313) — SAME. Added to is_del_list_1.
2026-05-06 01:11:55,970 - INFO - orchestrator - [DELTA] Processing record #82: 'Hamad bin Khalifa Al Thani'
2026-05-06 01:11:55,971 - INFO - orchestrator - [DELTA]   AND-query matched main_id=781315. Checking child tables...
2026-05-06 01:11:55,973 - INFO - orchestrator - [DELTA]   'Hamad bin Khalifa Al Thani' (main_id=781315) — SAME. Added to is_del_list_1.
2026-05-06 01:11:55,973 - INFO - orchestrator - [DELTA] Processing record #83: 'Abdullah bin Hamad bin Khalifa Al Thani'
2026-05-06 01:11:55,975 - INFO - orchestrator - [DELTA]   AND-query matched main_id=781296. Checking child tables...
2026-05-06 01:11:55,976 - INFO - orchestrator - [DELTA]   'Abdullah bin Hamad bin Khalifa Al Thani' (main_id=781296) — SAME. Added to is_del_list_1.
2026-05-06 01:11:55,977 - INFO - orchestrator - [DELTA] Processing record #84: 'Khalifa bin Hamad bin Khalifa Al Thani'
2026-05-06 01:11:55,978 - INFO - orchestrator - [DELTA]   AND-query matched main_id=781314. Checking child tables...
2026-05-06 01:11:55,979 - INFO - orchestrator - [DELTA]   'Khalifa bin Hamad bin Khalifa Al Thani' (main_id=781314) — SAME. Added to is_del_list_1.
2026-05-06 01:11:55,980 - INFO - orchestrator - [DELTA] Processing record #85: 'Maha bint Hamad bin Khalifa Al Thani'
2026-05-06 01:11:55,981 - INFO - orchestrator - [DELTA]   AND-query matched main_id=781298. Checking child tables...
2026-05-06 01:11:55,982 - INFO - orchestrator - [DELTA]   'Maha bint Hamad bin Khalifa Al Thani' (main_id=781298) — SAME. Added to is_del_list_1.
2026-05-06 01:11:55,983 - INFO - orchestrator - [DELTA] Processing record #86: 'Mishaal bin Hamad bin Khalifa Al Thani'
2026-05-06 01:11:55,984 - INFO - orchestrator - [DELTA]   AND-query matched main_id=781299. Checking child tables...
2026-05-06 01:11:55,985 - INFO - orchestrator - [DELTA]   'Mishaal bin Hamad bin Khalifa Al Thani' (main_id=781299) — SAME. Added to is_del_list_1.
2026-05-06 01:11:55,986 - INFO - orchestrator - [DELTA] Processing record #87: 'Mohammed bin Hamad bin Khalifa Al Thani'
2026-05-06 01:11:55,987 - INFO - orchestrator - [DELTA]   AND-query matched main_id=781300. Checking child tables...
2026-05-06 01:11:55,988 - INFO - orchestrator - [DELTA]   'Mohammed bin Hamad bin Khalifa Al Thani' (main_id=781300) — SAME. Added to is_del_list_1.
2026-05-06 01:11:55,989 - INFO - orchestrator - [DELTA] Processing record #88: 'Prince Jassim bin Hamad of Qatar'
2026-05-06 01:11:55,990 - INFO - orchestrator - [DELTA]   AND-query matched main_id=781301. Checking child tables...
2026-05-06 01:11:55,992 - INFO - orchestrator - [DELTA]   'Prince Jassim bin Hamad of Qatar' (main_id=781301) — SAME. Added to is_del_list_1.
2026-05-06 01:11:55,992 - INFO - orchestrator - [DELTA] Processing record #89: 'Prince Joaan bin Hamad of Qatar'
2026-05-06 01:11:55,993 - INFO - orchestrator - [DELTA]   AND-query matched main_id=781302. Checking child tables...
2026-05-06 01:11:55,995 - INFO - orchestrator - [DELTA]   'Prince Joaan bin Hamad of Qatar' (main_id=781302) — SAME. Added to is_del_list_1.
2026-05-06 01:11:55,995 - INFO - orchestrator - [DELTA] Processing record #90: 'Prince Khalifa bin Hamad of Qatar'
2026-05-06 01:11:55,996 - INFO - orchestrator - [DELTA]   AND-query matched main_id=781303. Checking child tables...
2026-05-06 01:11:55,998 - INFO - orchestrator - [DELTA]   'Prince Khalifa bin Hamad of Qatar' (main_id=781303) — SAME. Added to is_del_list_1.
2026-05-06 01:11:55,998 - INFO - orchestrator - [DELTA] Processing record #91: 'Princess Al Mayassa bint Hamad of Qatar'
2026-05-06 01:11:55,999 - INFO - orchestrator - [DELTA]   AND-query matched main_id=781304. Checking child tables...
2026-05-06 01:11:56,001 - INFO - orchestrator - [DELTA]   'Princess Al Mayassa bint Hamad of Qatar' (main_id=781304) — SAME. Added to is_del_list_1.
2026-05-06 01:11:56,002 - INFO - orchestrator - [DELTA] Processing record #92: 'Princess Hind bint Hamad of Qatar'
2026-05-06 01:11:56,003 - INFO - orchestrator - [DELTA]   AND-query matched main_id=781305. Checking child tables...
2026-05-06 01:11:56,005 - INFO - orchestrator - [DELTA]   'Princess Hind bint Hamad of Qatar' (main_id=781305) — SAME. Added to is_del_list_1.
2026-05-06 01:11:56,005 - INFO - orchestrator - [DELTA] Processing record #93: 'Thani bin Hamad Al Thani'
2026-05-06 01:11:56,006 - INFO - orchestrator - [DELTA]   AND-query matched main_id=781307. Checking child tables...
2026-05-06 01:11:56,008 - INFO - orchestrator - [DELTA]   'Thani bin Hamad Al Thani' (main_id=781307) — SAME. Added to is_del_list_1.
2026-05-06 01:11:56,009 - INFO - orchestrator - [DELTA] Processing record #94: 'Tamim bin Hamad Al'
2026-05-06 01:11:56,010 - INFO - orchestrator - [DELTA]   AND-query matched main_id=781306. Checking child tables...
2026-05-06 01:11:56,012 - INFO - orchestrator - [DELTA]   'Tamim bin Hamad Al' (main_id=781306) — SAME. Added to is_del_list_1.
2026-05-06 01:11:56,012 - INFO - orchestrator - [DELTA] Processing record #95: 'Abdelaziz bin Khalifa Al Thani'
2026-05-06 01:11:56,013 - INFO - orchestrator - [DELTA]   AND-query matched main_id=781316. Checking child tables...
2026-05-06 01:11:56,015 - INFO - orchestrator - [DELTA]   'Abdelaziz bin Khalifa Al Thani' (main_id=781316) — SAME. Added to is_del_list_1.
2026-05-06 01:11:56,015 - INFO - orchestrator - [DELTA] Processing record #96: 'Abdullah bin Khalifa Al Thani'
2026-05-06 01:11:56,016 - INFO - orchestrator - [DELTA]   AND-query matched main_id=781317. Checking child tables...
2026-05-06 01:11:56,019 - INFO - orchestrator - [DELTA]   'Abdullah bin Khalifa Al Thani' (main_id=781317) — SAME. Added to is_del_list_1.
2026-05-06 01:11:56,019 - INFO - orchestrator - [DELTA] Processing record #97: 'Mohammed bin Khalifa Al Thani'
2026-05-06 01:11:56,020 - INFO - orchestrator - [DELTA]   AND-query matched main_id=862050. Checking child tables...
2026-05-06 01:11:56,022 - INFO - orchestrator - [DELTA]   'Mohammed bin Khalifa Al Thani' (main_id=862050) — SAME. Added to is_del_list_1.
2026-05-06 01:11:56,023 - INFO - orchestrator - [DELTA] Processing record #98: 'Al Anoud bint Mana Al Hajri'
2026-05-06 01:11:56,024 - INFO - orchestrator - [DELTA]   AND-query matched main_id=781293. Checking child tables...
2026-05-06 01:11:56,027 - INFO - orchestrator - [DELTA]   'Al Anoud bint Mana Al Hajri' (main_id=781293) — SAME. Added to is_del_list_1.
2026-05-06 01:11:56,027 - INFO - orchestrator - [DELTA] Processing record #99: 'Jawaher bint Hamad Al Thani'
2026-05-06 01:11:56,028 - INFO - orchestrator - [DELTA]   AND-query matched main_id=781319. Checking child tables...
2026-05-06 01:11:56,030 - INFO - orchestrator - [DELTA]   'Jawaher bint Hamad Al Thani' (main_id=781319) — SAME. Added to is_del_list_1.
2026-05-06 01:11:56,031 - INFO - orchestrator - [DELTA] Processing record #100: 'Noora bint Hathal Al Dosari'
2026-05-06 01:11:56,032 - INFO - orchestrator - [DELTA]   AND-query matched main_id=781320. Checking child tables...
2026-05-06 01:11:56,033 - INFO - orchestrator - [DELTA]   'Noora bint Hathal Al Dosari' (main_id=781320) — SAME. Added to is_del_list_1.
2026-05-06 01:11:56,034 - INFO - orchestrator - [DELTA] Processing record #101: 'Janet Jackson'
2026-05-06 01:11:56,035 - INFO - orchestrator - [DELTA]   AND-query matched main_id=781321. Checking child tables...
2026-05-06 01:11:56,036 - INFO - orchestrator - [DELTA]   'Janet Jackson' (main_id=781321) — SAME. Added to is_del_list_1.
2026-05-06 01:11:56,036 - INFO - orchestrator - [DELTA] Processing record #102: 'Lolwa bint Jassim bin Hamad'
2026-05-06 01:11:56,038 - INFO - orchestrator - [DELTA]   AND-query matched main_id=781322. Checking child tables...
2026-05-06 01:11:56,039 - INFO - orchestrator - [DELTA]   'Lolwa bint Jassim bin Hamad' (main_id=781322) — SAME. Added to is_del_list_1.
2026-05-06 01:11:56,040 - INFO - orchestrator - [DELTA] Processing record #103: 'Moza bint Nasser Al Missned'
2026-05-06 01:11:56,041 - INFO - orchestrator - [DELTA]   AND-query matched main_id=781318. Checking child tables...
2026-05-06 01:11:56,042 - INFO - orchestrator - [DELTA]   'Moza bint Nasser Al Missned' (main_id=781318) — SAME. Added to is_del_list_1.
2026-05-06 01:11:56,043 - INFO - orchestrator - [DELTA] Processing record #104: 'Buthaina bint Hamad Al Thani'
2026-05-06 01:11:56,044 - INFO - orchestrator - [DELTA]   AND-query matched main_id=781323. Checking child tables...
2026-05-06 01:11:56,045 - INFO - orchestrator - [DELTA]   'Buthaina bint Hamad Al Thani' (main_id=781323) — SAME. Added to is_del_list_1.
2026-05-06 01:11:56,046 - INFO - orchestrator - [DELTA] Processing record #105: 'Hamad bin Suhaim Al Thani'
2026-05-06 01:11:56,047 - INFO - orchestrator - [DELTA]   AND-query matched main_id=781308. Checking child tables...
2026-05-06 01:11:56,048 - INFO - orchestrator - [DELTA]   'Hamad bin Suhaim Al Thani' (main_id=781308) — SAME. Added to is_del_list_1.
2026-05-06 01:11:56,049 - INFO - orchestrator - [DELTA] Processing record #106: 'Khalifa bin Hamad Al Thani'
2026-05-06 01:11:56,050 - INFO - orchestrator - [DELTA]   AND-query matched main_id=781309. Checking child tables...
2026-05-06 01:11:56,051 - INFO - orchestrator - [DELTA]   'Khalifa bin Hamad Al Thani' (main_id=781309) — SAME. Added to is_del_list_1.
2026-05-06 01:11:56,052 - INFO - orchestrator - [DELTA] Processing record #107: 'Hamad bin Jassim bin Jaber Al Thani'
2026-05-06 01:11:56,053 - INFO - orchestrator - [DELTA]   AND-query matched main_id=781310. Checking child tables...
2026-05-06 01:11:56,054 - INFO - orchestrator - [DELTA]   'Hamad bin Jassim bin Jaber Al Thani' (main_id=781310) — SAME. Added to is_del_list_1.
2026-05-06 01:11:56,054 - INFO - orchestrator - [DELTA] Processing record #108: 'Hamad Bin Khalifa Bin Ahmed Al Thani'
2026-05-06 01:11:56,055 - INFO - orchestrator - [DELTA]   AND-query matched main_id=781311. Checking child tables...
2026-05-06 01:11:56,057 - INFO - orchestrator - [DELTA]   'Hamad Bin Khalifa Bin Ahmed Al Thani' (main_id=781311) — SAME. Added to is_del_list_1.
2026-05-06 01:11:56,057 - INFO - orchestrator - [DELTA] Processing record #109: 'Suhaim bin Hamad Al Thani'
2026-05-06 01:11:56,059 - INFO - orchestrator - [DELTA]   AND-query matched main_id=781312. Checking child tables...
2026-05-06 01:11:56,060 - INFO - orchestrator - [DELTA]   'Suhaim bin Hamad Al Thani' (main_id=781312) — SAME. Added to is_del_list_1.
2026-05-06 01:11:56,061 - INFO - orchestrator - [DELTA] Processing record #110: 'Abdulhadi Mana Abdulhadi Al Shawani Al Hajri'
2026-05-06 01:11:56,062 - INFO - orchestrator - [DELTA]   AND-query matched main_id=781292. Checking child tables...
2026-05-06 01:11:56,063 - INFO - orchestrator - [DELTA]   'Abdulhadi Mana Abdulhadi Al Shawani Al Hajri' (main_id=781292) — SAME. Added to is_del_list_1.
2026-05-06 01:11:56,063 - INFO - orchestrator - [DELTA] Processing record #111: 'Eissa Al Mana'
2026-05-06 01:11:56,064 - INFO - orchestrator - [DELTA]   AND-query matched main_id=781294. Checking child tables...
2026-05-06 01:11:56,066 - INFO - orchestrator - [DELTA]   'Eissa Al Mana' (main_id=781294) — SAME. Added to is_del_list_1.
2026-05-06 01:11:56,066 - INFO - orchestrator - [DELTA] Processing record #112: 'Ahmed Abdulla KH H Al Thani'
2026-05-06 01:11:56,067 - INFO - orchestrator - [DELTA]   AND-query matched main_id=781295. Checking child tables...
2026-05-06 01:11:56,069 - INFO - orchestrator - [DELTA]   'Ahmed Abdulla KH H Al Thani' (main_id=781295) — SAME. Added to is_del_list_1.
2026-05-06 01:11:56,069 - INFO - orchestrator - [DELTA] Processing record #113: 'Khalid bin Hamad Al Thani'
2026-05-06 01:11:56,070 - INFO - orchestrator - [DELTA]   AND-query matched main_id=781297. Checking child tables...
2026-05-06 01:11:56,072 - INFO - orchestrator - [DELTA]   'Khalid bin Hamad Al Thani' (main_id=781297) — SAME. Added to is_del_list_1.
2026-05-06 01:12:28,821 - INFO - orchestrator - Delta: 0 new records in 72.9s
2026-05-06 01:12:28,821 - INFO - orchestrator - No new records for qa_gen — DB is up to date
2026-05-06 14:29:40,629 - ERROR - orchestrator - No safe file found in raw_data/netherland/
2026-05-06 14:30:48,856 - ERROR - orchestrator - No safe file found in raw_data/netherlands/
2026-05-06 14:32:09,289 - ERROR - orchestrator - No safe file found in raw_data/netherlands/
2026-05-06 14:43:05,288 - INFO - orchestrator - ============================================================
2026-05-06 14:43:05,288 - INFO - orchestrator - country=Netherlands | tag=kg_nl_gen | file=pep_netherlands_living_relevant_20260506_094303.xlsx
2026-05-06 14:43:05,288 - INFO - orchestrator - ============================================================
2026-05-06 14:43:50,270 - INFO - orchestrator - [DELTA] Processing record #0: 'Henri Van Eeghen'
2026-05-06 14:43:50,271 - ERROR - orchestrator - delta_code failed: 1054 (42S22): Unknown column 'nan' in 'where clause'
Traceback (most recent call last):
  File "/home/idenfo-ns-hassam/miniconda3/envs/idenfo-struct-scrape/lib/python3.12/site-packages/mysql/connector/connection_cext.py", line 705, in cmd_query
    self._cmysql.query(
_mysql_connector.MySQLInterfaceError: Unknown column 'nan' in 'where clause'

The above exception was the direct cause of the following exception:

Traceback (most recent call last):
  File "/home/idenfo-ns-hassam/Wikidata Delta/orchestrator.py", line 336, in run_delta_for_country
    new_df = delta_code(df, cursor, cnx, logger)
             ^^^^^^^^^^^^^^^^^^^^^^^^^^^^^^^^^^^
  File "/home/idenfo-ns-hassam/Wikidata Delta/delta_script.py", line 62, in delta_code
    cursor.execute(query_check, values_check)
  File "/home/idenfo-ns-hassam/miniconda3/envs/idenfo-struct-scrape/lib/python3.12/site-packages/mysql/connector/cursor_cext.py", line 357, in execute
    result = self._connection.cmd_query(
             ^^^^^^^^^^^^^^^^^^^^^^^^^^^
  File "/home/idenfo-ns-hassam/miniconda3/envs/idenfo-struct-scrape/lib/python3.12/site-packages/mysql/connector/opentelemetry/context_propagation.py", line 97, in wrapper
    return method(cnx, *args, **kwargs)
           ^^^^^^^^^^^^^^^^^^^^^^^^^^^^
  File "/home/idenfo-ns-hassam/miniconda3/envs/idenfo-struct-scrape/lib/python3.12/site-packages/mysql/connector/connection_cext.py", line 713, in cmd_query
    raise get_mysql_exception(
mysql.connector.errors.ProgrammingError: 1054 (42S22): Unknown column 'nan' in 'where clause'
2026-05-06 15:09:34,521 - INFO - orchestrator - ============================================================
2026-05-06 15:09:34,521 - INFO - orchestrator - country=Netherlands | tag=kg_nl_gen | file=pep_netherlands_living_relevant_20260506_100932.xlsx
2026-05-06 15:09:34,521 - INFO - orchestrator - ============================================================
2026-05-06 15:09:39,699 - INFO - orchestrator - [DELTA] Processing record #0: 'Henri Van Eeghen'
2026-05-06 15:09:39,701 - INFO - orchestrator - [DELTA]   No existing record found by name+scraper_tag — treating as BRAND NEW.
2026-05-06 15:09:41,284 - INFO - orchestrator - [DELTA]   'Henri Van Eeghen' — No match at all (truly new record). Added to new_df.
2026-05-06 15:09:41,285 - INFO - orchestrator - [DELTA] Processing record #1: 'Igor Alberts'
2026-05-06 15:09:41,293 - INFO - orchestrator - [DELTA]   No existing record found by name+scraper_tag — treating as BRAND NEW.
2026-05-06 15:09:42,879 - INFO - orchestrator - [DELTA]   'Igor Alberts' — No match at all (truly new record). Added to new_df.
2026-05-06 15:09:42,880 - INFO - orchestrator - [DELTA] Processing record #2: 'Bing Voorham'
2026-05-06 15:09:42,887 - INFO - orchestrator - [DELTA]   No existing record found by name+scraper_tag — treating as BRAND NEW.
2026-05-06 15:09:44,455 - INFO - orchestrator - [DELTA]   'Bing Voorham' — No match at all (truly new record). Added to new_df.
2026-05-06 15:09:44,456 - INFO - orchestrator - [DELTA] Processing record #3: 'Roald Mailly'
2026-05-06 15:09:44,463 - INFO - orchestrator - [DELTA]   No existing record found by name+scraper_tag — treating as BRAND NEW.
2026-05-06 15:09:46,465 - INFO - orchestrator - [DELTA]   'Roald Mailly' — No match at all (truly new record). Added to new_df.
2026-05-06 15:09:46,466 - INFO - orchestrator - [DELTA] Processing record #4: 'Marisa Honing'
2026-05-06 15:09:46,474 - INFO - orchestrator - [DELTA]   No existing record found by name+scraper_tag — treating as BRAND NEW.
2026-05-06 15:09:48,067 - INFO - orchestrator - [DELTA]   'Marisa Honing' — No match at all (truly new record). Added to new_df.
2026-05-06 15:09:48,068 - INFO - orchestrator - [DELTA] Processing record #5: 'Pieternel Rol'
2026-05-06 15:09:48,075 - INFO - orchestrator - [DELTA]   No existing record found by name+scraper_tag — treating as BRAND NEW.
2026-05-06 15:09:49,965 - INFO - orchestrator - [DELTA]   'Pieternel Rol' — No match at all (truly new record). Added to new_df.
2026-05-06 15:09:49,966 - INFO - orchestrator - [DELTA] Processing record #6: 'Kees Van Der Hoever'
2026-05-06 15:09:49,976 - INFO - orchestrator - [DELTA]   No existing record found by name+scraper_tag — treating as BRAND NEW.
2026-05-06 15:09:51,838 - INFO - orchestrator - [DELTA]   'Kees Van Der Hoever' — No match at all (truly new record). Added to new_df.
2026-05-06 15:09:51,840 - INFO - orchestrator - [DELTA] Processing record #7: 'Gijs Coppens'
2026-05-06 15:09:51,847 - INFO - orchestrator - [DELTA]   No existing record found by name+scraper_tag — treating as BRAND NEW.
2026-05-06 15:09:53,614 - INFO - orchestrator - [DELTA]   'Gijs Coppens' — No match at all (truly new record). Added to new_df.
2026-05-06 15:09:53,615 - INFO - orchestrator - [DELTA] Processing record #8: 'C Timmer'
2026-05-06 15:09:53,622 - INFO - orchestrator - [DELTA]   No existing record found by name+scraper_tag — treating as BRAND NEW.
2026-05-06 15:09:55,346 - INFO - orchestrator - [DELTA]   'C Timmer' — No match at all (truly new record). Added to new_df.
2026-05-06 15:09:55,347 - INFO - orchestrator - [DELTA] Processing record #9: 'Esra Lemmens'
2026-05-06 15:09:55,354 - INFO - orchestrator - [DELTA]   No existing record found by name+scraper_tag — treating as BRAND NEW.
2026-05-06 15:09:57,140 - INFO - orchestrator - [DELTA]   'Esra Lemmens' — No match at all (truly new record). Added to new_df.
2026-05-06 15:09:57,141 - INFO - orchestrator - [DELTA] Processing record #10: 'Marjan Crabtree'
2026-05-06 15:09:57,148 - INFO - orchestrator - [DELTA]   No existing record found by name+scraper_tag — treating as BRAND NEW.
2026-05-06 15:09:59,063 - INFO - orchestrator - [DELTA]   'Marjan Crabtree' — No match at all (truly new record). Added to new_df.
2026-05-06 15:09:59,064 - INFO - orchestrator - [DELTA] Processing record #11: 'Thijs De La Court'
2026-05-06 15:09:59,071 - INFO - orchestrator - [DELTA]   No existing record found by name+scraper_tag — treating as BRAND NEW.
2026-05-06 15:10:00,851 - INFO - orchestrator - [DELTA]   'Thijs De La Court' — No match at all (truly new record). Added to new_df.
2026-05-06 15:10:32,848 - INFO - orchestrator - No Existing Record Found
2026-05-06 15:10:32,907 - INFO - orchestrator - Delta: 12 new records in 55.6s
2026-05-06 15:10:32,913 - ERROR - orchestrator - Insertion failed for kg_nl_gen: 'NoneType' object is not subscriptable
Traceback (most recent call last):
  File "/home/idenfo-ns-hassam/Wikidata Delta/orchestrator.py", line 366, in run_delta_for_country
    cleaned_df = new_df_cleaner(new_df, cursor, cnx)
                ^^^^^^^^^^^^^^^^^^^^^^^^^^^^^^^^^^^
  File "/home/idenfo-ns-hassam/Wikidata Delta/new_df_cleaner.py", line 13, in new_df_cleaner
    part_before_last_hyphen = cursor.fetchone()[0]
                              ~~~~~~~~~~~~~~~~~^^^
TypeError: 'NoneType' object is not subscriptable
