2026-04-29 18:08:37,458 - INFO - orchestrator - ============================================================
2026-04-29 18:08:37,459 - INFO - orchestrator - country=oman | tag=om_gen | file=pep_oman_living_relevant_20260429_095343.xlsx
2026-04-29 18:08:37,459 - INFO - orchestrator - ============================================================
2026-04-29 18:09:24,917 - INFO - orchestrator - [DELTA] Processing record #0: 'Shakour Bint Mohammed Al Ghamari'
2026-04-29 18:09:24,922 - INFO - orchestrator - [DELTA]   AND-query matched main_id=862471. Checking child tables...
2026-04-29 18:09:24,936 - INFO - orchestrator - [DELTA]   'Shakour Bint Mohammed Al Ghamari' (main_id=862471) — UNCHANGED. Added to is_del_list_1.
2026-04-29 18:09:24,937 - INFO - orchestrator - [DELTA] Processing record #1: 'Taiba Al Mawali'
2026-04-29 18:09:24,942 - INFO - orchestrator - [DELTA]   AND-query matched main_id=862472. Checking child tables...
2026-04-29 18:09:24,949 - INFO - orchestrator - [DELTA]   'Taiba Al Mawali' (main_id=862472) — UNCHANGED. Added to is_del_list_1.
2026-04-29 18:09:24,950 - INFO - orchestrator - [DELTA] Processing record #2: 'Lujaina Mohsin Darwish'
2026-04-29 18:09:24,955 - INFO - orchestrator - [DELTA]   AND-query matched main_id=862473. Checking child tables...
2026-04-29 18:09:24,962 - INFO - orchestrator - [DELTA]   'Lujaina Mohsin Darwish' (main_id=862473) — UNCHANGED. Added to is_del_list_1.
2026-04-29 18:09:24,963 - INFO - orchestrator - [DELTA] Processing record #3: 'Areej Mohsin Haider Darwish'
2026-04-29 18:09:24,969 - INFO - orchestrator - [DELTA]   AND-query matched main_id=862474. Checking child tables...
2026-04-29 18:09:24,975 - INFO - orchestrator - [DELTA]   'Areej Mohsin Haider Darwish' (main_id=862474) — UNCHANGED. Added to is_del_list_1.
2026-04-29 18:09:24,975 - INFO - orchestrator - [DELTA] Processing record #4: 'Amal Bahwan'
2026-04-29 18:09:24,979 - INFO - orchestrator - [DELTA]   AND-query matched main_id=862475. Checking child tables...
2026-04-29 18:09:24,984 - INFO - orchestrator - [DELTA]   'Amal Bahwan' (main_id=862475) — UNCHANGED. Added to is_del_list_1.
2026-04-29 18:09:24,985 - INFO - orchestrator - [DELTA] Processing record #5: 'Amer Awadh Rawas'
2026-04-29 18:09:24,988 - INFO - orchestrator - [DELTA]   AND-query matched main_id=862476. Checking child tables...
2026-04-29 18:09:24,993 - INFO - orchestrator - [DELTA]   'Amer Awadh Rawas' (main_id=862476) — UNCHANGED. Added to is_del_list_1.
2026-04-29 18:09:24,995 - INFO - orchestrator - [DELTA] Processing record #6: 'Azza Al Ismaili'
2026-04-29 18:09:25,002 - INFO - orchestrator - [DELTA]   AND-query matched main_id=862477. Checking child tables...
2026-04-29 18:09:25,008 - INFO - orchestrator - [DELTA]   'Azza Al Ismaili' (main_id=862477) — UNCHANGED. Added to is_del_list_1.
2026-04-29 18:09:25,009 - INFO - orchestrator - [DELTA] Processing record #7: 'Nashiah Bint Saud Al Kharousiyah'
2026-04-29 18:09:25,015 - INFO - orchestrator - [DELTA]   AND-query matched main_id=862478. Checking child tables...
2026-04-29 18:09:25,020 - INFO - orchestrator - [DELTA]   'Nashiah Bint Saud Al Kharousiyah' (main_id=862478) — UNCHANGED. Added to is_del_list_1.
2026-04-29 18:09:25,021 - INFO - orchestrator - [DELTA] Processing record #8: 'Laila Bint Ahmed Bin Awad Al Najjar'
2026-04-29 18:09:25,026 - INFO - orchestrator - [DELTA]   AND-query matched main_id=862479. Checking child tables...
2026-04-29 18:09:25,032 - INFO - orchestrator - [DELTA]   'Laila Bint Ahmed Bin Awad Al Najjar' (main_id=862479) — UNCHANGED. Added to is_del_list_1.
2026-04-29 18:09:25,033 - INFO - orchestrator - [DELTA] Processing record #9: 'Fatma Bahwan'
2026-04-29 18:09:25,036 - INFO - orchestrator - [DELTA]   AND-query matched main_id=862480. Checking child tables...
2026-04-29 18:09:25,041 - INFO - orchestrator - [DELTA]   'Fatma Bahwan' (main_id=862480) — UNCHANGED. Added to is_del_list_1.
2026-04-29 18:09:25,042 - INFO - orchestrator - [DELTA] Processing record #10: 'Hind Bahwan'
2026-04-29 18:09:25,045 - INFO - orchestrator - [DELTA]   AND-query matched main_id=862481. Checking child tables...
2026-04-29 18:09:25,052 - INFO - orchestrator - [DELTA]   'Hind Bahwan' (main_id=862481) — UNCHANGED. Added to is_del_list_1.
2026-04-29 18:09:25,054 - INFO - orchestrator - [DELTA] Processing record #11: 'Haifa Al Khaifi'
2026-04-29 18:09:25,059 - INFO - orchestrator - [DELTA]   AND-query matched main_id=862482. Checking child tables...
2026-04-29 18:09:25,067 - INFO - orchestrator - [DELTA]   'Haifa Al Khaifi' (main_id=862482) — UNCHANGED. Added to is_del_list_1.
2026-04-29 18:09:25,068 - INFO - orchestrator - [DELTA] Processing record #12: 'Rawan Bint Ahmed Al Said'
2026-04-29 18:09:25,074 - INFO - orchestrator - [DELTA]   AND-query matched main_id=862483. Checking child tables...
2026-04-29 18:09:25,080 - INFO - orchestrator - [DELTA]   'Rawan Bint Ahmed Al Said' (main_id=862483) — UNCHANGED. Added to is_del_list_1.
2026-04-29 18:09:25,081 - INFO - orchestrator - [DELTA] Processing record #13: 'Huda Al Lawati'
2026-04-29 18:09:25,085 - INFO - orchestrator - [DELTA]   AND-query matched main_id=862484. Checking child tables...
2026-04-29 18:09:25,090 - INFO - orchestrator - [DELTA]   'Huda Al Lawati' (main_id=862484) — UNCHANGED. Added to is_del_list_1.
2026-04-29 18:09:25,091 - INFO - orchestrator - [DELTA] Processing record #14: 'Devaki Khimji'
2026-04-29 18:09:25,096 - INFO - orchestrator - [DELTA]   AND-query matched main_id=862485. Checking child tables...
2026-04-29 18:09:25,101 - INFO - orchestrator - [DELTA]   'Devaki Khimji' (main_id=862485) — UNCHANGED. Added to is_del_list_1.
2026-04-29 18:09:25,101 - INFO - orchestrator - [DELTA] Processing record #15: 'Arfah Bin Frijoon Bait Sameer'
2026-04-29 18:09:25,105 - INFO - orchestrator - [DELTA]   AND-query matched main_id=862486. Checking child tables...
2026-04-29 18:09:25,115 - INFO - orchestrator - [DELTA]   'Arfah Bin Frijoon Bait Sameer' (main_id=862486) — UNCHANGED. Added to is_del_list_1.
2026-04-29 18:09:25,115 - INFO - orchestrator - [DELTA] Processing record #16: 'Rahma Bint Ibrahim Al Mahrooqi'
2026-04-29 18:09:25,120 - INFO - orchestrator - [DELTA]   AND-query matched main_id=862487. Checking child tables...
2026-04-29 18:09:25,128 - INFO - orchestrator - [DELTA]   'Rahma Bint Ibrahim Al Mahrooqi' (main_id=862487) — UNCHANGED. Added to is_del_list_1.
2026-04-29 18:09:25,129 - INFO - orchestrator - [DELTA] Processing record #17: 'Qais Mohammed Al Yousef'
2026-04-29 18:09:25,134 - INFO - orchestrator - [DELTA]   AND-query matched main_id=862488. Checking child tables...
2026-04-29 18:09:25,140 - INFO - orchestrator - [DELTA]   'Qais Mohammed Al Yousef' (main_id=862488) — UNCHANGED. Added to is_del_list_1.
2026-04-29 18:09:25,141 - INFO - orchestrator - [DELTA] Processing record #18: 'Salim Bin Nasir Bin Said Al Aufi'
2026-04-29 18:09:25,145 - INFO - orchestrator - [DELTA]   AND-query matched main_id=862489. Checking child tables...
2026-04-29 18:09:25,150 - INFO - orchestrator - [DELTA]   'Salim Bin Nasir Bin Said Al Aufi' (main_id=862489) — UNCHANGED. Added to is_del_list_1.
2026-04-29 18:09:25,151 - INFO - orchestrator - [DELTA] Processing record #19: 'Salem Bin Mohammed Al Mahrooqi'
2026-04-29 18:09:25,154 - INFO - orchestrator - [DELTA]   AND-query matched main_id=862490. Checking child tables...
2026-04-29 18:09:25,161 - INFO - orchestrator - [DELTA]   'Salem Bin Mohammed Al Mahrooqi' (main_id=862490) — UNCHANGED. Added to is_del_list_1.
2026-04-29 18:09:25,161 - INFO - orchestrator - [DELTA] Processing record #20: 'Rajehah Bint Mahmud Bin Mohammad Al Lawati'
2026-04-29 18:09:25,166 - INFO - orchestrator - [DELTA]   AND-query matched main_id=862491. Checking child tables...
2026-04-29 18:09:25,173 - INFO - orchestrator - [DELTA]   'Rajehah Bint Mahmud Bin Mohammad Al Lawati' (main_id=862491) — UNCHANGED. Added to is_del_list_1.
2026-04-29 18:09:25,174 - INFO - orchestrator - [DELTA] Processing record #21: 'Nemah Al Busaidiyah'
2026-04-29 18:09:25,179 - INFO - orchestrator - [DELTA]   AND-query matched main_id=862492. Checking child tables...
2026-04-29 18:09:25,188 - INFO - orchestrator - [DELTA]   'Nemah Al Busaidiyah' (main_id=862492) — UNCHANGED. Added to is_del_list_1.
2026-04-29 18:09:25,189 - INFO - orchestrator - [DELTA] Processing record #22: 'Sharifah Bint Khalfan Al Yahayai'
2026-04-29 18:09:25,193 - INFO - orchestrator - [DELTA]   AND-query matched main_id=862493. Checking child tables...
2026-04-29 18:09:25,198 - INFO - orchestrator - [DELTA]   'Sharifah Bint Khalfan Al Yahayai' (main_id=862493) — UNCHANGED. Added to is_del_list_1.
2026-04-29 18:09:25,199 - INFO - orchestrator - [DELTA] Processing record #23: 'Thuwaibah Bint Ahmed Al Barwani'
2026-04-29 18:09:25,202 - INFO - orchestrator - [DELTA]   AND-query matched main_id=862494. Checking child tables...
2026-04-29 18:09:25,207 - INFO - orchestrator - [DELTA]   'Thuwaibah Bint Ahmed Al Barwani' (main_id=862494) — UNCHANGED. Added to is_del_list_1.
2026-04-29 18:09:25,207 - INFO - orchestrator - [DELTA] Processing record #24: 'Rahma Bint Hamad Al Mesharfiyah'
2026-04-29 18:09:25,210 - INFO - orchestrator - [DELTA]   AND-query matched main_id=862495. Checking child tables...
2026-04-29 18:09:25,215 - INFO - orchestrator - [DELTA]   'Rahma Bint Hamad Al Mesharfiyah' (main_id=862495) — UNCHANGED. Added to is_del_list_1.
2026-04-29 18:09:25,216 - INFO - orchestrator - [DELTA] Processing record #25: 'Niamah Bint Jameel Al Busaidiyah'
2026-04-29 18:09:25,221 - INFO - orchestrator - [DELTA]   AND-query matched main_id=862496. Checking child tables...
2026-04-29 18:09:25,226 - INFO - orchestrator - [DELTA]   'Niamah Bint Jameel Al Busaidiyah' (main_id=862496) — UNCHANGED. Added to is_del_list_1.
2026-04-29 18:09:25,227 - INFO - orchestrator - [DELTA] Processing record #26: 'Idris Bin Abdul Rahman Al Khanjari'
2026-04-29 18:09:25,232 - INFO - orchestrator - [DELTA]   AND-query matched main_id=862497. Checking child tables...
2026-04-29 18:09:25,238 - INFO - orchestrator - [DELTA]   'Idris Bin Abdul Rahman Al Khanjari' (main_id=862497) — UNCHANGED. Added to is_del_list_1.
2026-04-29 18:09:25,239 - INFO - orchestrator - [DELTA] Processing record #27: 'Khalid Al Maawali'
2026-04-29 18:09:25,245 - INFO - orchestrator - [DELTA]   AND-query matched main_id=862498. Checking child tables...
2026-04-29 18:09:25,251 - INFO - orchestrator - [DELTA]   'Khalid Al Maawali' (main_id=862498) — UNCHANGED. Added to is_del_list_1.
2026-04-29 18:09:25,251 - INFO - orchestrator - [DELTA] Processing record #28: 'Haitham Bin Tarik Al Said'
2026-04-29 18:09:25,254 - INFO - orchestrator - [DELTA]   AND-query matched main_id=862499. Checking child tables...
2026-04-29 18:09:25,261 - INFO - orchestrator - [DELTA]   'Haitham Bin Tarik Al Said' (main_id=862499) — UNCHANGED. Added to is_del_list_1.
2026-04-29 18:09:25,261 - INFO - orchestrator - [DELTA] Processing record #29: 'Abdullah Al Raisi'
2026-04-29 18:09:25,265 - INFO - orchestrator - [DELTA]   AND-query matched main_id=862500. Checking child tables...
2026-04-29 18:09:25,270 - INFO - orchestrator - [DELTA]   'Abdullah Al Raisi' (main_id=862500) — UNCHANGED. Added to is_del_list_1.
2026-04-29 18:09:25,271 - INFO - orchestrator - [DELTA] Processing record #30: 'Maani Bint Abdullah Al Busaidi'
2026-04-29 18:09:25,277 - INFO - orchestrator - [DELTA]   AND-query matched main_id=862501. Checking child tables...
2026-04-29 18:09:25,285 - INFO - orchestrator - [DELTA]   'Maani Bint Abdullah Al Busaidi' (main_id=862501) — UNCHANGED. Added to is_del_list_1.
2026-04-29 18:09:25,286 - INFO - orchestrator - [DELTA] Processing record #31: 'Saud Bin Ibrahim Al Busaidi'
2026-04-29 18:09:25,292 - INFO - orchestrator - [DELTA]   AND-query matched main_id=862502. Checking child tables...
2026-04-29 18:09:25,298 - INFO - orchestrator - [DELTA]   'Saud Bin Ibrahim Al Busaidi' (main_id=862502) — UNCHANGED. Added to is_del_list_1.
2026-04-29 18:09:25,299 - INFO - orchestrator - [DELTA] Processing record #32: 'Samira Bint Mohamed Al Moosa'
2026-04-29 18:09:25,305 - INFO - orchestrator - [DELTA]   AND-query matched main_id=862503. Checking child tables...
2026-04-29 18:09:25,309 - INFO - orchestrator - [DELTA]   'Samira Bint Mohamed Al Moosa' (main_id=862503) — UNCHANGED. Added to is_del_list_1.
2026-04-29 18:09:25,310 - INFO - orchestrator - [DELTA] Processing record #33: 'Munib Al Masri'
2026-04-29 18:09:25,314 - INFO - orchestrator - [DELTA]   AND-query matched main_id=862504. Checking child tables...
2026-04-29 18:09:25,319 - INFO - orchestrator - [DELTA]   'Munib Al Masri' (main_id=862504) — UNCHANGED. Added to is_del_list_1.
2026-04-29 18:09:25,320 - INFO - orchestrator - [DELTA] Processing record #34: 'Talal Bin Suleiman Alrahbi'
2026-04-29 18:09:25,323 - INFO - orchestrator - [DELTA]   AND-query matched main_id=862505. Checking child tables...
2026-04-29 18:09:25,328 - INFO - orchestrator - [DELTA]   'Talal Bin Suleiman Alrahbi' (main_id=862505) — UNCHANGED. Added to is_del_list_1.
2026-04-29 18:09:25,328 - INFO - orchestrator - [DELTA] Processing record #35: 'Salem Ben Nasser Al Ismaily'
2026-04-29 18:09:25,334 - INFO - orchestrator - [DELTA]   AND-query matched main_id=862506. Checking child tables...
2026-04-29 18:09:25,340 - INFO - orchestrator - [DELTA]   'Salem Ben Nasser Al Ismaily' (main_id=862506) — UNCHANGED. Added to is_del_list_1.
2026-04-29 18:09:25,341 - INFO - orchestrator - [DELTA] Processing record #36: 'Aisha Bint Khalfan Bin Jameel'
2026-04-29 18:09:25,346 - INFO - orchestrator - [DELTA]   AND-query matched main_id=862507. Checking child tables...
2026-04-29 18:09:25,352 - INFO - orchestrator - [DELTA]   'Aisha Bint Khalfan Bin Jameel' (main_id=862507) — UNCHANGED. Added to is_del_list_1.
2026-04-29 18:09:25,353 - INFO - orchestrator - [DELTA] Processing record #37: 'Madeeha Bint Ahmed Bin Nassir Al Shibaniyah'
2026-04-29 18:09:25,356 - INFO - orchestrator - [DELTA]   AND-query matched main_id=862508. Checking child tables...
2026-04-29 18:09:25,361 - INFO - orchestrator - [DELTA]   'Madeeha Bint Ahmed Bin Nassir Al Shibaniyah' (main_id=862508) — UNCHANGED. Added to is_del_list_1.
2026-04-29 18:09:25,361 - INFO - orchestrator - [DELTA] Processing record #38: 'Abdullah Al Saidi'
2026-04-29 18:09:25,365 - INFO - orchestrator - [DELTA]   AND-query matched main_id=862444. Checking child tables...
2026-04-29 18:09:25,372 - INFO - orchestrator - [DELTA]   'Abdullah Al Saidi' (main_id=862444) — UNCHANGED. Added to is_del_list_1.
2026-04-29 18:09:25,373 - INFO - orchestrator - [DELTA] Processing record #39: 'Yusuf Bin Alawi Bin Abdullah'
2026-04-29 18:09:25,378 - INFO - orchestrator - [DELTA]   AND-query matched main_id=862509. Checking child tables...
2026-04-29 18:09:25,384 - INFO - orchestrator - [DELTA]   'Yusuf Bin Alawi Bin Abdullah' (main_id=862509) — UNCHANGED. Added to is_del_list_1.
2026-04-29 18:09:25,385 - INFO - orchestrator - [DELTA] Processing record #40: 'Khalid Bin Hilal Al Busaidi'
2026-04-29 18:09:25,390 - INFO - orchestrator - [DELTA]   AND-query matched main_id=862510. Checking child tables...
2026-04-29 18:09:25,398 - INFO - orchestrator - [DELTA]   'Khalid Bin Hilal Al Busaidi' (main_id=862510) — UNCHANGED. Added to is_del_list_1.
2026-04-29 18:09:25,398 - INFO - orchestrator - [DELTA] Processing record #41: 'Asaad Bin Tariq Al Said'
2026-04-29 18:09:25,403 - INFO - orchestrator - [DELTA]   AND-query matched main_id=862511. Checking child tables...
2026-04-29 18:09:25,409 - INFO - orchestrator - [DELTA]   'Asaad Bin Tariq Al Said' (main_id=862511) — UNCHANGED. Added to is_del_list_1.
2026-04-29 18:09:25,409 - INFO - orchestrator - [DELTA] Processing record #42: 'Khalid Bin Omar Bin Said Al Marhoon'
2026-04-29 18:09:25,414 - INFO - orchestrator - [DELTA]   AND-query matched main_id=862512. Checking child tables...
2026-04-29 18:09:25,423 - INFO - orchestrator - [DELTA]   'Khalid Bin Omar Bin Said Al Marhoon' (main_id=862512) — UNCHANGED. Added to is_del_list_1.
2026-04-29 18:09:25,425 - INFO - orchestrator - [DELTA] Processing record #43: 'Tariq Hilal Al Barwani'
2026-04-29 18:09:25,430 - INFO - orchestrator - [DELTA]   AND-query matched main_id=862513. Checking child tables...
2026-04-29 18:09:25,447 - INFO - orchestrator - [DELTA]   'Tariq Hilal Al Barwani' (main_id=862513) — UNCHANGED. Added to is_del_list_1.
2026-04-29 18:09:25,448 - INFO - orchestrator - [DELTA] Processing record #44: 'Mohammed Al Rumhy'
2026-04-29 18:09:25,451 - INFO - orchestrator - [DELTA]   AND-query matched main_id=862450. Checking child tables...
2026-04-29 18:09:25,456 - INFO - orchestrator - [DELTA]   'Mohammed Al Rumhy' (main_id=862450) — UNCHANGED. Added to is_del_list_1.
2026-04-29 18:09:25,457 - INFO - orchestrator - [DELTA] Processing record #45: 'Rawya Saud Al Busaidi'
2026-04-29 18:09:25,460 - INFO - orchestrator - [DELTA]   AND-query matched main_id=862514. Checking child tables...
2026-04-29 18:09:25,466 - INFO - orchestrator - [DELTA]   'Rawya Saud Al Busaidi' (main_id=862514) — UNCHANGED. Added to is_del_list_1.
2026-04-29 18:09:25,466 - INFO - orchestrator - [DELTA] Processing record #46: 'Shihab Bin Tariq Al Said'
2026-04-29 18:09:25,471 - INFO - orchestrator - [DELTA]   AND-query matched main_id=862515. Checking child tables...
2026-04-29 18:09:25,477 - INFO - orchestrator - [DELTA]   'Shihab Bin Tariq Al Said' (main_id=862515) — UNCHANGED. Added to is_del_list_1.
2026-04-29 18:09:25,477 - INFO - orchestrator - [DELTA] Processing record #47: 'Abdullah Ibn Rashid Al Sayyabi'
2026-04-29 18:09:25,482 - INFO - orchestrator - [DELTA]   AND-query matched main_id=862516. Checking child tables...
2026-04-29 18:09:25,489 - INFO - orchestrator - [DELTA]   'Abdullah Ibn Rashid Al Sayyabi' (main_id=862516) — UNCHANGED. Added to is_del_list_1.
2026-04-29 18:09:25,489 - INFO - orchestrator - [DELTA] Processing record #48: 'Amr Al Bidh'
2026-04-29 18:09:25,494 - INFO - orchestrator - [DELTA]   AND-query matched main_id=862454. Checking child tables...
2026-04-29 18:09:25,499 - INFO - orchestrator - [DELTA]   'Amr Al Bidh' (main_id=862454) — UNCHANGED. Added to is_del_list_1.
2026-04-29 18:09:25,500 - INFO - orchestrator - [DELTA] Processing record #49: 'Badr Bin Hamad Al Busaidi'
2026-04-29 18:09:25,503 - INFO - orchestrator - [DELTA]   AND-query matched main_id=862517. Checking child tables...
2026-04-29 18:09:25,508 - INFO - orchestrator - [DELTA]   'Badr Bin Hamad Al Busaidi' (main_id=862517) — UNCHANGED. Added to is_del_list_1.
2026-04-29 18:09:25,509 - INFO - orchestrator - [DELTA] Processing record #50: 'Shawana bint Hammoud Al Busaidi'
2026-04-29 18:09:25,512 - INFO - orchestrator - [DELTA]   AND-query matched main_id=862518. Checking child tables...
2026-04-29 18:09:25,518 - INFO - orchestrator - [DELTA]   'Shawana bint Hammoud Al Busaidi' (main_id=862518) — UNCHANGED. Added to is_del_list_1.
2026-04-29 18:09:25,518 - INFO - orchestrator - [DELTA] Processing record #51: 'Asa ad bin Tariq Al Said'
2026-04-29 18:09:25,523 - INFO - orchestrator - [DELTA]   AND-query matched main_id=862519. Checking child tables...
2026-04-29 18:09:25,529 - INFO - orchestrator - [DELTA]   'Asa ad bin Tariq Al Said' (main_id=862519) — UNCHANGED. Added to is_del_list_1.
2026-04-29 18:09:25,530 - INFO - orchestrator - [DELTA] Processing record #52: 'Nawwal bint Tariq Al Said'
2026-04-29 18:09:25,535 - INFO - orchestrator - [DELTA]   AND-query matched main_id=862520. Checking child tables...
2026-04-29 18:09:25,541 - INFO - orchestrator - [DELTA]   'Nawwal bint Tariq Al Said' (main_id=862520) — UNCHANGED. Added to is_del_list_1.
2026-04-29 18:09:25,543 - INFO - orchestrator - [DELTA] Processing record #53: 'Shihab bin Tariq Al Said'
2026-04-29 18:09:25,547 - INFO - orchestrator - [DELTA]   AND-query matched main_id=862521. Checking child tables...
2026-04-29 18:09:25,551 - INFO - orchestrator - [DELTA]   'Shihab bin Tariq Al Said' (main_id=862521) — UNCHANGED. Added to is_del_list_1.
2026-04-29 18:09:25,552 - INFO - orchestrator - [DELTA] Processing record #54: 'Badr bin Hamad Al Busaidi'
2026-04-29 18:09:25,555 - INFO - orchestrator - [DELTA]   AND-query matched main_id=862522. Checking child tables...
2026-04-29 18:09:25,559 - INFO - orchestrator - [DELTA]   'Badr bin Hamad Al Busaidi' (main_id=862522) — UNCHANGED. Added to is_del_list_1.
2026-04-29 18:09:25,559 - INFO - orchestrator - [DELTA] Processing record #55: 'Haitham bin Tarik Al Said'
2026-04-29 18:09:25,563 - INFO - orchestrator - [DELTA]   AND-query matched main_id=862523. Checking child tables...
2026-04-29 18:09:25,568 - INFO - orchestrator - [DELTA]   'Haitham bin Tarik Al Said' (main_id=862523) — UNCHANGED. Added to is_del_list_1.
2026-04-29 18:09:25,569 - INFO - orchestrator - [DELTA] Processing record #56: 'Khalid bin Hilal Al Busaidi'
2026-04-29 18:09:25,574 - INFO - orchestrator - [DELTA]   AND-query matched main_id=862524. Checking child tables...
2026-04-29 18:09:25,579 - INFO - orchestrator - [DELTA]   'Khalid bin Hilal Al Busaidi' (main_id=862524) — UNCHANGED. Added to is_del_list_1.
2026-04-29 18:09:25,581 - INFO - orchestrator - [DELTA] Processing record #57: 'Awad bin Arfah bin Frijoon Bait Sameer'
2026-04-29 18:09:25,587 - INFO - orchestrator - [DELTA]   AND-query matched main_id=862525. Checking child tables...
2026-04-29 18:09:25,592 - INFO - orchestrator - [DELTA]   'Awad bin Arfah bin Frijoon Bait Sameer' (main_id=862525) — UNCHANGED. Added to is_del_list_1.
2026-04-29 18:09:25,593 - INFO - orchestrator - [DELTA] Processing record #58: 'Bilarab bin Haitham Al Said'
2026-04-29 18:09:25,597 - INFO - orchestrator - [DELTA]   AND-query matched main_id=862526. Checking child tables...
2026-04-29 18:09:25,602 - INFO - orchestrator - [DELTA]   'Bilarab bin Haitham Al Said' (main_id=862526) — UNCHANGED. Added to is_del_list_1.
2026-04-29 18:09:25,603 - INFO - orchestrator - [DELTA] Processing record #59: 'Theyazin bin Haitham Al Said'
2026-04-29 18:09:25,607 - INFO - orchestrator - [DELTA]   AND-query matched main_id=862527. Checking child tables...
2026-04-29 18:09:25,612 - INFO - orchestrator - [DELTA]   'Theyazin bin Haitham Al Said' (main_id=862527) — UNCHANGED. Added to is_del_list_1.
2026-04-29 18:09:25,613 - INFO - orchestrator - [DELTA] Processing record #60: 'Mai Almasri'
2026-04-29 18:09:25,617 - INFO - orchestrator - [DELTA]   AND-query matched main_id=862528. Checking child tables...
2026-04-29 18:09:25,626 - INFO - orchestrator - [DELTA]   'Mai Almasri' (main_id=862528) — UNCHANGED. Added to is_del_list_1.
2026-04-29 18:09:25,627 - INFO - orchestrator - [DELTA] Processing record #61: 'Taimur bin Asaad Al Said'
2026-04-29 18:09:25,633 - INFO - orchestrator - [DELTA]   AND-query matched main_id=862529. Checking child tables...
2026-04-29 18:09:25,639 - INFO - orchestrator - [DELTA]   'Taimur bin Asaad Al Said' (main_id=862529) — UNCHANGED. Added to is_del_list_1.
2026-04-29 18:09:25,640 - INFO - orchestrator - [DELTA] Processing record #62: 'Meyyan bint Shihab Al Said'
2026-04-29 18:09:25,647 - INFO - orchestrator - [DELTA]   AND-query matched main_id=862530. Checking child tables...
2026-04-29 18:09:25,652 - INFO - orchestrator - [DELTA]   'Meyyan bint Shihab Al Said' (main_id=862530) — UNCHANGED. Added to is_del_list_1.
2026-04-29 18:09:25,652 - INFO - orchestrator - [DELTA] Processing record #63: 'Sanaa Al Haib'
2026-04-29 18:09:25,656 - INFO - orchestrator - [DELTA]   AND-query matched main_id=862531. Checking child tables...
2026-04-29 18:09:25,661 - INFO - orchestrator - [DELTA]   'Sanaa Al Haib' (main_id=862531) — UNCHANGED. Added to is_del_list_1.
2026-04-29 18:09:25,662 - INFO - orchestrator - [DELTA] Processing record #64: 'Ahad bint Abdullah Al Busaidi'
2026-04-29 18:09:25,665 - INFO - orchestrator - [DELTA]   AND-query matched main_id=862532. Checking child tables...
2026-04-29 18:09:25,671 - INFO - orchestrator - [DELTA]   'Ahad bint Abdullah Al Busaidi' (main_id=862532) — UNCHANGED. Added to is_del_list_1.
2026-04-29 18:09:59,856 - INFO - orchestrator - Delta: 0 new records in 77.3s
2026-04-29 18:09:59,856 - INFO - orchestrator - No new records for om_gen — DB is up to date
