2026-05-18 16:19:29,723 - INFO - orchestrator - ============================================================
2026-05-18 16:19:29,723 - INFO - orchestrator - country=oman | tag=om_gen | file=pep_oman_living_relevant_20260507_091259.xlsx
2026-05-18 16:19:29,723 - INFO - orchestrator - ============================================================
2026-05-18 16:20:49,608 - INFO - orchestrator - [DELTA] Processing record #0: 'Shakour Bint Mohammed Al Ghamari'
2026-05-18 16:20:49,671 - INFO - orchestrator - [DELTA]   AND-query matched main_id=862015. Checking child tables...
2026-05-18 16:20:49,692 - INFO - orchestrator - [DELTA]   'Shakour Bint Mohammed Al Ghamari' (main_id=862015) — SAME. Added to is_del_list_1.
2026-05-18 16:20:49,693 - INFO - orchestrator - [DELTA] Processing record #1: 'Taiba Al Mawali'
2026-05-18 16:20:49,697 - INFO - orchestrator - [DELTA]   AND-query matched main_id=862016. Checking child tables...
2026-05-18 16:20:49,706 - INFO - orchestrator - [DELTA]   'Taiba Al Mawali' (main_id=862016) — SAME. Added to is_del_list_1.
2026-05-18 16:20:49,707 - INFO - orchestrator - [DELTA] Processing record #2: 'Lujaina Mohsin Darwish'
2026-05-18 16:20:49,713 - INFO - orchestrator - [DELTA]   AND-query matched main_id=862017. Checking child tables...
2026-05-18 16:20:49,734 - INFO - orchestrator - [DELTA]   'Lujaina Mohsin Darwish' (main_id=862017) — SAME. Added to is_del_list_1.
2026-05-18 16:20:49,735 - INFO - orchestrator - [DELTA] Processing record #3: 'Areej Mohsin Haider Darwish'
2026-05-18 16:20:49,741 - INFO - orchestrator - [DELTA]   AND-query matched main_id=862018. Checking child tables...
2026-05-18 16:20:49,757 - INFO - orchestrator - [DELTA]   'Areej Mohsin Haider Darwish' (main_id=862018) — SAME. Added to is_del_list_1.
2026-05-18 16:20:49,758 - INFO - orchestrator - [DELTA] Processing record #4: 'Amal Bahwan'
2026-05-18 16:20:49,762 - INFO - orchestrator - [DELTA]   AND-query matched main_id=781155. Checking child tables...
2026-05-18 16:20:49,779 - INFO - orchestrator - [DELTA]   'Amal Bahwan' (main_id=781155) — SAME. Added to is_del_list_1.
2026-05-18 16:20:49,780 - INFO - orchestrator - [DELTA] Processing record #5: 'Amer Awadh Rawas'
2026-05-18 16:20:49,785 - INFO - orchestrator - [DELTA]   AND-query matched main_id=862019. Checking child tables...
2026-05-18 16:20:49,795 - INFO - orchestrator - [DELTA]   'Amer Awadh Rawas' (main_id=862019) — SAME. Added to is_del_list_1.
2026-05-18 16:20:49,797 - INFO - orchestrator - [DELTA] Processing record #6: 'Azza Al Ismaili'
2026-05-18 16:20:49,802 - INFO - orchestrator - [DELTA]   AND-query matched main_id=862020. Checking child tables...
2026-05-18 16:20:49,812 - INFO - orchestrator - [DELTA]   'Azza Al Ismaili' (main_id=862020) — SAME. Added to is_del_list_1.
2026-05-18 16:20:49,813 - INFO - orchestrator - [DELTA] Processing record #7: 'Nashiah Bint Saud Al Kharousiyah'
2026-05-18 16:20:49,818 - INFO - orchestrator - [DELTA]   AND-query matched main_id=862021. Checking child tables...
2026-05-18 16:20:49,829 - INFO - orchestrator - [DELTA]   'Nashiah Bint Saud Al Kharousiyah' (main_id=862021) — SAME. Added to is_del_list_1.
2026-05-18 16:20:49,831 - INFO - orchestrator - [DELTA] Processing record #8: 'Laila Bint Ahmed Bin Awad Al Najjar'
2026-05-18 16:20:49,836 - INFO - orchestrator - [DELTA]   AND-query matched main_id=781158. Checking child tables...
2026-05-18 16:20:49,852 - INFO - orchestrator - [DELTA]   'Laila Bint Ahmed Bin Awad Al Najjar' (main_id=781158) — SAME. Added to is_del_list_1.
2026-05-18 16:20:49,853 - INFO - orchestrator - [DELTA] Processing record #9: 'Fatma Bahwan'
2026-05-18 16:20:49,856 - INFO - orchestrator - [DELTA]   AND-query matched main_id=781159. Checking child tables...
2026-05-18 16:20:49,862 - INFO - orchestrator - [DELTA]   'Fatma Bahwan' (main_id=781159) — SAME. Added to is_del_list_1.
2026-05-18 16:20:49,863 - INFO - orchestrator - [DELTA] Processing record #10: 'Hind Bahwan'
2026-05-18 16:20:49,866 - INFO - orchestrator - [DELTA]   AND-query matched main_id=781160. Checking child tables...
2026-05-18 16:20:49,871 - INFO - orchestrator - [DELTA]   'Hind Bahwan' (main_id=781160) — SAME. Added to is_del_list_1.
2026-05-18 16:20:49,872 - INFO - orchestrator - [DELTA] Processing record #11: 'Haifa Al Khaifi'
2026-05-18 16:20:49,874 - INFO - orchestrator - [DELTA]   AND-query matched main_id=781161. Checking child tables...
2026-05-18 16:20:49,878 - INFO - orchestrator - [DELTA]   'Haifa Al Khaifi' (main_id=781161) — SAME. Added to is_del_list_1.
2026-05-18 16:20:49,879 - INFO - orchestrator - [DELTA] Processing record #12: 'Rawan Bint Ahmed Al Said'
2026-05-18 16:20:49,881 - INFO - orchestrator - [DELTA]   AND-query matched main_id=862022. Checking child tables...
2026-05-18 16:20:49,885 - INFO - orchestrator - [DELTA]   'Rawan Bint Ahmed Al Said' (main_id=862022) — SAME. Added to is_del_list_1.
2026-05-18 16:20:49,885 - INFO - orchestrator - [DELTA] Processing record #13: 'Huda Al Lawati'
2026-05-18 16:20:49,891 - INFO - orchestrator - [DELTA]   AND-query matched main_id=781163. Checking child tables...
2026-05-18 16:20:49,896 - INFO - orchestrator - [DELTA]   'Huda Al Lawati' (main_id=781163) — SAME. Added to is_del_list_1.
2026-05-18 16:20:49,898 - INFO - orchestrator - [DELTA] Processing record #14: 'Devaki Khimji'
2026-05-18 16:20:49,900 - INFO - orchestrator - [DELTA]   AND-query matched main_id=781164. Checking child tables...
2026-05-18 16:20:49,904 - INFO - orchestrator - [DELTA]   'Devaki Khimji' (main_id=781164) — SAME. Added to is_del_list_1.
2026-05-18 16:20:49,905 - INFO - orchestrator - [DELTA] Processing record #15: 'Arfah Bin Frijoon Bait Sameer'
2026-05-18 16:20:49,907 - INFO - orchestrator - [DELTA]   AND-query matched main_id=862023. Checking child tables...
2026-05-18 16:20:49,913 - INFO - orchestrator - [DELTA]   'Arfah Bin Frijoon Bait Sameer' (main_id=862023) — SAME. Added to is_del_list_1.
2026-05-18 16:20:49,914 - INFO - orchestrator - [DELTA] Processing record #16: 'Rahma Bint Ibrahim Al Mahrooqi'
2026-05-18 16:20:49,915 - INFO - orchestrator - [DELTA]   AND-query matched main_id=862024. Checking child tables...
2026-05-18 16:20:49,919 - INFO - orchestrator - [DELTA]   'Rahma Bint Ibrahim Al Mahrooqi' (main_id=862024) — SAME. Added to is_del_list_1.
2026-05-18 16:20:49,919 - INFO - orchestrator - [DELTA] Processing record #17: 'Qais Mohammed Al Yousef'
2026-05-18 16:20:49,921 - INFO - orchestrator - [DELTA]   AND-query matched main_id=862025. Checking child tables...
2026-05-18 16:20:49,925 - INFO - orchestrator - [DELTA]   'Qais Mohammed Al Yousef' (main_id=862025) — SAME. Added to is_del_list_1.
2026-05-18 16:20:49,926 - INFO - orchestrator - [DELTA] Processing record #18: 'Salim Bin Nasir Bin Said Al Aufi'
2026-05-18 16:20:49,928 - INFO - orchestrator - [DELTA]   AND-query matched main_id=862026. Checking child tables...
2026-05-18 16:20:49,932 - INFO - orchestrator - [DELTA]   'Salim Bin Nasir Bin Said Al Aufi' (main_id=862026) — SAME. Added to is_del_list_1.
2026-05-18 16:20:49,933 - INFO - orchestrator - [DELTA] Processing record #19: 'Salem Bin Mohammed Al Mahrooqi'
2026-05-18 16:20:49,935 - INFO - orchestrator - [DELTA]   AND-query matched main_id=862027. Checking child tables...
2026-05-18 16:20:49,939 - INFO - orchestrator - [DELTA]   'Salem Bin Mohammed Al Mahrooqi' (main_id=862027) — SAME. Added to is_del_list_1.
2026-05-18 16:20:49,940 - INFO - orchestrator - [DELTA] Processing record #20: 'Rajehah Bint Mahmud Bin Mohammad Al Lawati'
2026-05-18 16:20:49,942 - INFO - orchestrator - [DELTA]   AND-query matched main_id=781170. Checking child tables...
2026-05-18 16:20:49,947 - INFO - orchestrator - [DELTA]   'Rajehah Bint Mahmud Bin Mohammad Al Lawati' (main_id=781170) — SAME. Added to is_del_list_1.
2026-05-18 16:20:49,948 - INFO - orchestrator - [DELTA] Processing record #21: 'Nemah Al Busaidiyah'
2026-05-18 16:20:49,949 - INFO - orchestrator - [DELTA]   AND-query matched main_id=781171. Checking child tables...
2026-05-18 16:20:49,957 - INFO - orchestrator - [DELTA]   'Nemah Al Busaidiyah' (main_id=781171) — SAME. Added to is_del_list_1.
2026-05-18 16:20:49,958 - INFO - orchestrator - [DELTA] Processing record #22: 'Sharifah Bint Khalfan Al Yahayai'
2026-05-18 16:20:49,960 - INFO - orchestrator - [DELTA]   AND-query matched main_id=781172. Checking child tables...
2026-05-18 16:20:49,963 - INFO - orchestrator - [DELTA]   'Sharifah Bint Khalfan Al Yahayai' (main_id=781172) — SAME. Added to is_del_list_1.
2026-05-18 16:20:49,964 - INFO - orchestrator - [DELTA] Processing record #23: 'Thuwaibah Bint Ahmed Al Barwani'
2026-05-18 16:20:49,965 - INFO - orchestrator - [DELTA]   AND-query matched main_id=781173. Checking child tables...
2026-05-18 16:20:49,971 - INFO - orchestrator - [DELTA]   'Thuwaibah Bint Ahmed Al Barwani' (main_id=781173) — SAME. Added to is_del_list_1.
2026-05-18 16:20:49,972 - INFO - orchestrator - [DELTA] Processing record #24: 'Rahma Bint Hamad Al Mesharfiyah'
2026-05-18 16:20:49,974 - INFO - orchestrator - [DELTA]   AND-query matched main_id=781175. Checking child tables...
2026-05-18 16:20:49,977 - INFO - orchestrator - [DELTA]   'Rahma Bint Hamad Al Mesharfiyah' (main_id=781175) — SAME. Added to is_del_list_1.
2026-05-18 16:20:49,978 - INFO - orchestrator - [DELTA] Processing record #25: 'Niamah Bint Jameel Al Busaidiyah'
2026-05-18 16:20:49,980 - INFO - orchestrator - [DELTA]   AND-query matched main_id=781176. Checking child tables...
2026-05-18 16:20:49,985 - INFO - orchestrator - [DELTA]   'Niamah Bint Jameel Al Busaidiyah' (main_id=781176) — SAME. Added to is_del_list_1.
2026-05-18 16:20:49,986 - INFO - orchestrator - [DELTA] Processing record #26: 'Idris Bin Abdul Rahman Al Khanjari'
2026-05-18 16:20:49,988 - INFO - orchestrator - [DELTA]   AND-query matched main_id=862028. Checking child tables...
2026-05-18 16:20:49,992 - INFO - orchestrator - [DELTA]   'Idris Bin Abdul Rahman Al Khanjari' (main_id=862028) — SAME. Added to is_del_list_1.
2026-05-18 16:20:49,993 - INFO - orchestrator - [DELTA] Processing record #27: 'Khalid Al Maawali'
2026-05-18 16:20:49,995 - INFO - orchestrator - [DELTA]   AND-query matched main_id=781178. Checking child tables...
2026-05-18 16:20:49,999 - INFO - orchestrator - [DELTA]   'Khalid Al Maawali' (main_id=781178) — SAME. Added to is_del_list_1.
2026-05-18 16:20:49,999 - INFO - orchestrator - [DELTA] Processing record #28: 'Haitham Bin Tarik Al Said'
2026-05-18 16:20:50,001 - INFO - orchestrator - [DELTA]   AND-query matched main_id=862029. Checking child tables...
2026-05-18 16:20:50,008 - INFO - orchestrator - [DELTA]   'Haitham Bin Tarik Al Said' (main_id=862029) — SAME. Added to is_del_list_1.
2026-05-18 16:20:50,008 - INFO - orchestrator - [DELTA] Processing record #29: 'Abdullah Al Raisi'
2026-05-18 16:20:50,010 - INFO - orchestrator - [DELTA]   AND-query matched main_id=781180. Checking child tables...
2026-05-18 16:20:50,013 - INFO - orchestrator - [DELTA]   'Abdullah Al Raisi' (main_id=781180) — SAME. Added to is_del_list_1.
2026-05-18 16:20:50,014 - INFO - orchestrator - [DELTA] Processing record #30: 'Maani Bint Abdullah Al Busaidi'
2026-05-18 16:20:50,015 - INFO - orchestrator - [DELTA]   AND-query matched main_id=781181. Checking child tables...
2026-05-18 16:20:50,019 - INFO - orchestrator - [DELTA]   'Maani Bint Abdullah Al Busaidi' (main_id=781181) — SAME. Added to is_del_list_1.
2026-05-18 16:20:50,019 - INFO - orchestrator - [DELTA] Processing record #31: 'Saud Bin Ibrahim Al Busaidi'
2026-05-18 16:20:50,021 - INFO - orchestrator - [DELTA]   AND-query matched main_id=781182. Checking child tables...
2026-05-18 16:20:50,025 - INFO - orchestrator - [DELTA]   'Saud Bin Ibrahim Al Busaidi' (main_id=781182) — SAME. Added to is_del_list_1.
2026-05-18 16:20:50,025 - INFO - orchestrator - [DELTA] Processing record #32: 'Samira Bint Mohamed Al Moosa'
2026-05-18 16:20:50,027 - INFO - orchestrator - [DELTA]   AND-query matched main_id=862030. Checking child tables...
2026-05-18 16:20:50,030 - INFO - orchestrator - [DELTA]   'Samira Bint Mohamed Al Moosa' (main_id=862030) — SAME. Added to is_del_list_1.
2026-05-18 16:20:50,030 - INFO - orchestrator - [DELTA] Processing record #33: 'Munib Al Masri'
2026-05-18 16:20:50,032 - INFO - orchestrator - [DELTA]   AND-query matched main_id=862031. Checking child tables...
2026-05-18 16:20:50,035 - INFO - orchestrator - [DELTA]   'Munib Al Masri' (main_id=862031) — SAME. Added to is_del_list_1.
2026-05-18 16:20:50,036 - INFO - orchestrator - [DELTA] Processing record #34: 'Talal Bin Suleiman Alrahbi'
2026-05-18 16:20:50,037 - INFO - orchestrator - [DELTA]   AND-query matched main_id=862032. Checking child tables...
2026-05-18 16:20:50,041 - INFO - orchestrator - [DELTA]   'Talal Bin Suleiman Alrahbi' (main_id=862032) — SAME. Added to is_del_list_1.
2026-05-18 16:20:50,041 - INFO - orchestrator - [DELTA] Processing record #35: 'Salem Ben Nasser Al Ismaily'
2026-05-18 16:20:50,043 - INFO - orchestrator - [DELTA]   AND-query matched main_id=862033. Checking child tables...
2026-05-18 16:20:50,047 - INFO - orchestrator - [DELTA]   'Salem Ben Nasser Al Ismaily' (main_id=862033) — SAME. Added to is_del_list_1.
2026-05-18 16:20:50,048 - INFO - orchestrator - [DELTA] Processing record #36: 'Aisha Bint Khalfan Bin Jameel'
2026-05-18 16:20:50,050 - INFO - orchestrator - [DELTA]   AND-query matched main_id=781187. Checking child tables...
2026-05-18 16:20:50,054 - INFO - orchestrator - [DELTA]   'Aisha Bint Khalfan Bin Jameel' (main_id=781187) — SAME. Added to is_del_list_1.
2026-05-18 16:20:50,055 - INFO - orchestrator - [DELTA] Processing record #37: 'Madeeha Bint Ahmed Bin Nassir Al Shibaniyah'
2026-05-18 16:20:50,058 - INFO - orchestrator - [DELTA]   AND-query matched main_id=781188. Checking child tables...
2026-05-18 16:20:50,061 - INFO - orchestrator - [DELTA]   'Madeeha Bint Ahmed Bin Nassir Al Shibaniyah' (main_id=781188) — SAME. Added to is_del_list_1.
2026-05-18 16:20:50,062 - INFO - orchestrator - [DELTA] Processing record #38: 'Abdullah Al Saidi'
2026-05-18 16:20:50,063 - INFO - orchestrator - [DELTA]   AND-query matched main_id=862034. Checking child tables...
2026-05-18 16:20:50,066 - INFO - orchestrator - [DELTA]   'Abdullah Al Saidi' (main_id=862034) — SAME. Added to is_del_list_1.
2026-05-18 16:20:50,067 - INFO - orchestrator - [DELTA] Processing record #39: 'Yusuf Bin Alawi Bin Abdullah'
2026-05-18 16:20:50,069 - INFO - orchestrator - [DELTA]   AND-query matched main_id=862035. Checking child tables...
2026-05-18 16:20:50,073 - INFO - orchestrator - [DELTA]   'Yusuf Bin Alawi Bin Abdullah' (main_id=862035) — SAME. Added to is_del_list_1.
2026-05-18 16:20:50,073 - INFO - orchestrator - [DELTA] Processing record #40: 'Khalid Bin Hilal Al Busaidi'
2026-05-18 16:20:50,075 - INFO - orchestrator - [DELTA]   AND-query matched main_id=862036. Checking child tables...
2026-05-18 16:20:50,079 - INFO - orchestrator - [DELTA]   'Khalid Bin Hilal Al Busaidi' (main_id=862036) — SAME. Added to is_del_list_1.
2026-05-18 16:20:50,080 - INFO - orchestrator - [DELTA] Processing record #41: 'Asaad Bin Tariq Al Said'
2026-05-18 16:20:50,083 - INFO - orchestrator - [DELTA]   AND-query matched main_id=862037. Checking child tables...
2026-05-18 16:20:50,087 - INFO - orchestrator - [DELTA]   'Asaad Bin Tariq Al Said' (main_id=862037) — SAME. Added to is_del_list_1.
2026-05-18 16:20:50,088 - INFO - orchestrator - [DELTA] Processing record #42: 'Khalid Bin Omar Bin Said Al Marhoon'
2026-05-18 16:20:50,089 - INFO - orchestrator - [DELTA]   AND-query matched main_id=781193. Checking child tables...
2026-05-18 16:20:50,096 - INFO - orchestrator - [DELTA]   'Khalid Bin Omar Bin Said Al Marhoon' (main_id=781193) — SAME. Added to is_del_list_1.
2026-05-18 16:20:50,096 - INFO - orchestrator - [DELTA] Processing record #43: 'Tariq Hilal Al Barwani'
2026-05-18 16:20:50,098 - INFO - orchestrator - [DELTA]   AND-query matched main_id=862038. Checking child tables...
2026-05-18 16:20:50,101 - INFO - orchestrator - [DELTA]   'Tariq Hilal Al Barwani' (main_id=862038) — SAME. Added to is_del_list_1.
2026-05-18 16:20:50,102 - INFO - orchestrator - [DELTA] Processing record #44: 'Mohammed Al Rumhy'
2026-05-18 16:20:50,104 - INFO - orchestrator - [DELTA]   AND-query matched main_id=862039. Checking child tables...
2026-05-18 16:20:50,108 - INFO - orchestrator - [DELTA]   'Mohammed Al Rumhy' (main_id=862039) — SAME. Added to is_del_list_1.
2026-05-18 16:20:50,108 - INFO - orchestrator - [DELTA] Processing record #45: 'Rawya Saud Al Busaidi'
2026-05-18 16:20:50,110 - INFO - orchestrator - [DELTA]   AND-query matched main_id=781196. Checking child tables...
2026-05-18 16:20:50,114 - INFO - orchestrator - [DELTA]   'Rawya Saud Al Busaidi' (main_id=781196) — SAME. Added to is_del_list_1.
2026-05-18 16:20:50,114 - INFO - orchestrator - [DELTA] Processing record #46: 'Shihab Bin Tariq Al Said'
2026-05-18 16:20:50,116 - INFO - orchestrator - [DELTA]   AND-query matched main_id=862040. Checking child tables...
2026-05-18 16:20:50,120 - INFO - orchestrator - [DELTA]   'Shihab Bin Tariq Al Said' (main_id=862040) — SAME. Added to is_del_list_1.
2026-05-18 16:20:50,120 - INFO - orchestrator - [DELTA] Processing record #47: 'Abdullah Ibn Rashid Al Sayyabi'
2026-05-18 16:20:50,122 - INFO - orchestrator - [DELTA]   AND-query matched main_id=862041. Checking child tables...
2026-05-18 16:20:50,125 - INFO - orchestrator - [DELTA]   'Abdullah Ibn Rashid Al Sayyabi' (main_id=862041) — SAME. Added to is_del_list_1.
2026-05-18 16:20:50,126 - INFO - orchestrator - [DELTA] Processing record #48: 'Amr Al Bidh'
2026-05-18 16:20:50,127 - INFO - orchestrator - [DELTA]   AND-query matched main_id=862042. Checking child tables...
2026-05-18 16:20:50,130 - INFO - orchestrator - [DELTA]   'Amr Al Bidh' (main_id=862042) — SAME. Added to is_del_list_1.
2026-05-18 16:20:50,131 - INFO - orchestrator - [DELTA] Processing record #49: 'Badr Bin Hamad Al Busaidi'
2026-05-18 16:20:50,132 - INFO - orchestrator - [DELTA]   AND-query matched main_id=862043. Checking child tables...
2026-05-18 16:20:50,136 - INFO - orchestrator - [DELTA]   'Badr Bin Hamad Al Busaidi' (main_id=862043) — SAME. Added to is_del_list_1.
2026-05-18 16:20:50,136 - INFO - orchestrator - [DELTA] Processing record #50: 'Awad bin Arfah bin Frijoon Bait Sameer'
2026-05-18 16:20:50,139 - INFO - orchestrator - [DELTA]   AND-query matched main_id=781202. Checking child tables...
2026-05-18 16:20:50,142 - INFO - orchestrator - [DELTA]   'Awad bin Arfah bin Frijoon Bait Sameer' (main_id=781202) — SAME. Added to is_del_list_1.
2026-05-18 16:20:50,142 - INFO - orchestrator - [DELTA] Processing record #51: 'Bilarab bin Haitham Al Said'
2026-05-18 16:20:50,144 - INFO - orchestrator - [DELTA]   AND-query matched main_id=781203. Checking child tables...
2026-05-18 16:20:50,147 - INFO - orchestrator - [DELTA]   'Bilarab bin Haitham Al Said' (main_id=781203) — SAME. Added to is_del_list_1.
2026-05-18 16:20:50,148 - INFO - orchestrator - [DELTA] Processing record #52: 'Theyazin bin Haitham Al Said'
2026-05-18 16:20:50,149 - INFO - orchestrator - [DELTA]   AND-query matched main_id=781204. Checking child tables...
2026-05-18 16:20:50,153 - INFO - orchestrator - [DELTA]   'Theyazin bin Haitham Al Said' (main_id=781204) — SAME. Added to is_del_list_1.
2026-05-18 16:20:50,153 - INFO - orchestrator - [DELTA] Processing record #53: 'Mai Almasri'
2026-05-18 16:20:50,155 - INFO - orchestrator - [DELTA]   AND-query matched main_id=781205. Checking child tables...
2026-05-18 16:20:50,158 - INFO - orchestrator - [DELTA]   'Mai Almasri' (main_id=781205) — SAME. Added to is_del_list_1.
2026-05-18 16:20:50,159 - INFO - orchestrator - [DELTA] Processing record #54: 'Taimur bin Asaad Al Said'
2026-05-18 16:20:50,160 - INFO - orchestrator - [DELTA]   AND-query matched main_id=781206. Checking child tables...
2026-05-18 16:20:50,163 - INFO - orchestrator - [DELTA]   'Taimur bin Asaad Al Said' (main_id=781206) — SAME. Added to is_del_list_1.
2026-05-18 16:20:50,163 - INFO - orchestrator - [DELTA] Processing record #55: 'Meyyan bint Shihab Al Said'
2026-05-18 16:20:50,165 - INFO - orchestrator - [DELTA]   AND-query matched main_id=781207. Checking child tables...
2026-05-18 16:20:50,168 - INFO - orchestrator - [DELTA]   'Meyyan bint Shihab Al Said' (main_id=781207) — SAME. Added to is_del_list_1.
2026-05-18 16:20:50,169 - INFO - orchestrator - [DELTA] Processing record #56: 'Shawana bint Hammoud Al Busaidi'
2026-05-18 16:20:50,170 - INFO - orchestrator - [DELTA]   AND-query matched main_id=781208. Checking child tables...
2026-05-18 16:20:50,174 - INFO - orchestrator - [DELTA]   'Shawana bint Hammoud Al Busaidi' (main_id=781208) — SAME. Added to is_del_list_1.
2026-05-18 16:20:50,174 - INFO - orchestrator - [DELTA] Processing record #57: 'Asa ad bin Tariq Al Said'
2026-05-18 16:20:50,176 - INFO - orchestrator - [DELTA]   AND-query matched main_id=781209. Checking child tables...
2026-05-18 16:20:50,179 - INFO - orchestrator - [DELTA]   'Asa ad bin Tariq Al Said' (main_id=781209) — SAME. Added to is_del_list_1.
2026-05-18 16:20:50,179 - INFO - orchestrator - [DELTA] Processing record #58: 'Nawwal bint Tariq Al Said'
2026-05-18 16:20:50,181 - INFO - orchestrator - [DELTA]   AND-query matched main_id=781210. Checking child tables...
2026-05-18 16:20:50,184 - INFO - orchestrator - [DELTA]   'Nawwal bint Tariq Al Said' (main_id=781210) — SAME. Added to is_del_list_1.
2026-05-18 16:20:50,185 - INFO - orchestrator - [DELTA] Processing record #59: 'Shihab bin Tariq Al Said'
2026-05-18 16:20:50,186 - INFO - orchestrator - [DELTA]   AND-query matched main_id=781211. Checking child tables...
2026-05-18 16:20:50,189 - INFO - orchestrator - [DELTA]   'Shihab bin Tariq Al Said' (main_id=781211) — SAME. Added to is_del_list_1.
2026-05-18 16:20:50,190 - INFO - orchestrator - [DELTA] Processing record #60: 'Badr bin Hamad Al Busaidi'
2026-05-18 16:20:50,191 - INFO - orchestrator - [DELTA]   AND-query matched main_id=781212. Checking child tables...
2026-05-18 16:20:50,194 - INFO - orchestrator - [DELTA]   'Badr bin Hamad Al Busaidi' (main_id=781212) — SAME. Added to is_del_list_1.
2026-05-18 16:20:50,194 - INFO - orchestrator - [DELTA] Processing record #61: 'Haitham bin Tarik Al Said'
2026-05-18 16:20:50,196 - INFO - orchestrator - [DELTA]   AND-query matched main_id=781213. Checking child tables...
2026-05-18 16:20:50,199 - INFO - orchestrator - [DELTA]   'Haitham bin Tarik Al Said' (main_id=781213) — SAME. Added to is_del_list_1.
2026-05-18 16:20:50,199 - INFO - orchestrator - [DELTA] Processing record #62: 'Khalid bin Hilal Al Busaidi'
2026-05-18 16:20:50,201 - INFO - orchestrator - [DELTA]   AND-query matched main_id=781214. Checking child tables...
2026-05-18 16:20:50,204 - INFO - orchestrator - [DELTA]   'Khalid bin Hilal Al Busaidi' (main_id=781214) — SAME. Added to is_del_list_1.
2026-05-18 16:20:50,204 - INFO - orchestrator - [DELTA] Processing record #63: 'Sanaa Al Haib'
2026-05-18 16:20:50,206 - INFO - orchestrator - [DELTA]   AND-query matched main_id=781200. Checking child tables...
2026-05-18 16:20:50,209 - INFO - orchestrator - [DELTA]   'Sanaa Al Haib' (main_id=781200) — SAME. Added to is_del_list_1.
2026-05-18 16:20:50,210 - INFO - orchestrator - [DELTA] Processing record #64: 'Ahad bint Abdullah Al Busaidi'
2026-05-18 16:20:50,212 - INFO - orchestrator - [DELTA]   AND-query matched main_id=781201. Checking child tables...
2026-05-18 16:20:50,215 - INFO - orchestrator - [DELTA]   'Ahad bint Abdullah Al Busaidi' (main_id=781201) — SAME. Added to is_del_list_1.
2026-05-18 16:21:25,825 - INFO - orchestrator - Delta: 0 new records in 110.5s
2026-05-18 16:21:25,825 - INFO - orchestrator - No new records for om_gen — DB is up to date
