2026-05-08 18:54:09,206 - INFO - orchestrator - ============================================================
2026-05-08 18:54:09,206 - INFO - orchestrator - country=Oman | tag=om_gen | file=pep_oman_living_relevant_20260508_121318.xlsx
2026-05-08 18:54:09,206 - INFO - orchestrator - ============================================================
2026-05-08 18:54:46,185 - INFO - orchestrator - [DELTA] Processing record #0: 'Shakour Bint Mohammed Al Ghamari'
2026-05-08 18:54:46,189 - INFO - orchestrator - [DELTA]   AND-query matched main_id=862146. Checking child tables...
2026-05-08 18:54:46,203 - INFO - orchestrator - [DELTA]   'Shakour Bint Mohammed Al Ghamari' (main_id=862146) — SAME. Added to is_del_list_1.
2026-05-08 18:54:46,204 - INFO - orchestrator - [DELTA] Processing record #1: 'Taiba Al Mawali'
2026-05-08 18:54:46,207 - INFO - orchestrator - [DELTA]   AND-query matched main_id=862147. Checking child tables...
2026-05-08 18:54:46,213 - INFO - orchestrator - [DELTA]   'Taiba Al Mawali' (main_id=862147) — SAME. Added to is_del_list_1.
2026-05-08 18:54:46,213 - INFO - orchestrator - [DELTA] Processing record #2: 'Lujaina Mohsin Darwish'
2026-05-08 18:54:46,216 - INFO - orchestrator - [DELTA]   AND-query matched main_id=862148. Checking child tables...
2026-05-08 18:54:46,224 - INFO - orchestrator - [DELTA]   'Lujaina Mohsin Darwish' (main_id=862148) — SAME. Added to is_del_list_1.
2026-05-08 18:54:46,225 - INFO - orchestrator - [DELTA] Processing record #3: 'Areej Mohsin Haider Darwish'
2026-05-08 18:54:46,228 - INFO - orchestrator - [DELTA]   AND-query matched main_id=862149. Checking child tables...
2026-05-08 18:54:46,234 - INFO - orchestrator - [DELTA]   'Areej Mohsin Haider Darwish' (main_id=862149) — SAME. Added to is_del_list_1.
2026-05-08 18:54:46,235 - INFO - orchestrator - [DELTA] Processing record #4: 'Amal Bahwan'
2026-05-08 18:54:46,237 - INFO - orchestrator - [DELTA]   AND-query matched main_id=781155. Checking child tables...
2026-05-08 18:54:46,249 - INFO - orchestrator - [DELTA]   'Amal Bahwan' (main_id=781155) — SAME. Added to is_del_list_1.
2026-05-08 18:54:46,250 - INFO - orchestrator - [DELTA] Processing record #5: 'Amer Awadh Rawas'
2026-05-08 18:54:46,252 - INFO - orchestrator - [DELTA]   AND-query matched main_id=862150. Checking child tables...
2026-05-08 18:54:46,259 - INFO - orchestrator - [DELTA]   'Amer Awadh Rawas' (main_id=862150) — SAME. Added to is_del_list_1.
2026-05-08 18:54:46,260 - INFO - orchestrator - [DELTA] Processing record #6: 'Azza Al Ismaili'
2026-05-08 18:54:46,263 - INFO - orchestrator - [DELTA]   AND-query matched main_id=862151. Checking child tables...
2026-05-08 18:54:46,268 - INFO - orchestrator - [DELTA]   'Azza Al Ismaili' (main_id=862151) — SAME. Added to is_del_list_1.
2026-05-08 18:54:46,269 - INFO - orchestrator - [DELTA] Processing record #7: 'Nashiah Bint Saud Al Kharousiyah'
2026-05-08 18:54:46,270 - INFO - orchestrator - [DELTA]   AND-query matched main_id=862152. Checking child tables...
2026-05-08 18:54:46,274 - INFO - orchestrator - [DELTA]   'Nashiah Bint Saud Al Kharousiyah' (main_id=862152) — SAME. Added to is_del_list_1.
2026-05-08 18:54:46,274 - INFO - orchestrator - [DELTA] Processing record #8: 'Laila Bint Ahmed Bin Awad Al Najjar'
2026-05-08 18:54:46,276 - INFO - orchestrator - [DELTA]   AND-query matched main_id=781158. Checking child tables...
2026-05-08 18:54:46,280 - INFO - orchestrator - [DELTA]   'Laila Bint Ahmed Bin Awad Al Najjar' (main_id=781158) — SAME. Added to is_del_list_1.
2026-05-08 18:54:46,280 - INFO - orchestrator - [DELTA] Processing record #9: 'Fatma Bahwan'
2026-05-08 18:54:46,281 - INFO - orchestrator - [DELTA]   AND-query matched main_id=781159. Checking child tables...
2026-05-08 18:54:46,283 - INFO - orchestrator - [DELTA]   'Fatma Bahwan' (main_id=781159) — SAME. Added to is_del_list_1.
2026-05-08 18:54:46,284 - INFO - orchestrator - [DELTA] Processing record #10: 'Hind Bahwan'
2026-05-08 18:54:46,285 - INFO - orchestrator - [DELTA]   AND-query matched main_id=781160. Checking child tables...
2026-05-08 18:54:46,287 - INFO - orchestrator - [DELTA]   'Hind Bahwan' (main_id=781160) — SAME. Added to is_del_list_1.
2026-05-08 18:54:46,287 - INFO - orchestrator - [DELTA] Processing record #11: 'Haifa Al Khaifi'
2026-05-08 18:54:46,288 - INFO - orchestrator - [DELTA]   AND-query matched main_id=781161. Checking child tables...
2026-05-08 18:54:46,290 - INFO - orchestrator - [DELTA]   'Haifa Al Khaifi' (main_id=781161) — SAME. Added to is_del_list_1.
2026-05-08 18:54:46,290 - INFO - orchestrator - [DELTA] Processing record #12: 'Rawan Bint Ahmed Al Said'
2026-05-08 18:54:46,291 - INFO - orchestrator - [DELTA]   AND-query matched main_id=862153. Checking child tables...
2026-05-08 18:54:46,293 - INFO - orchestrator - [DELTA]   'Rawan Bint Ahmed Al Said' (main_id=862153) — SAME. Added to is_del_list_1.
2026-05-08 18:54:46,294 - INFO - orchestrator - [DELTA] Processing record #13: 'Huda Al Lawati'
2026-05-08 18:54:46,294 - INFO - orchestrator - [DELTA]   AND-query matched main_id=781163. Checking child tables...
2026-05-08 18:54:46,297 - INFO - orchestrator - [DELTA]   'Huda Al Lawati' (main_id=781163) — SAME. Added to is_del_list_1.
2026-05-08 18:54:46,297 - INFO - orchestrator - [DELTA] Processing record #14: 'Devaki Khimji'
2026-05-08 18:54:46,298 - INFO - orchestrator - [DELTA]   AND-query matched main_id=781164. Checking child tables...
2026-05-08 18:54:46,300 - INFO - orchestrator - [DELTA]   'Devaki Khimji' (main_id=781164) — SAME. Added to is_del_list_1.
2026-05-08 18:54:46,300 - INFO - orchestrator - [DELTA] Processing record #15: 'Arfah Bin Frijoon Bait Sameer'
2026-05-08 18:54:46,301 - INFO - orchestrator - [DELTA]   AND-query matched main_id=862175. Checking child tables...
2026-05-08 18:54:46,304 - INFO - orchestrator - [DELTA]   'Arfah Bin Frijoon Bait Sameer' (main_id=862175) — SAME. Added to is_del_list_1.
2026-05-08 18:54:46,304 - INFO - orchestrator - [DELTA] Processing record #16: 'Rahma Bint Ibrahim Al Mahrooqi'
2026-05-08 18:54:46,305 - INFO - orchestrator - [DELTA]   AND-query matched main_id=862155. Checking child tables...
2026-05-08 18:54:46,307 - INFO - orchestrator - [DELTA]   'Rahma Bint Ibrahim Al Mahrooqi' (main_id=862155) — SAME. Added to is_del_list_1.
2026-05-08 18:54:46,307 - INFO - orchestrator - [DELTA] Processing record #17: 'Qais Mohammed Al Yousef'
2026-05-08 18:54:46,307 - INFO - orchestrator - [DELTA]   AND-query matched main_id=862156. Checking child tables...
2026-05-08 18:54:46,310 - INFO - orchestrator - [DELTA]   'Qais Mohammed Al Yousef' (main_id=862156) — SAME. Added to is_del_list_1.
2026-05-08 18:54:46,310 - INFO - orchestrator - [DELTA] Processing record #18: 'Salim Bin Nasir Bin Said Al Aufi'
2026-05-08 18:54:46,311 - INFO - orchestrator - [DELTA]   AND-query matched main_id=862157. Checking child tables...
2026-05-08 18:54:46,313 - INFO - orchestrator - [DELTA]   'Salim Bin Nasir Bin Said Al Aufi' (main_id=862157) — SAME. Added to is_del_list_1.
2026-05-08 18:54:46,313 - INFO - orchestrator - [DELTA] Processing record #19: 'Salem Bin Mohammed Al Mahrooqi'
2026-05-08 18:54:46,314 - INFO - orchestrator - [DELTA]   AND-query matched main_id=862158. Checking child tables...
2026-05-08 18:54:46,316 - INFO - orchestrator - [DELTA]   'Salem Bin Mohammed Al Mahrooqi' (main_id=862158) — SAME. Added to is_del_list_1.
2026-05-08 18:54:46,316 - INFO - orchestrator - [DELTA] Processing record #20: 'Rajehah Bint Mahmud Bin Mohammad Al Lawati'
2026-05-08 18:54:46,316 - INFO - orchestrator - [DELTA]   AND-query matched main_id=781170. Checking child tables...
2026-05-08 18:54:46,318 - INFO - orchestrator - [DELTA]   'Rajehah Bint Mahmud Bin Mohammad Al Lawati' (main_id=781170) — SAME. Added to is_del_list_1.
2026-05-08 18:54:46,318 - INFO - orchestrator - [DELTA] Processing record #21: 'Nemah Al Busaidiyah'
2026-05-08 18:54:46,319 - INFO - orchestrator - [DELTA]   AND-query matched main_id=781171. Checking child tables...
2026-05-08 18:54:46,321 - INFO - orchestrator - [DELTA]   'Nemah Al Busaidiyah' (main_id=781171) — SAME. Added to is_del_list_1.
2026-05-08 18:54:46,321 - INFO - orchestrator - [DELTA] Processing record #22: 'Sharifah Bint Khalfan Al Yahayai'
2026-05-08 18:54:46,322 - INFO - orchestrator - [DELTA]   AND-query matched main_id=781172. Checking child tables...
2026-05-08 18:54:46,324 - INFO - orchestrator - [DELTA]   'Sharifah Bint Khalfan Al Yahayai' (main_id=781172) — SAME. Added to is_del_list_1.
2026-05-08 18:54:46,324 - INFO - orchestrator - [DELTA] Processing record #23: 'Thuwaibah Bint Ahmed Al Barwani'
2026-05-08 18:54:46,325 - INFO - orchestrator - [DELTA]   AND-query matched main_id=781173. Checking child tables...
2026-05-08 18:54:46,327 - INFO - orchestrator - [DELTA]   'Thuwaibah Bint Ahmed Al Barwani' (main_id=781173) — SAME. Added to is_del_list_1.
2026-05-08 18:54:46,327 - INFO - orchestrator - [DELTA] Processing record #24: 'Rahma Bint Hamad Al Mesharfiyah'
2026-05-08 18:54:46,328 - INFO - orchestrator - [DELTA]   AND-query matched main_id=781175. Checking child tables...
2026-05-08 18:54:46,331 - INFO - orchestrator - [DELTA]   'Rahma Bint Hamad Al Mesharfiyah' (main_id=781175) — SAME. Added to is_del_list_1.
2026-05-08 18:54:46,331 - INFO - orchestrator - [DELTA] Processing record #25: 'Niamah Bint Jameel Al Busaidiyah'
2026-05-08 18:54:46,332 - INFO - orchestrator - [DELTA]   AND-query matched main_id=781176. Checking child tables...
2026-05-08 18:54:46,334 - INFO - orchestrator - [DELTA]   'Niamah Bint Jameel Al Busaidiyah' (main_id=781176) — SAME. Added to is_del_list_1.
2026-05-08 18:54:46,334 - INFO - orchestrator - [DELTA] Processing record #26: 'Idris Bin Abdul Rahman Al Khanjari'
2026-05-08 18:54:46,335 - INFO - orchestrator - [DELTA]   AND-query matched main_id=862159. Checking child tables...
2026-05-08 18:54:46,336 - INFO - orchestrator - [DELTA]   'Idris Bin Abdul Rahman Al Khanjari' (main_id=862159) — SAME. Added to is_del_list_1.
2026-05-08 18:54:46,337 - INFO - orchestrator - [DELTA] Processing record #27: 'Khalid Al Maawali'
2026-05-08 18:54:46,337 - INFO - orchestrator - [DELTA]   AND-query matched main_id=781178. Checking child tables...
2026-05-08 18:54:46,339 - INFO - orchestrator - [DELTA]   'Khalid Al Maawali' (main_id=781178) — SAME. Added to is_del_list_1.
2026-05-08 18:54:46,340 - INFO - orchestrator - [DELTA] Processing record #28: 'Haitham Bin Tarik Al Said'
2026-05-08 18:54:46,340 - INFO - orchestrator - [DELTA]   AND-query matched main_id=862176. Checking child tables...
2026-05-08 18:54:46,344 - INFO - orchestrator - [DELTA]   'Haitham Bin Tarik Al Said' (main_id=862176) — SAME. Added to is_del_list_1.
2026-05-08 18:54:46,344 - INFO - orchestrator - [DELTA] Processing record #29: 'Abdullah Al Raisi'
2026-05-08 18:54:46,345 - INFO - orchestrator - [DELTA]   AND-query matched main_id=781180. Checking child tables...
2026-05-08 18:54:46,347 - INFO - orchestrator - [DELTA]   'Abdullah Al Raisi' (main_id=781180) — SAME. Added to is_del_list_1.
2026-05-08 18:54:46,347 - INFO - orchestrator - [DELTA] Processing record #30: 'Maani Bint Abdullah Al Busaidi'
2026-05-08 18:54:46,348 - INFO - orchestrator - [DELTA]   AND-query matched main_id=781181. Checking child tables...
2026-05-08 18:54:46,349 - INFO - orchestrator - [DELTA]   'Maani Bint Abdullah Al Busaidi' (main_id=781181) — SAME. Added to is_del_list_1.
2026-05-08 18:54:46,349 - INFO - orchestrator - [DELTA] Processing record #31: 'Saud Bin Ibrahim Al Busaidi'
2026-05-08 18:54:46,350 - INFO - orchestrator - [DELTA]   AND-query matched main_id=781182. Checking child tables...
2026-05-08 18:54:46,351 - INFO - orchestrator - [DELTA]   'Saud Bin Ibrahim Al Busaidi' (main_id=781182) — SAME. Added to is_del_list_1.
2026-05-08 18:54:46,352 - INFO - orchestrator - [DELTA] Processing record #32: 'Samira Bint Mohamed Al Moosa'
2026-05-08 18:54:46,352 - INFO - orchestrator - [DELTA]   AND-query matched main_id=862161. Checking child tables...
2026-05-08 18:54:46,354 - INFO - orchestrator - [DELTA]   'Samira Bint Mohamed Al Moosa' (main_id=862161) — SAME. Added to is_del_list_1.
2026-05-08 18:54:46,354 - INFO - orchestrator - [DELTA] Processing record #33: 'Munib Al Masri'
2026-05-08 18:54:46,355 - INFO - orchestrator - [DELTA]   AND-query matched main_id=862177. Checking child tables...
2026-05-08 18:54:46,357 - INFO - orchestrator - [DELTA]   'Munib Al Masri' (main_id=862177) — SAME. Added to is_del_list_1.
2026-05-08 18:54:46,358 - INFO - orchestrator - [DELTA] Processing record #34: 'Talal Bin Suleiman Alrahbi'
2026-05-08 18:54:46,358 - INFO - orchestrator - [DELTA]   AND-query matched main_id=862163. Checking child tables...
2026-05-08 18:54:46,361 - INFO - orchestrator - [DELTA]   'Talal Bin Suleiman Alrahbi' (main_id=862163) — SAME. Added to is_del_list_1.
2026-05-08 18:54:46,361 - INFO - orchestrator - [DELTA] Processing record #35: 'Salem Ben Nasser Al Ismaily'
2026-05-08 18:54:46,362 - INFO - orchestrator - [DELTA]   AND-query matched main_id=862164. Checking child tables...
2026-05-08 18:54:46,364 - INFO - orchestrator - [DELTA]   'Salem Ben Nasser Al Ismaily' (main_id=862164) — SAME. Added to is_del_list_1.
2026-05-08 18:54:46,364 - INFO - orchestrator - [DELTA] Processing record #36: 'Aisha Bint Khalfan Bin Jameel'
2026-05-08 18:54:46,365 - INFO - orchestrator - [DELTA]   AND-query matched main_id=781187. Checking child tables...
2026-05-08 18:54:46,367 - INFO - orchestrator - [DELTA]   'Aisha Bint Khalfan Bin Jameel' (main_id=781187) — SAME. Added to is_del_list_1.
2026-05-08 18:54:46,367 - INFO - orchestrator - [DELTA] Processing record #37: 'Madeeha Bint Ahmed Bin Nassir Al Shibaniyah'
2026-05-08 18:54:46,368 - INFO - orchestrator - [DELTA]   AND-query matched main_id=781188. Checking child tables...
2026-05-08 18:54:46,370 - INFO - orchestrator - [DELTA]   'Madeeha Bint Ahmed Bin Nassir Al Shibaniyah' (main_id=781188) — SAME. Added to is_del_list_1.
2026-05-08 18:54:46,370 - INFO - orchestrator - [DELTA] Processing record #38: 'Abdullah Al Saidi'
2026-05-08 18:54:46,370 - INFO - orchestrator - [DELTA]   AND-query matched main_id=862165. Checking child tables...
2026-05-08 18:54:46,373 - INFO - orchestrator - [DELTA]   'Abdullah Al Saidi' (main_id=862165) — SAME. Added to is_del_list_1.
2026-05-08 18:54:46,373 - INFO - orchestrator - [DELTA] Processing record #39: 'Yusuf Bin Alawi Bin Abdullah'
2026-05-08 18:54:46,373 - INFO - orchestrator - [DELTA]   AND-query matched main_id=862166. Checking child tables...
2026-05-08 18:54:46,376 - INFO - orchestrator - [DELTA]   'Yusuf Bin Alawi Bin Abdullah' (main_id=862166) — SAME. Added to is_del_list_1.
2026-05-08 18:54:46,376 - INFO - orchestrator - [DELTA] Processing record #40: 'Khalid Bin Hilal Al Busaidi'
2026-05-08 18:54:46,377 - INFO - orchestrator - [DELTA]   AND-query matched main_id=862178. Checking child tables...
2026-05-08 18:54:46,379 - INFO - orchestrator - [DELTA]   'Khalid Bin Hilal Al Busaidi' (main_id=862178) — SAME. Added to is_del_list_1.
2026-05-08 18:54:46,379 - INFO - orchestrator - [DELTA] Processing record #41: 'Asaad Bin Tariq Al Said'
2026-05-08 18:54:46,380 - INFO - orchestrator - [DELTA]   AND-query matched main_id=862179. Checking child tables...
2026-05-08 18:54:46,382 - INFO - orchestrator - [DELTA]   'Asaad Bin Tariq Al Said' (main_id=862179) — SAME. Added to is_del_list_1.
2026-05-08 18:54:46,382 - INFO - orchestrator - [DELTA] Processing record #42: 'Khalid Bin Omar Bin Said Al Marhoon'
2026-05-08 18:54:46,383 - INFO - orchestrator - [DELTA]   AND-query matched main_id=781193. Checking child tables...
2026-05-08 18:54:46,385 - INFO - orchestrator - [DELTA]   'Khalid Bin Omar Bin Said Al Marhoon' (main_id=781193) — SAME. Added to is_del_list_1.
2026-05-08 18:54:46,385 - INFO - orchestrator - [DELTA] Processing record #43: 'Tariq Hilal Al Barwani'
2026-05-08 18:54:46,386 - INFO - orchestrator - [DELTA]   AND-query matched main_id=862169. Checking child tables...
2026-05-08 18:54:46,388 - INFO - orchestrator - [DELTA]   'Tariq Hilal Al Barwani' (main_id=862169) — SAME. Added to is_del_list_1.
2026-05-08 18:54:46,389 - INFO - orchestrator - [DELTA] Processing record #44: 'Mohammed Al Rumhy'
2026-05-08 18:54:46,389 - INFO - orchestrator - [DELTA]   AND-query matched main_id=862170. Checking child tables...
2026-05-08 18:54:46,392 - INFO - orchestrator - [DELTA]   'Mohammed Al Rumhy' (main_id=862170) — SAME. Added to is_del_list_1.
2026-05-08 18:54:46,392 - INFO - orchestrator - [DELTA] Processing record #45: 'Rawya Saud Al Busaidi'
2026-05-08 18:54:46,393 - INFO - orchestrator - [DELTA]   AND-query matched main_id=781196. Checking child tables...
2026-05-08 18:54:46,395 - INFO - orchestrator - [DELTA]   'Rawya Saud Al Busaidi' (main_id=781196) — SAME. Added to is_del_list_1.
2026-05-08 18:54:46,395 - INFO - orchestrator - [DELTA] Processing record #46: 'Shihab Bin Tariq Al Said'
2026-05-08 18:54:46,396 - INFO - orchestrator - [DELTA]   AND-query matched main_id=862180. Checking child tables...
2026-05-08 18:54:46,398 - INFO - orchestrator - [DELTA]   'Shihab Bin Tariq Al Said' (main_id=862180) — SAME. Added to is_del_list_1.
2026-05-08 18:54:46,398 - INFO - orchestrator - [DELTA] Processing record #47: 'Abdullah Ibn Rashid Al Sayyabi'
2026-05-08 18:54:46,399 - INFO - orchestrator - [DELTA]   AND-query matched main_id=862172. Checking child tables...
2026-05-08 18:54:46,401 - INFO - orchestrator - [DELTA]   'Abdullah Ibn Rashid Al Sayyabi' (main_id=862172) — SAME. Added to is_del_list_1.
2026-05-08 18:54:46,401 - INFO - orchestrator - [DELTA] Processing record #48: 'Amr Al Bidh'
2026-05-08 18:54:46,402 - INFO - orchestrator - [DELTA]   AND-query matched main_id=862173. Checking child tables...
2026-05-08 18:54:46,405 - INFO - orchestrator - [DELTA]   'Amr Al Bidh' (main_id=862173) — SAME. Added to is_del_list_1.
2026-05-08 18:54:46,405 - INFO - orchestrator - [DELTA] Processing record #49: 'Badr Bin Hamad Al Busaidi'
2026-05-08 18:54:46,405 - INFO - orchestrator - [DELTA]   AND-query matched main_id=862181. Checking child tables...
2026-05-08 18:54:46,408 - INFO - orchestrator - [DELTA]   'Badr Bin Hamad Al Busaidi' (main_id=862181) — SAME. Added to is_del_list_1.
2026-05-08 18:54:46,408 - INFO - orchestrator - [DELTA] Processing record #50: 'Asa ad bin Tariq Al Said'
2026-05-08 18:54:46,409 - INFO - orchestrator - [DELTA]   AND-query matched main_id=781209. Checking child tables...
2026-05-08 18:54:46,411 - INFO - orchestrator - [DELTA]   'Asa ad bin Tariq Al Said' (main_id=781209) — SAME. Added to is_del_list_1.
2026-05-08 18:54:46,411 - INFO - orchestrator - [DELTA] Processing record #51: 'Nawwal bint Tariq Al Said'
2026-05-08 18:54:46,412 - INFO - orchestrator - [DELTA]   AND-query matched main_id=781210. Checking child tables...
2026-05-08 18:54:46,414 - INFO - orchestrator - [DELTA]   'Nawwal bint Tariq Al Said' (main_id=781210) — SAME. Added to is_del_list_1.
2026-05-08 18:54:46,414 - INFO - orchestrator - [DELTA] Processing record #52: 'Shihab bin Tariq Al Said'
2026-05-08 18:54:46,415 - INFO - orchestrator - [DELTA]   AND-query matched main_id=781211. Checking child tables...
2026-05-08 18:54:46,417 - INFO - orchestrator - [DELTA]   'Shihab bin Tariq Al Said' (main_id=781211) — SAME. Added to is_del_list_1.
2026-05-08 18:54:46,417 - INFO - orchestrator - [DELTA] Processing record #53: 'Badr bin Hamad Al Busaidi'
2026-05-08 18:54:46,418 - INFO - orchestrator - [DELTA]   AND-query matched main_id=781212. Checking child tables...
2026-05-08 18:54:46,419 - INFO - orchestrator - [DELTA]   'Badr bin Hamad Al Busaidi' (main_id=781212) — SAME. Added to is_del_list_1.
2026-05-08 18:54:46,420 - INFO - orchestrator - [DELTA] Processing record #54: 'Haitham bin Tarik Al Said'
2026-05-08 18:54:46,421 - INFO - orchestrator - [DELTA]   AND-query matched main_id=781213. Checking child tables...
2026-05-08 18:54:46,422 - INFO - orchestrator - [DELTA]   'Haitham bin Tarik Al Said' (main_id=781213) — SAME. Added to is_del_list_1.
2026-05-08 18:54:46,423 - INFO - orchestrator - [DELTA] Processing record #55: 'Khalid bin Hilal Al Busaidi'
2026-05-08 18:54:46,423 - INFO - orchestrator - [DELTA]   AND-query matched main_id=781214. Checking child tables...
2026-05-08 18:54:46,426 - INFO - orchestrator - [DELTA]   'Khalid bin Hilal Al Busaidi' (main_id=781214) — SAME. Added to is_del_list_1.
2026-05-08 18:54:46,426 - INFO - orchestrator - [DELTA] Processing record #56: 'Shawana bint Hammoud Al Busaidi'
2026-05-08 18:54:46,427 - INFO - orchestrator - [DELTA]   AND-query matched main_id=781208. Checking child tables...
2026-05-08 18:54:46,429 - INFO - orchestrator - [DELTA]   'Shawana bint Hammoud Al Busaidi' (main_id=781208) — SAME. Added to is_del_list_1.
2026-05-08 18:54:46,429 - INFO - orchestrator - [DELTA] Processing record #57: 'Awad bin Arfah bin Frijoon Bait Sameer'
2026-05-08 18:54:46,430 - INFO - orchestrator - [DELTA]   AND-query matched main_id=781202. Checking child tables...
2026-05-08 18:54:46,432 - INFO - orchestrator - [DELTA]   'Awad bin Arfah bin Frijoon Bait Sameer' (main_id=781202) — SAME. Added to is_del_list_1.
2026-05-08 18:54:46,432 - INFO - orchestrator - [DELTA] Processing record #58: 'Bilarab bin Haitham Al Said'
2026-05-08 18:54:46,433 - INFO - orchestrator - [DELTA]   AND-query matched main_id=781203. Checking child tables...
2026-05-08 18:54:46,435 - INFO - orchestrator - [DELTA]   'Bilarab bin Haitham Al Said' (main_id=781203) — SAME. Added to is_del_list_1.
2026-05-08 18:54:46,435 - INFO - orchestrator - [DELTA] Processing record #59: 'Theyazin bin Haitham Al Said'
2026-05-08 18:54:46,435 - INFO - orchestrator - [DELTA]   AND-query matched main_id=781204. Checking child tables...
2026-05-08 18:54:46,438 - INFO - orchestrator - [DELTA]   'Theyazin bin Haitham Al Said' (main_id=781204) — SAME. Added to is_del_list_1.
2026-05-08 18:54:46,438 - INFO - orchestrator - [DELTA] Processing record #60: 'Mai Almasri'
2026-05-08 18:54:46,439 - INFO - orchestrator - [DELTA]   AND-query matched main_id=781205. Checking child tables...
2026-05-08 18:54:46,440 - INFO - orchestrator - [DELTA]   'Mai Almasri' (main_id=781205) — SAME. Added to is_del_list_1.
2026-05-08 18:54:46,441 - INFO - orchestrator - [DELTA] Processing record #61: 'Taimur bin Asaad Al Said'
2026-05-08 18:54:46,441 - INFO - orchestrator - [DELTA]   AND-query matched main_id=781206. Checking child tables...
2026-05-08 18:54:46,444 - INFO - orchestrator - [DELTA]   'Taimur bin Asaad Al Said' (main_id=781206) — SAME. Added to is_del_list_1.
2026-05-08 18:54:46,444 - INFO - orchestrator - [DELTA] Processing record #62: 'Meyyan bint Shihab Al Said'
2026-05-08 18:54:46,445 - INFO - orchestrator - [DELTA]   AND-query matched main_id=781207. Checking child tables...
2026-05-08 18:54:46,447 - INFO - orchestrator - [DELTA]   'Meyyan bint Shihab Al Said' (main_id=781207) — SAME. Added to is_del_list_1.
2026-05-08 18:54:46,447 - INFO - orchestrator - [DELTA] Processing record #63: 'Sanaa Al Haib'
2026-05-08 18:54:46,448 - INFO - orchestrator - [DELTA]   AND-query matched main_id=781200. Checking child tables...
2026-05-08 18:54:46,450 - INFO - orchestrator - [DELTA]   'Sanaa Al Haib' (main_id=781200) — SAME. Added to is_del_list_1.
2026-05-08 18:54:46,450 - INFO - orchestrator - [DELTA] Processing record #64: 'Ahad bint Abdullah Al Busaidi'
2026-05-08 18:54:46,451 - INFO - orchestrator - [DELTA]   AND-query matched main_id=781201. Checking child tables...
2026-05-08 18:54:46,453 - INFO - orchestrator - [DELTA]   'Ahad bint Abdullah Al Busaidi' (main_id=781201) — SAME. Added to is_del_list_1.
2026-05-08 18:55:12,745 - INFO - orchestrator - Delta: 0 new records in 58.5s
2026-05-08 18:55:12,745 - INFO - orchestrator - No new records for om_gen — DB is up to date
