2026-05-05 20:43:43,059 - INFO - orchestrator - ============================================================
2026-05-05 20:43:43,059 - INFO - orchestrator - country=Qatar | tag=qa_gen | file=pep_qatar_living_relevant_20260505_122205.xlsx
2026-05-05 20:43:43,059 - INFO - orchestrator - ============================================================
2026-05-05 20:44:05,420 - INFO - orchestrator - [DELTA] Processing record #0: 'Muhammad Al Emadi'
2026-05-05 20:44:05,422 - INFO - orchestrator - [DELTA]   AND-query matched main_id=781215. Checking child tables...
2026-05-05 20:44:05,431 - INFO - orchestrator - [DELTA]   'Muhammad Al Emadi' (main_id=781215) — SAME. Added to is_del_list_1.
2026-05-05 20:44:05,431 - INFO - orchestrator - [DELTA] Processing record #1: 'Hind Abdul Rahman Al Muftah'
2026-05-05 20:44:05,432 - INFO - orchestrator - [DELTA]   AND-query matched main_id=781216. Checking child tables...
2026-05-05 20:44:05,435 - INFO - orchestrator - [DELTA]   'Hind Abdul Rahman Al Muftah' (main_id=781216) — SAME. Added to is_del_list_1.
2026-05-05 20:44:05,435 - INFO - orchestrator - [DELTA] Processing record #2: 'Aisha Yousef Al Mannai'
2026-05-05 20:44:05,436 - INFO - orchestrator - [DELTA]   AND-query matched main_id=781217. Checking child tables...
2026-05-05 20:44:05,439 - INFO - orchestrator - [DELTA]   'Aisha Yousef Al Mannai' (main_id=781217) — SAME. Added to is_del_list_1.
2026-05-05 20:44:05,439 - INFO - orchestrator - [DELTA] Processing record #3: 'Reem Al Mansoori'
2026-05-05 20:44:05,441 - INFO - orchestrator - [DELTA]   AND-query matched main_id=781218. Checking child tables...
2026-05-05 20:44:05,444 - INFO - orchestrator - [DELTA]   'Reem Al Mansoori' (main_id=781218) — SAME. Added to is_del_list_1.
2026-05-05 20:44:05,444 - INFO - orchestrator - [DELTA] Processing record #4: 'Abdul Rahman Bin Muhammad Suleiman Al Khulaifi'
2026-05-05 20:44:05,446 - INFO - orchestrator - [DELTA]   AND-query matched main_id=781220. Checking child tables...
2026-05-05 20:44:05,449 - INFO - orchestrator - [DELTA]   role_type MISMATCH:
      DB tuples:      [('Diplomat', None, None, None), ('Politician', None, None, None)]
      Scraper tuples: []
      To remove=[('Diplomat', None, None, None), ('Politician', None, None, None)]  To add=[]
2026-05-05 20:44:05,449 - INFO - orchestrator - [DELTA]   'Abdul Rahman Bin Muhammad Suleiman Al Khulaifi' (main_id=781220) — CHANGED. Failing check(s): ["role_type (to_remove=[('Diplomat', None, None, None), ('Politician', None, None, None)], to_add=[])"]. Added to new_df.
2026-05-05 20:44:05,450 - INFO - orchestrator - [DELTA] Processing record #5: 'Sharida Saad Gibran Al Kaabi'
2026-05-05 20:44:05,451 - INFO - orchestrator - [DELTA]   AND-query matched main_id=781221. Checking child tables...
2026-05-05 20:44:05,454 - INFO - orchestrator - [DELTA]   role_type MISMATCH:
      DB tuples:      [('Diplomat', None, None, None), ('Politician', None, None, None)]
      Scraper tuples: []
      To remove=[('Diplomat', None, None, None), ('Politician', None, None, None)]  To add=[]
2026-05-05 20:44:05,454 - INFO - orchestrator - [DELTA]   'Sharida Saad Gibran Al Kaabi' (main_id=781221) — CHANGED. Failing check(s): ["role_type (to_remove=[('Diplomat', None, None, None), ('Politician', None, None, None)], to_add=[])"]. Added to new_df.
2026-05-05 20:44:05,455 - INFO - orchestrator - [DELTA] Processing record #6: 'Badr Payment'
2026-05-05 20:44:05,456 - INFO - orchestrator - [DELTA]   AND-query matched main_id=781222. Checking child tables...
2026-05-05 20:44:05,460 - INFO - orchestrator - [DELTA]   'Badr Payment' (main_id=781222) — SAME. Added to is_del_list_1.
2026-05-05 20:44:05,460 - INFO - orchestrator - [DELTA] Processing record #7: 'Ali Bin Hassan Al Hammadi'
2026-05-05 20:44:05,461 - INFO - orchestrator - [DELTA]   AND-query matched main_id=781223. Checking child tables...
2026-05-05 20:44:05,464 - INFO - orchestrator - [DELTA]   role_type MISMATCH:
      DB tuples:      [('Diplomat', None, None, None), ('Politician', None, None, None)]
      Scraper tuples: []
      To remove=[('Diplomat', None, None, None), ('Politician', None, None, None)]  To add=[]
2026-05-05 20:44:05,465 - INFO - orchestrator - [DELTA]   'Ali Bin Hassan Al Hammadi' (main_id=781223) — CHANGED. Failing check(s): ["role_type (to_remove=[('Diplomat', None, None, None), ('Politician', None, None, None)], to_add=[])"]. Added to new_df.
2026-05-05 20:44:05,466 - INFO - orchestrator - [DELTA] Processing record #8: 'Saad Bin Nasser Al Humaidi'
2026-05-05 20:44:05,467 - INFO - orchestrator - [DELTA]   AND-query matched main_id=781224. Checking child tables...
2026-05-05 20:44:05,469 - INFO - orchestrator - [DELTA]   'Saad Bin Nasser Al Humaidi' (main_id=781224) — SAME. Added to is_del_list_1.
2026-05-05 20:44:05,470 - INFO - orchestrator - [DELTA] Processing record #9: 'Mubarak Bin Kleefikh Al Hajri'
2026-05-05 20:44:05,470 - INFO - orchestrator - [DELTA]   AND-query matched main_id=781225. Checking child tables...
2026-05-05 20:44:05,473 - INFO - orchestrator - [DELTA]   'Mubarak Bin Kleefikh Al Hajri' (main_id=781225) — SAME. Added to is_del_list_1.
2026-05-05 20:44:05,473 - INFO - orchestrator - [DELTA] Processing record #10: 'Ali Bin Ahmed Al Kuwari'
2026-05-05 20:44:05,474 - INFO - orchestrator - [DELTA]   AND-query matched main_id=781226. Checking child tables...
2026-05-05 20:44:05,477 - INFO - orchestrator - [DELTA]   'Ali Bin Ahmed Al Kuwari' (main_id=781226) — SAME. Added to is_del_list_1.
2026-05-05 20:44:05,477 - INFO - orchestrator - [DELTA] Processing record #11: 'Abdul Razzaq Abdul Jalil Al Abdul Ghani'
2026-05-05 20:44:05,478 - INFO - orchestrator - [DELTA]   AND-query matched main_id=781227. Checking child tables...
2026-05-05 20:44:05,481 - INFO - orchestrator - [DELTA]   role_type MISMATCH:
      DB tuples:      [('Diplomat', None, None, None), ('Politician', None, None, None)]
      Scraper tuples: []
      To remove=[('Diplomat', None, None, None), ('Politician', None, None, None)]  To add=[]
2026-05-05 20:44:05,482 - INFO - orchestrator - [DELTA]   'Abdul Razzaq Abdul Jalil Al Abdul Ghani' (main_id=781227) — CHANGED. Failing check(s): ["role_type (to_remove=[('Diplomat', None, None, None), ('Politician', None, None, None)], to_add=[])"]. Added to new_df.
2026-05-05 20:44:05,482 - INFO - orchestrator - [DELTA] Processing record #12: 'Fahd Bin Mohammed Al Attiyah'
2026-05-05 20:44:05,484 - INFO - orchestrator - [DELTA]   AND-query matched main_id=781228. Checking child tables...
2026-05-05 20:44:05,487 - INFO - orchestrator - [DELTA]   role_type MISMATCH:
      DB tuples:      [('Diplomat', None, None, None), ('Politician', None, None, None)]
      Scraper tuples: []
      To remove=[('Diplomat', None, None, None), ('Politician', None, None, None)]  To add=[]
2026-05-05 20:44:05,488 - INFO - orchestrator - [DELTA]   'Fahd Bin Mohammed Al Attiyah' (main_id=781228) — CHANGED. Failing check(s): ["role_type (to_remove=[('Diplomat', None, None, None), ('Politician', None, None, None)], to_add=[])"]. Added to new_df.
2026-05-05 20:44:05,489 - INFO - orchestrator - [DELTA] Processing record #13: 'Abdullah Falah Al Dosari'
2026-05-05 20:44:05,491 - INFO - orchestrator - [DELTA]   AND-query matched main_id=781229. Checking child tables...
2026-05-05 20:44:05,494 - INFO - orchestrator - [DELTA]   role_type MISMATCH:
      DB tuples:      [('Diplomat', None, None, None), ('Politician', None, None, None)]
      Scraper tuples: []
      To remove=[('Diplomat', None, None, None), ('Politician', None, None, None)]  To add=[]
2026-05-05 20:44:05,494 - INFO - orchestrator - [DELTA]   'Abdullah Falah Al Dosari' (main_id=781229) — CHANGED. Failing check(s): ["role_type (to_remove=[('Diplomat', None, None, None), ('Politician', None, None, None)], to_add=[])"]. Added to new_df.
2026-05-05 20:44:05,495 - INFO - orchestrator - [DELTA] Processing record #14: 'Muhammad Hamad Saad Al Fuhaid Al Hajri'
2026-05-05 20:44:05,496 - INFO - orchestrator - [DELTA]   AND-query matched main_id=781230. Checking child tables...
2026-05-05 20:44:05,500 - INFO - orchestrator - [DELTA]   role_type MISMATCH:
      DB tuples:      [('Diplomat', None, None, None), ('Politician', None, None, None)]
      Scraper tuples: []
      To remove=[('Diplomat', None, None, None), ('Politician', None, None, None)]  To add=[]
2026-05-05 20:44:05,500 - INFO - orchestrator - [DELTA]   'Muhammad Hamad Saad Al Fuhaid Al Hajri' (main_id=781230) — CHANGED. Failing check(s): ["role_type (to_remove=[('Diplomat', None, None, None), ('Politician', None, None, None)], to_add=[])"]. Added to new_df.
2026-05-05 20:44:05,500 - INFO - orchestrator - [DELTA] Processing record #15: 'Mana Abdul Hadi Al Hajri'
2026-05-05 20:44:05,502 - INFO - orchestrator - [DELTA]   AND-query matched main_id=781231. Checking child tables...
2026-05-05 20:44:05,502 - INFO - orchestrator - [DELTA]   alias MISMATCH:
      DB=['Man A Abdul Hadi Al Hajri', 'مانع بن عبد الهادي الهاجري', 'مانع عبد الهادي الهاجري', 'مانع بن عبد الهادي مانع الشهواني الهاجري']
      Scraper=['مانع عبد الهادي الهاجري', 'Man A Abdul Hadi Al Hajri', 'مانع بن عبد الهادي مانع الشهواني الهاجري', 'مانع بن عبد الہادی ہاجری', 'مانع بن عبد الهادي الهاجري']
      To remove=[]  To add=['مانع بن عبد الہادی ہاجری']
2026-05-05 20:44:05,505 - INFO - orchestrator - [DELTA]   'Mana Abdul Hadi Al Hajri' (main_id=781231) — CHANGED. Failing check(s): ['alias']. Added to new_df.
2026-05-05 20:44:05,505 - INFO - orchestrator - [DELTA] Processing record #16: 'Ali Bin Abdullah Zaid Al Mahmoud'
2026-05-05 20:44:05,507 - INFO - orchestrator - [DELTA]   AND-query matched main_id=781232. Checking child tables...
2026-05-05 20:44:05,507 - INFO - orchestrator - [DELTA]   alias MISMATCH:
      DB=['علي بن عبد الله زيد آل محمود']
      Scraper=['علي بن عبد الله زيد آل محمود', 'Алі бін Абдулла Заїд Аль Махмуд']
      To remove=[]  To add=['Алі бін Абдулла Заїд Аль Махмуд']
2026-05-05 20:44:05,510 - INFO - orchestrator - [DELTA]   role_type MISMATCH:
      DB tuples:      [('Diplomat', None, None, None), ('Politician', None, None, None)]
      Scraper tuples: []
      To remove=[('Diplomat', None, None, None), ('Politician', None, None, None)]  To add=[]
2026-05-05 20:44:05,511 - INFO - orchestrator - [DELTA]   'Ali Bin Abdullah Zaid Al Mahmoud' (main_id=781232) — CHANGED. Failing check(s): ['alias', "role_type (to_remove=[('Diplomat', None, None, None), ('Politician', None, None, None)], to_add=[])"]. Added to new_df.
2026-05-05 20:44:05,512 - INFO - orchestrator - [DELTA] Processing record #17: 'Ibrahim Bin Abdul Aziz Al Sahlawi'
2026-05-05 20:44:05,513 - INFO - orchestrator - [DELTA]   AND-query matched main_id=781233. Checking child tables...
2026-05-05 20:44:05,516 - INFO - orchestrator - [DELTA]   role_type MISMATCH:
      DB tuples:      [('Diplomat', None, None, None), ('Politician', None, None, None)]
      Scraper tuples: []
      To remove=[('Diplomat', None, None, None), ('Politician', None, None, None)]  To add=[]
2026-05-05 20:44:05,516 - INFO - orchestrator - [DELTA]   'Ibrahim Bin Abdul Aziz Al Sahlawi' (main_id=781233) — CHANGED. Failing check(s): ["role_type (to_remove=[('Diplomat', None, None, None), ('Politician', None, None, None)], to_add=[])"]. Added to new_df.
2026-05-05 20:44:05,517 - INFO - orchestrator - [DELTA] Processing record #18: 'Saad Bin Ali Al Muhannadi'
2026-05-05 20:44:05,518 - INFO - orchestrator - [DELTA]   AND-query matched main_id=781234. Checking child tables...
2026-05-05 20:44:05,520 - INFO - orchestrator - [DELTA]   role_type MISMATCH:
      DB tuples:      [('Diplomat', None, None, None), ('Politician', None, None, None)]
      Scraper tuples: []
      To remove=[('Diplomat', None, None, None), ('Politician', None, None, None)]  To add=[]
2026-05-05 20:44:05,520 - INFO - orchestrator - [DELTA]   'Saad Bin Ali Al Muhannadi' (main_id=781234) — CHANGED. Failing check(s): ["role_type (to_remove=[('Diplomat', None, None, None), ('Politician', None, None, None)], to_add=[])"]. Added to new_df.
2026-05-05 20:44:05,521 - INFO - orchestrator - [DELTA] Processing record #19: 'Salem Bin Mubarak Al Shafi'
2026-05-05 20:44:05,522 - INFO - orchestrator - [DELTA]   AND-query matched main_id=781235. Checking child tables...
2026-05-05 20:44:05,526 - INFO - orchestrator - [DELTA]   'Salem Bin Mubarak Al Shafi' (main_id=781235) — SAME. Added to is_del_list_1.
2026-05-05 20:44:05,526 - INFO - orchestrator - [DELTA] Processing record #20: 'Hanadi Bint Nasser Al Thani'
2026-05-05 20:44:05,527 - INFO - orchestrator - [DELTA]   AND-query matched main_id=781236. Checking child tables...
2026-05-05 20:44:05,530 - INFO - orchestrator - [DELTA]   'Hanadi Bint Nasser Al Thani' (main_id=781236) — SAME. Added to is_del_list_1.
2026-05-05 20:44:05,530 - INFO - orchestrator - [DELTA] Processing record #21: 'Buthaina Al Ansari'
2026-05-05 20:44:05,532 - INFO - orchestrator - [DELTA]   AND-query matched main_id=781237. Checking child tables...
2026-05-05 20:44:05,534 - INFO - orchestrator - [DELTA]   'Buthaina Al Ansari' (main_id=781237) — SAME. Added to is_del_list_1.
2026-05-05 20:44:05,534 - INFO - orchestrator - [DELTA] Processing record #22: 'Aysha Al Mudahka'
2026-05-05 20:44:05,536 - INFO - orchestrator - [DELTA]   AND-query matched main_id=781238. Checking child tables...
2026-05-05 20:44:05,539 - INFO - orchestrator - [DELTA]   'Aysha Al Mudahka' (main_id=781238) — SAME. Added to is_del_list_1.
2026-05-05 20:44:05,539 - INFO - orchestrator - [DELTA] Processing record #23: 'Ahlam Salem Al Mana'
2026-05-05 20:44:05,540 - INFO - orchestrator - [DELTA]   AND-query matched main_id=781239. Checking child tables...
2026-05-05 20:44:05,543 - INFO - orchestrator - [DELTA]   'Ahlam Salem Al Mana' (main_id=781239) — SAME. Added to is_del_list_1.
2026-05-05 20:44:05,544 - INFO - orchestrator - [DELTA] Processing record #24: 'Ghanem Bin Shaheen Bin Ghanem Al Ghanim'
2026-05-05 20:44:05,546 - INFO - orchestrator - [DELTA]   No existing record found by name+scraper_tag — treating as BRAND NEW.
2026-05-05 20:44:07,117 - INFO - orchestrator - [DELTA]   'Ghanem Bin Shaheen Bin Ghanem Al Ghanim' — No match at all (truly new record). Added to new_df.
2026-05-05 20:44:07,118 - INFO - orchestrator - [DELTA] Processing record #25: 'Mariam Bint Ali Bin Nasser Al Misnad'
2026-05-05 20:44:07,126 - INFO - orchestrator - [DELTA]   AND-query matched main_id=781241. Checking child tables...
2026-05-05 20:44:07,132 - INFO - orchestrator - [DELTA]   'Mariam Bint Ali Bin Nasser Al Misnad' (main_id=781241) — SAME. Added to is_del_list_1.
2026-05-05 20:44:07,132 - INFO - orchestrator - [DELTA] Processing record #26: 'Mira Al Attiyah'
2026-05-05 20:44:07,133 - INFO - orchestrator - [DELTA]   AND-query matched main_id=781242. Checking child tables...
2026-05-05 20:44:07,136 - INFO - orchestrator - [DELTA]   'Mira Al Attiyah' (main_id=781242) — SAME. Added to is_del_list_1.
2026-05-05 20:44:07,136 - INFO - orchestrator - [DELTA] Processing record #27: 'Hamda Bint Hassan Al Sulaiti'
2026-05-05 20:44:07,137 - INFO - orchestrator - [DELTA]   AND-query matched main_id=781243. Checking child tables...
2026-05-05 20:44:07,140 - INFO - orchestrator - [DELTA]   'Hamda Bint Hassan Al Sulaiti' (main_id=781243) — SAME. Added to is_del_list_1.
2026-05-05 20:44:07,140 - INFO - orchestrator - [DELTA] Processing record #28: 'Fatima Abdullah Al Mal'
2026-05-05 20:44:07,142 - INFO - orchestrator - [DELTA]   AND-query matched main_id=781244. Checking child tables...
2026-05-05 20:44:07,144 - INFO - orchestrator - [DELTA]   'Fatima Abdullah Al Mal' (main_id=781244) — SAME. Added to is_del_list_1.
2026-05-05 20:44:07,144 - INFO - orchestrator - [DELTA] Processing record #29: 'Aisha Hassan Al Emadi'
2026-05-05 20:44:07,145 - INFO - orchestrator - [DELTA]   AND-query matched main_id=781245. Checking child tables...
2026-05-05 20:44:07,147 - INFO - orchestrator - [DELTA]   'Aisha Hassan Al Emadi' (main_id=781245) — SAME. Added to is_del_list_1.
2026-05-05 20:44:07,147 - INFO - orchestrator - [DELTA] Processing record #30: 'Shams Al Qassabi'
2026-05-05 20:44:07,149 - INFO - orchestrator - [DELTA]   AND-query matched main_id=781246. Checking child tables...
2026-05-05 20:44:07,151 - INFO - orchestrator - [DELTA]   'Shams Al Qassabi' (main_id=781246) — SAME. Added to is_del_list_1.
2026-05-05 20:44:07,151 - INFO - orchestrator - [DELTA] Processing record #31: 'Amal Dahawi Al Shammri'
2026-05-05 20:44:07,152 - INFO - orchestrator - [DELTA]   AND-query matched main_id=781247. Checking child tables...
2026-05-05 20:44:07,154 - INFO - orchestrator - [DELTA]   'Amal Dahawi Al Shammri' (main_id=781247) — SAME. Added to is_del_list_1.
2026-05-05 20:44:07,154 - INFO - orchestrator - [DELTA] Processing record #32: 'Fatma Al Remaihi'
2026-05-05 20:44:07,155 - INFO - orchestrator - [DELTA]   AND-query matched main_id=781248. Checking child tables...
2026-05-05 20:44:07,157 - INFO - orchestrator - [DELTA]   'Fatma Al Remaihi' (main_id=781248) — SAME. Added to is_del_list_1.
2026-05-05 20:44:07,158 - INFO - orchestrator - [DELTA] Processing record #33: 'Ebtesam Saleh Al Mannai'
2026-05-05 20:44:07,159 - INFO - orchestrator - [DELTA]   AND-query matched main_id=781249. Checking child tables...
2026-05-05 20:44:07,161 - INFO - orchestrator - [DELTA]   role_type MISMATCH:
      DB tuples:      [('Businessperson', None, None, None)]
      Scraper tuples: []
      To remove=[('Businessperson', None, None, None)]  To add=[]
2026-05-05 20:44:07,161 - INFO - orchestrator - [DELTA]   'Ebtesam Saleh Al Mannai' (main_id=781249) — CHANGED. Failing check(s): ["role_type (to_remove=[('Businessperson', None, None, None)], to_add=[])"]. Added to new_df.
2026-05-05 20:44:07,162 - INFO - orchestrator - [DELTA] Processing record #34: 'Alanoud Bint Hamad Al Thani'
2026-05-05 20:44:07,163 - INFO - orchestrator - [DELTA]   AND-query matched main_id=781250. Checking child tables...
2026-05-05 20:44:07,164 - INFO - orchestrator - [DELTA]   alias MISMATCH:
      DB=['Alanoud Bint Hamad Al Thani', 'Alanoud Al Thani', 'Алануд бінт Хамад Аль Тані', 'العنود بنت حمد آل ثاني']
      Scraper=['Alanoud Al Thani', 'العنود بنت حمد آل ثاني', 'अलानौद बिन्त हमद अल थानी', 'Алануд бінт Хамад Аль Тані', 'Alanoud Bint Hamad Al Thani']
      To remove=[]  To add=['अलानौद बिन्त हमद अल थानी']
2026-05-05 20:44:07,166 - INFO - orchestrator - [DELTA]   'Alanoud Bint Hamad Al Thani' (main_id=781250) — CHANGED. Failing check(s): ['alias']. Added to new_df.
2026-05-05 20:44:07,167 - INFO - orchestrator - [DELTA] Processing record #35: 'Sheikha Al Mahoud'
2026-05-05 20:44:07,168 - INFO - orchestrator - [DELTA]   AND-query matched main_id=781251. Checking child tables...
2026-05-05 20:44:07,170 - INFO - orchestrator - [DELTA]   'Sheikha Al Mahoud' (main_id=781251) — SAME. Added to is_del_list_1.
2026-05-05 20:44:07,170 - INFO - orchestrator - [DELTA] Processing record #36: 'Sheikha Hessa Bint Khalifa Al Thani'
2026-05-05 20:44:07,171 - INFO - orchestrator - [DELTA]   AND-query matched main_id=781252. Checking child tables...
2026-05-05 20:44:07,173 - INFO - orchestrator - [DELTA]   'Sheikha Hessa Bint Khalifa Al Thani' (main_id=781252) — SAME. Added to is_del_list_1.
2026-05-05 20:44:07,173 - INFO - orchestrator - [DELTA] Processing record #37: 'Youssef Al Jiffri'
2026-05-05 20:44:07,174 - INFO - orchestrator - [DELTA]   AND-query matched main_id=781253. Checking child tables...
2026-05-05 20:44:07,177 - INFO - orchestrator - [DELTA]   'Youssef Al Jiffri' (main_id=781253) — SAME. Added to is_del_list_1.
2026-05-05 20:44:07,178 - INFO - orchestrator - [DELTA] Processing record #38: 'Ghada Al Subaey'
2026-05-05 20:44:07,179 - INFO - orchestrator - [DELTA]   AND-query matched main_id=781254. Checking child tables...
2026-05-05 20:44:07,181 - INFO - orchestrator - [DELTA]   'Ghada Al Subaey' (main_id=781254) — SAME. Added to is_del_list_1.
2026-05-05 20:44:07,182 - INFO - orchestrator - [DELTA] Processing record #39: 'Aisha Alfardan'
2026-05-05 20:44:07,183 - INFO - orchestrator - [DELTA]   AND-query matched main_id=781255. Checking child tables...
2026-05-05 20:44:07,186 - INFO - orchestrator - [DELTA]   'Aisha Alfardan' (main_id=781255) — SAME. Added to is_del_list_1.
2026-05-05 20:44:07,186 - INFO - orchestrator - [DELTA] Processing record #40: 'Sarah Alfardan'
2026-05-05 20:44:07,187 - INFO - orchestrator - [DELTA]   AND-query matched main_id=781256. Checking child tables...
2026-05-05 20:44:07,190 - INFO - orchestrator - [DELTA]   'Sarah Alfardan' (main_id=781256) — SAME. Added to is_del_list_1.
2026-05-05 20:44:07,190 - INFO - orchestrator - [DELTA] Processing record #41: 'Zohour Alfardan'
2026-05-05 20:44:07,192 - INFO - orchestrator - [DELTA]   AND-query matched main_id=781257. Checking child tables...
2026-05-05 20:44:07,195 - INFO - orchestrator - [DELTA]   'Zohour Alfardan' (main_id=781257) — SAME. Added to is_del_list_1.
2026-05-05 20:44:07,196 - INFO - orchestrator - [DELTA] Processing record #42: 'Ibtihaj Al Ahmadan'
2026-05-05 20:44:07,197 - INFO - orchestrator - [DELTA]   AND-query matched main_id=781258. Checking child tables...
2026-05-05 20:44:07,199 - INFO - orchestrator - [DELTA]   'Ibtihaj Al Ahmadan' (main_id=781258) — SAME. Added to is_del_list_1.
2026-05-05 20:44:07,200 - INFO - orchestrator - [DELTA] Processing record #43: 'Mubarak Bin Ali Al Khatir'
2026-05-05 20:44:07,200 - INFO - orchestrator - [DELTA]   AND-query matched main_id=781259. Checking child tables...
2026-05-05 20:44:07,203 - INFO - orchestrator - [DELTA]   role_type MISMATCH:
      DB tuples:      [('Politician', None, None, None)]
      Scraper tuples: []
      To remove=[('Politician', None, None, None)]  To add=[]
2026-05-05 20:44:07,203 - INFO - orchestrator - [DELTA]   'Mubarak Bin Ali Al Khatir' (main_id=781259) — CHANGED. Failing check(s): ["role_type (to_remove=[('Politician', None, None, None)], to_add=[])"]. Added to new_df.
2026-05-05 20:44:07,204 - INFO - orchestrator - [DELTA] Processing record #44: 'Masoud Bin Mohammed Al Ameri'
2026-05-05 20:44:07,205 - INFO - orchestrator - [DELTA]   AND-query matched main_id=781260. Checking child tables...
2026-05-05 20:44:07,209 - INFO - orchestrator - [DELTA]   'Masoud Bin Mohammed Al Ameri' (main_id=781260) — SAME. Added to is_del_list_1.
2026-05-05 20:44:07,210 - INFO - orchestrator - [DELTA] Processing record #45: 'Sultan Bin Rashid Al Khater'
2026-05-05 20:44:07,211 - INFO - orchestrator - [DELTA]   AND-query matched main_id=781261. Checking child tables...
2026-05-05 20:44:07,212 - INFO - orchestrator - [DELTA]   alias MISMATCH:
      DB=[]
      Scraper=['Sultan Bin Rashid Al Khater']
      To remove=[]  To add=['Sultan Bin Rashid Al Khater']
2026-05-05 20:44:07,214 - INFO - orchestrator - [DELTA]   'Sultan Bin Rashid Al Khater' (main_id=781261) — CHANGED. Failing check(s): ['alias']. Added to new_df.
2026-05-05 20:44:07,215 - INFO - orchestrator - [DELTA] Processing record #46: 'Rabea Mechernane'
2026-05-05 20:44:07,216 - INFO - orchestrator - [DELTA]   AND-query matched main_id=781262. Checking child tables...
2026-05-05 20:44:07,219 - INFO - orchestrator - [DELTA]   'Rabea Mechernane' (main_id=781262) — SAME. Added to is_del_list_1.
2026-05-05 20:44:07,220 - INFO - orchestrator - [DELTA] Processing record #47: 'Sultan Bin Saad Bin Sultan Al Muraikhi'
2026-05-05 20:44:07,221 - INFO - orchestrator - [DELTA]   No existing record found by name+scraper_tag — treating as BRAND NEW.
2026-05-05 20:44:08,885 - INFO - orchestrator - [DELTA]   'Sultan Bin Saad Bin Sultan Al Muraikhi' — No match at all (truly new record). Added to new_df.
2026-05-05 20:44:08,886 - INFO - orchestrator - [DELTA] Processing record #48: 'Mohammed Bin Khalifa Al Thani'
2026-05-05 20:44:08,899 - INFO - orchestrator - [DELTA]   No existing record found by name+scraper_tag — treating as BRAND NEW.
2026-05-05 20:44:10,664 - INFO - orchestrator - [DELTA]   'Mohammed Bin Khalifa Al Thani' — No match at all (truly new record). Added to new_df.
2026-05-05 20:44:10,665 - INFO - orchestrator - [DELTA] Processing record #49: 'Abdullah Hassan Al Sulaiti'
2026-05-05 20:44:10,677 - INFO - orchestrator - [DELTA]   AND-query matched main_id=781263. Checking child tables...
2026-05-05 20:44:10,683 - INFO - orchestrator - [DELTA]   'Abdullah Hassan Al Sulaiti' (main_id=781263) — SAME. Added to is_del_list_1.
2026-05-05 20:44:10,684 - INFO - orchestrator - [DELTA] Processing record #50: 'Khalid Bin Mohammad Al Attiyah'
2026-05-05 20:44:10,685 - INFO - orchestrator - [DELTA]   AND-query matched main_id=781264. Checking child tables...
2026-05-05 20:44:10,688 - INFO - orchestrator - [DELTA]   'Khalid Bin Mohammad Al Attiyah' (main_id=781264) — SAME. Added to is_del_list_1.
2026-05-05 20:44:10,689 - INFO - orchestrator - [DELTA] Processing record #51: 'Ali Al Thawadi'
2026-05-05 20:44:10,690 - INFO - orchestrator - [DELTA]   AND-query matched main_id=781265. Checking child tables...
2026-05-05 20:44:10,693 - INFO - orchestrator - [DELTA]   'Ali Al Thawadi' (main_id=781265) — SAME. Added to is_del_list_1.
2026-05-05 20:44:10,694 - INFO - orchestrator - [DELTA] Processing record #52: 'Hassan Al Thawadi'
2026-05-05 20:44:10,696 - INFO - orchestrator - [DELTA]   No existing record found by name+scraper_tag — treating as BRAND NEW.
2026-05-05 20:44:12,286 - INFO - orchestrator - [DELTA]   'Hassan Al Thawadi' — No match at all (truly new record). Added to new_df.
2026-05-05 20:44:12,287 - INFO - orchestrator - [DELTA] Processing record #53: 'Tamim Bin Hamad Al'
2026-05-05 20:44:12,300 - INFO - orchestrator - [DELTA]   AND-query matched main_id=781266. Checking child tables...
2026-05-05 20:44:12,302 - INFO - orchestrator - [DELTA]   alias MISMATCH:
      DB=['Sheikh Tamim Bin Hamad Bin Khalifa Al Thani Emir Of Qatar', 'Tamim Ben Hamad Ben Khalifa Ben Hamad Ben Abdullah Ben Jassim Ben Mohammed Al Thani', 'Tamim Bin Hamad', "השייח' תמים בן חמד השני", 'Tamím bin Hamad Ál Thání', "תמים בן חמד אאל ת'אני", 'تَمِيم بِن حَمَد بِن خَلِيفَة آل ثَانِي', 'الشيخ تميم بن حمد ال ثاني', '타밈 빈 하마드 알사니', 'Éimír Chatar', 'თამიმ ბინ ჰამად ბინ ხალიფა ალ თანი', 'Tamim ibn Hàmad ibn Khalifa Al Thani', 'تمیم بن حمد بن خلیفه آل ثانی', 'تميم بن حمد آل ثانى', 'تميم بن حمد آل ثاني', 'Tamim Bin Hamad Al Thani', 'Tamim Ben Hamad Al Thani', 'タミーム', 'Տամիմ Բին Համիդ Ալ Տհանի', "תמים בן חמד אאל ת'אני אמיר קטר", 'Тамим бин Хамад ал Тани', 'Тамим бин Ҳамад Оли Танӣ', 'Tamimus Hamidi filius gentis Ṯānī', 'Tamim Bin Hamad Al Tani', 'Tamim Ibn Hamad Al Sani', 'Tamim I De Catar', 'تەمیم کوڕی حەمەدی دووەم', 'تمیم بن حمد الثانی', 'Тамим бин Хамад ел Тани', 'Tamim Bin Hamad Bin Khalifa Al Thani', '塔米姆·本·哈邁德·阿勒薩尼', 'Tamimas Bin Hamadas Al Tanis', 'Tamim Bin Hamad Al Tsani', "תמים בן חמד אל ת'אני", 'Temim Bin Hamad Es Sani', '따밈 빈 하마드 알 타니', 'Tamim bin Hamad Chalífa Sání', '塔米姆·本·哈马德·阿勒萨尼', 'तमीम बिन हमद अल थानी', 'ตะมีม บิน ฮะมัด อาล ษานี', 'Тамим бин Хамад Аль Тани', '塔米姆', 'তামিম বিন হামাদ আল সানি', 'Temim Bin Hamad Al Sani', 'تمیم بن حمد آل ثانی', 'Tamīm ibn Ḩamad Āl Thānī', 'Тамим ибн Хамад ел Тани', 'Тамім бін Хамад Аль Тані', 'タミーム・ビン・ハマド・アール＝サーニー', 'Tamím katari emír', 'Ταμίμ μπιν Χαμάντ', 'Temim Bin Hamed Es Sani']
      Scraper=['Tamīm ibn Ḩamad Āl Thānī', 'Тамим бин Ҳамад Оли Танӣ', 'ตะมีม บิน ฮะมัด อาล ษานี', 'Tamim Ben Hamad Al Thani', 'Тамим бин Хамад ел Тани', 'تَمیٖم بِن حَمَد آل ثانی"]', "השייח' תמים בן חמד השני", 'Temim Bin Hamad Es Sani', 'Tamim I De Catar', 'Temim Bin Hamed Es Sani', 'Temim Bin Hamad Al Sani', "תמים בן חמד אאל ת'אני אמיר קטר", 'تەمیم کوڕی حەمەدی دووەم', '塔米姆·本·哈马德·阿勒萨尼', '塔米姆·本·哈邁德·阿勒薩尼', 'Тамим бин Хамад ал Тани', 'Tamim Bin Hamad Al Tani', 'タミーム', 'تمیم بن حمد الثانی', 'Tamim bin Hamad Chalífa Sání', 'Tamim Bin Hamad Al Thani', '따밈 빈 하마드 알 타니', 'Tamimas Bin Hamadas Al Tanis', 'Ταμίμ μπιν Χαμάντ', "תמים בן חמד אל ת'אני", 'तमीम बिन हमद अल थानी', 'تمیم بن حمد آل ثانی', 'تَمِيم بِن حَمَد بِن خَلِيفَة آل ثَانِي', 'Tamim Ben Hamad Ben Khalifa Ben Hamad Ben Abdullah Ben Jassim Ben Mohammed Al Thani', '塔米姆', 'Tamím bin Hamad Ál Thání', 'Tamim Bin Hamad', 'Տամիմ Բին Համիդ Ալ Տհանի', 'Tamim Bin Hamad Al Tsani', 'تميم بن حمد آل ثانى', 'তামিম বিন হামাদ আল সানি', 'Sheikh Tamim Bin Hamad Bin Khalifa Al Thani Emir Of Qatar', 'الشيخ تميم بن حمد ال ثاني', 'タミーム・ビン・ハマド・アール＝サーニー', 'Tamim Bin Hamad Bin Khalifa Al Thani', 'تميم بن حمد آل ثاني', 'Tamim ibn Hàmad ibn Khalifa Al Thani', 'Éimír Chatar', 'თამიმ ბინ ჰამად ბინ ხალიფა ალ თანი', 'Тамім бін Хамад Аль Тані', 'Təmim ibn Həməd Ali Sani', "תמים בן חמד אאל ת'אני", 'تمیم بن حمد بن خلیفه آل ثانی', 'Tamim Ibn Hamad Al Sani', 'Tamimus Hamidi filius gentis Ṯānī', '타밈 빈 하마드 알사니', 'Tamím katari emír', 'Тамим ибн Хамад Аль Тани', 'Тамим ибн Хамад ел Тани']
      To remove=['Тамим бин Хамад Аль Тани']  To add=['تَمیٖم بِن حَمَد آل ثانی"]', 'Təmim ibn Həməd Ali Sani', 'Тамим ибн Хамад Аль Тани']
2026-05-05 20:44:12,308 - INFO - orchestrator - [DELTA]   'Tamim Bin Hamad Al' (main_id=781266) — CHANGED. Failing check(s): ['alias']. Added to new_df.
2026-05-05 20:44:12,309 - INFO - orchestrator - [DELTA] Processing record #54: 'Wissam Al Mana'
2026-05-05 20:44:12,311 - INFO - orchestrator - [DELTA]   AND-query matched main_id=781267. Checking child tables...
2026-05-05 20:44:12,312 - INFO - orchestrator - [DELTA]   alias MISMATCH:
      DB=['威薩姆·阿爾·馬納', '威萨姆·阿尔·马纳', 'وسام المانع', 'Wissam Al Mana']
      Scraper=['Wissam Al Mana', 'Γουισάμ Αλ Μάνα', 'وسام المانع', '威萨姆·阿尔·马纳', '威薩姆·阿爾·馬納']
      To remove=[]  To add=['Γουισάμ Αλ Μάνα']
2026-05-05 20:44:12,314 - INFO - orchestrator - [DELTA]   role_type MISMATCH:
      DB tuples:      [('Businessperson', None, None, None)]
      Scraper tuples: []
      To remove=[('Businessperson', None, None, None)]  To add=[]
2026-05-05 20:44:12,314 - INFO - orchestrator - [DELTA]   'Wissam Al Mana' (main_id=781267) — CHANGED. Failing check(s): ['alias', "role_type (to_remove=[('Businessperson', None, None, None)], to_add=[])"]. Added to new_df.
2026-05-05 20:44:12,315 - INFO - orchestrator - [DELTA] Processing record #55: 'Abdulla Bin Mohammed Bin Saud Al Thani'
2026-05-05 20:44:12,316 - INFO - orchestrator - [DELTA]   AND-query missed — found 1 record(s) by name+scraper_tag. Checking which main-table field(s) differ for main_id=781268:
2026-05-05 20:44:12,317 - INFO - orchestrator - [DELTA]   Differing main-table fields:
      img_tag: DB='https://upload.wikimedia.org/wikipedia/commons/9/9a/Abdullah_Bin_Mohammed_Bin_Saud_Al_Thani.png' vs Scraper='https://upload.wikimedia.org/wikipedia/commons/5/55/Steven_Mnuchin_meets_with_Abdulla_Bin_Saoud_Al-Thani_at_Doha.jpg'
2026-05-05 20:44:14,028 - INFO - orchestrator - [DELTA]   'Abdulla Bin Mohammed Bin Saud Al Thani' — No match at all (truly new record). Added to new_df.
2026-05-05 20:44:14,029 - INFO - orchestrator - [DELTA] Processing record #56: 'Alya Ahmed Saif Al Thani'
2026-05-05 20:44:14,041 - INFO - orchestrator - [DELTA]   AND-query matched main_id=781269. Checking child tables...
2026-05-05 20:44:14,047 - INFO - orchestrator - [DELTA]   role_type MISMATCH:
      DB tuples:      [('Diplomat', None, None, None), ('Politician', None, None, None)]
      Scraper tuples: []
      To remove=[('Diplomat', None, None, None), ('Politician', None, None, None)]  To add=[]
2026-05-05 20:44:14,047 - INFO - orchestrator - [DELTA]   'Alya Ahmed Saif Al Thani' (main_id=781269) — CHANGED. Failing check(s): ["role_type (to_remove=[('Diplomat', None, None, None), ('Politician', None, None, None)], to_add=[])"]. Added to new_df.
2026-05-05 20:44:14,048 - INFO - orchestrator - [DELTA] Processing record #57: 'Abdullah Bin Hamad Bin Khalifa Al Thani'
2026-05-05 20:44:14,049 - INFO - orchestrator - [DELTA]   AND-query matched main_id=781270. Checking child tables...
2026-05-05 20:44:14,050 - INFO - orchestrator - [DELTA]   alias MISMATCH:
      DB=['Abduallah Althani', 'Abdullah bin Hamad bin Chalífa Ál Thání', 'アブドッラー・ビン・ハマド・アール＝サーニー', 'Abdallah Ben Hamad Al Thani', 'アブドゥッラー', 'Abdullah Bin Hamad Bin Khalifa Al Thani', 'アブドゥッラー・ビン・ハマド・ビン・ハリーファ・アール＝サーニー', 'アブドゥッラー・ビン・ハマド・アール＝サーニー', 'আবদুল্লাহ বিন হামাদ বিন খলিফা আল থানি', 'عبدالله بن حمد بن خلیفه آل ثانی', 'Աբդուլլահ Բին Համադ Բին Խալիֆա Ալ Տհանի', 'عبد الله بن حمد آل ثاني', 'عبد اللہ بن حمد آل ثانی', 'Abdullah Bin Hamad Al Thani', '阿卜杜拉·本·哈馬德·本·哈利法·阿勒薩尼', 'Абдаллах ибн Хамад Аль Тани', 'Abdullah Bin Hamad Al Tsani', 'عبدالله بن حمد آل ثاني', 'Sheikh Abdualla Althani']
      Scraper=['عبدالله بن حمد آل ثاني', "עבדאללה בן חמד אאל ת'אני", 'アブドゥッラー', 'Աբդուլլահ Բին Համադ Բին Խալիֆա Ալ Տհանի', 'Sheikh Abdualla Althani', 'Абдаллах ибн Хамад Аль Тани', 'アブドゥッラー・ビン・ハマド・ビン・ハリーファ・アール＝サーニー', 'Abdullah Bin Hamad Al Tsani', 'عبد الله بن حمد آل ثاني', 'عبدالله بن حمد بن خلیفه آل ثانی', 'Abdullah bin Hamad bin Chalífa Ál Thání', 'Abdullah Bin Hamad Al Thani', 'アブドゥッラー・ビン・ハマド・アール＝サーニー', 'Abdallah Ben Hamad Al Thani', 'আবদুল্লাহ বিন হামাদ বিন খলিফা আল থানি', '阿卜杜拉·本·哈馬德·本·哈利法·阿勒薩尼', 'عبد اللہ بن حمد آل ثانی', 'アブドッラー・ビン・ハマド・アール＝サーニー', 'Abduallah Althani', 'Abdullah bin Hamad bin Ĥalifa Al Thani', 'Abdullah Bin Hamad Bin Khalifa Al Thani']
      To remove=[]  To add=["עבדאללה בן חמד אאל ת'אני", 'Abdullah bin Hamad bin Ĥalifa Al Thani']
2026-05-05 20:44:14,052 - INFO - orchestrator - [DELTA]   'Abdullah Bin Hamad Bin Khalifa Al Thani' (main_id=781270) — CHANGED. Failing check(s): ['alias']. Added to new_df.
2026-05-05 20:44:14,053 - INFO - orchestrator - [DELTA] Processing record #58: 'Maha Mansour Salman Jassim Al Thani'
2026-05-05 20:44:14,055 - INFO - orchestrator - [DELTA]   AND-query matched main_id=781271. Checking child tables...
2026-05-05 20:44:14,057 - INFO - orchestrator - [DELTA]   'Maha Mansour Salman Jassim Al Thani' (main_id=781271) — SAME. Added to is_del_list_1.
2026-05-05 20:44:14,058 - INFO - orchestrator - [DELTA] Processing record #59: 'Ahmad Bin Eid Al Thani'
2026-05-05 20:44:14,059 - INFO - orchestrator - [DELTA]   No existing record found by name+scraper_tag — treating as BRAND NEW.
2026-05-05 20:44:15,638 - INFO - orchestrator - [DELTA]   'Ahmad Bin Eid Al Thani' — No match at all (truly new record). Added to new_df.
2026-05-05 20:44:15,640 - INFO - orchestrator - [DELTA] Processing record #60: 'Mohammed Bin Abdulrahman Al Thani'
2026-05-05 20:44:15,653 - INFO - orchestrator - [DELTA]   AND-query matched main_id=781272. Checking child tables...
2026-05-05 20:44:15,661 - INFO - orchestrator - [DELTA]   'Mohammed Bin Abdulrahman Al Thani' (main_id=781272) — SAME. Added to is_del_list_1.
2026-05-05 20:44:15,661 - INFO - orchestrator - [DELTA] Processing record #61: 'Ali Bin Saeed Bin Smaikh Al Marri'
2026-05-05 20:44:15,662 - INFO - orchestrator - [DELTA]   AND-query matched main_id=781273. Checking child tables...
2026-05-05 20:44:15,665 - INFO - orchestrator - [DELTA]   'Ali Bin Saeed Bin Smaikh Al Marri' (main_id=781273) — SAME. Added to is_del_list_1.
2026-05-05 20:44:15,665 - INFO - orchestrator - [DELTA] Processing record #62: 'Abdullah Bin Hamad Al Attiyah'
2026-05-05 20:44:15,667 - INFO - orchestrator - [DELTA]   AND-query matched main_id=781274. Checking child tables...
2026-05-05 20:44:15,667 - INFO - orchestrator - [DELTA]   alias MISMATCH:
      DB=['عبدالله بن حمد العطیه', 'عبد اللَّه بن حمد العطية', 'Abdallah Ben Hamad Al Attiyah', 'عبدالله بن حمد العطية', 'アブドラ・ビン・ハマド・アル・アティヤ', 'อับดุลละห์ บิน ฮะมัด อัล อัตติยาห์', 'عبد الله بن حمد العطية', 'Abdulla Bin Hamad Al Attiyah', '阿卜杜拉·本·哈马德·阿尔·阿蒂亚', 'Abdullah Bin Hamad Al Attiyah', '阿卜杜拉·本·哈馬德·艾爾·阿蒂亞', 'Абдуллах бин Хамад Аль Аттиях']
      Scraper=['アブドラ・ビン・ハマド・アル・アティヤ', '阿卜杜拉·本·哈馬德·艾爾·阿蒂亞', 'Abdulla Bin Hamad Al Attiyah', 'อับดุลละห์ บิน ฮะมัด อัล อัตติยาห์', '阿卜杜拉·本·哈马德·阿尔·阿蒂亚', 'Abdullah Bin Hamad Al Attiyah', 'عبدالله بن حمد العطية', 'عبد اللَّه بن حمد العطية', 'عبدالله بن حمد العطیه', 'عبد اللہ بن حمد العطیہ', 'عبد الله بن حمد العطية', 'Abdallah Ben Hamad Al Attiyah', 'Абдуллах бин Хамад Аль Аттиях']
      To remove=[]  To add=['عبد اللہ بن حمد العطیہ']
2026-05-05 20:44:15,670 - INFO - orchestrator - [DELTA]   'Abdullah Bin Hamad Al Attiyah' (main_id=781274) — CHANGED. Failing check(s): ['alias']. Added to new_df.
2026-05-05 20:44:15,671 - INFO - orchestrator - [DELTA] Processing record #63: 'Abdulrahman Bin Hamad Al Attiyah'
2026-05-05 20:44:15,672 - INFO - orchestrator - [DELTA]   AND-query matched main_id=781275. Checking child tables...
2026-05-05 20:44:15,676 - INFO - orchestrator - [DELTA]   'Abdulrahman Bin Hamad Al Attiyah' (main_id=781275) — SAME. Added to is_del_list_1.
2026-05-05 20:44:15,676 - INFO - orchestrator - [DELTA] Processing record #64: 'Abdullah Bin Khalifa Al Thani'
2026-05-05 20:44:15,677 - INFO - orchestrator - [DELTA]   AND-query matched main_id=781276. Checking child tables...
2026-05-05 20:44:15,680 - INFO - orchestrator - [DELTA]   'Abdullah Bin Khalifa Al Thani' (main_id=781276) — SAME. Added to is_del_list_1.
2026-05-05 20:44:15,681 - INFO - orchestrator - [DELTA] Processing record #65: 'Abdullah Bin Khalid Al Thani'
2026-05-05 20:44:15,682 - INFO - orchestrator - [DELTA]   AND-query matched main_id=781277. Checking child tables...
2026-05-05 20:44:15,685 - INFO - orchestrator - [DELTA]   role_type MISMATCH:
      DB tuples:      [('Diplomat', None, None, None), ('Politician', None, None, None)]
      Scraper tuples: []
      To remove=[('Diplomat', None, None, None), ('Politician', None, None, None)]  To add=[]
2026-05-05 20:44:15,685 - INFO - orchestrator - [DELTA]   'Abdullah Bin Khalid Al Thani' (main_id=781277) — CHANGED. Failing check(s): ["role_type (to_remove=[('Diplomat', None, None, None), ('Politician', None, None, None)], to_add=[])"]. Added to new_df.
2026-05-05 20:44:15,686 - INFO - orchestrator - [DELTA] Processing record #66: 'Abdullah Bin Nasser Bin Khalifa Al Thani'
2026-05-05 20:44:15,687 - INFO - orchestrator - [DELTA]   AND-query matched main_id=781278. Checking child tables...
2026-05-05 20:44:15,691 - INFO - orchestrator - [DELTA]   'Abdullah Bin Nasser Bin Khalifa Al Thani' (main_id=781278) — SAME. Added to is_del_list_1.
2026-05-05 20:44:15,691 - INFO - orchestrator - [DELTA] Processing record #67: 'Salah Bin Ghanim Al Ali'
2026-05-05 20:44:15,692 - INFO - orchestrator - [DELTA]   AND-query matched main_id=781279. Checking child tables...
2026-05-05 20:44:15,696 - INFO - orchestrator - [DELTA]   'Salah Bin Ghanim Al Ali' (main_id=781279) — SAME. Added to is_del_list_1.
2026-05-05 20:44:15,696 - INFO - orchestrator - [DELTA] Processing record #68: 'Nassir Abdulaziz Al Nasser'
2026-05-05 20:44:15,697 - INFO - orchestrator - [DELTA]   AND-query matched main_id=781280. Checking child tables...
2026-05-05 20:44:15,700 - INFO - orchestrator - [DELTA]   'Nassir Abdulaziz Al Nasser' (main_id=781280) — SAME. Added to is_del_list_1.
2026-05-05 20:44:15,701 - INFO - orchestrator - [DELTA] Processing record #69: 'Ali Bin Fetais Al Marri'
2026-05-05 20:44:15,703 - INFO - orchestrator - [DELTA]   No existing record found by name+scraper_tag — treating as BRAND NEW.
2026-05-05 20:44:17,372 - INFO - orchestrator - [DELTA]   'Ali Bin Fetais Al Marri' — No match at all (truly new record). Added to new_df.
2026-05-05 20:44:17,373 - INFO - orchestrator - [DELTA] Processing record #70: 'Hamad Bin Khalifa Al Thani'
2026-05-05 20:44:17,385 - INFO - orchestrator - [DELTA]   AND-query matched main_id=781281. Checking child tables...
2026-05-05 20:44:17,388 - INFO - orchestrator - [DELTA]   alias MISMATCH:
      DB=['Hamad Khalifa Bin Al Thani', 'حمد بن خلیفهٔ آل ثانی', 'Hamad Bin Khalifa Al Tsani', 'Χαμάντ μπιν Χαλίφα', 'Hammad Bin Khalifa Al Thani', 'Hamad Bin Halife Es Sani', 'Hamads bin Halīfa', 'Хамад Бин Халифа', 'Хамад бин Халифа аль Тани', '哈马德·本·哈利法·阿勒萨尼', 'Hamad bin Chalífa', 'হামাদ বিন খলিফা আল থানী', 'حمد بن خلیفه ال ثانی', 'เชคฮามัด บิน คอลีฟะห์ อัลตานี', 'হামাদ বিন খলিফা আল থানি', 'Хамад бин Халифа Аль Тани', 'Hamads Bin Halifa', '셰이크 하마드 이븐 할리파 알 타니', 'Хамад бин Халифа ал Тани', 'Hamad bin Khalifa   حمد بن خليفة ال ثاني', 'Hamad Bin Khalifa', 'Mohammed Bin Khalifa Al Thani', 'حمد بن خلیفه آل ثانی', 'Hamad Ibn Khalifah Al Thani', 'சேக் அமத் பின் கலீபா அல் தானி', 'Hamad Ben Khalifa Al Thani', 'حمد بن خليفة ال ثانى', 'เอมีร์เชคฮามัด บิน คอลีฟะห์ อัลตานี', '하마드 빈 칼리파', 'Sheikh Hamad Bin Khalifa Al Thani', 'حمد آل ثاني', 'ハマド・ビン・ハリーファ・アル＝サーニ', 'Hamidus Chalifae filius gentis Ṯānī', 'Hamid Bin Halife El Sani', 'حمد بن خلیفهٔ آلثانی', 'Σεΐχης Χαμάντ μπιν Χαλίφα', "חמד בן ח'ליפה אאל ת'אני", 'حمد بن خليفه آل ثاني', 'Hamad Bin Khalifa Al Tani', 'Хамад бин Халифа аль Сани', 'حمد بن خلیفهٔ ال ثانی', 'Hamadas Bin Chalifa Al Tanis', 'Хамад бін Халіфа Аль Тані', 'Hamad Ibn Khalifa Al Thani', 'حمد بن خليفة آل ثاني', 'Hammad Al Thani', 'Hamad Bin Kalifa Al Tani', 'حمد بن خلیفه ال دوم', 'Hamad Bin Jalifa Al Thani', 'Hamad Bin Halifa', 'Hamad Bin Xəlifə Al Tani', 'Համադ բին Խալիֆա ալ Թանի', 'Hamad ibn Halífa Ál Táni', 'حمد بن خليفة ال ثاني', 'Хамад бин Халифа ат Тани', 'حمد بن خلیفہ آل ثانی', 'Hamad Bin Khalifa Al Thani', 'Hamad Al Tani', 'Hamád Ibn Chalífa as Sání', 'Hamed Bin Halife El Sani', 'Hamad Bin Chalifa Al Thani', 'حمد بن خلیفه آل دوم', 'Hamad Al Thani', 'حمد بن خلیفہ الثانی', 'ハマド・ビン・ハリーファ・アール＝サーニー', "חמד בן ח'ליפה", 'الشيخ حمد بن خليفة آل ثاني', 'Hamad Bin Halifa Al Tani', 'حمد بن خلیفهٔ آل دوم', 'Hamadas Bin Chalifa', '하마드 빈 할리파 알 사니', 'Хамад бин Халифа', 'Hameds bin Halīfa al Tānī', 'Hàmad ibn Khalifa Al Thani', 'Hamad Bin Khalifa Bin Hamad Bin Abdullah Bin Dschasim Bin Muhammed Al Thani', 'Ḩamad ibn Khalīfah Āl Thānī', '하마드 빈 할리파', 'Χαμάντ μπιν Χαλίφα αλ Θανί', 'Хамад бин Халифа аc Cани', 'حمد بن خلیفه الثانی', 'حمد بن خليفة', 'Ҳамад бин Халифа Оли Танӣ', 'Hamad Ibn Chalifa', 'Hamad bin Chalífa Ál Thání', 'Hamad Ál Thání', '哈迈德·本·哈利法·阿勒萨尼', 'Гамад бін Халіфа аль Тані', 'Khalifa Hamad Bin', 'ฮะมัด บิน เคาะลีฟะฮ์ อาล ษานี', 'Sheikh Hamad Bin Khalifa Al Tsani', '하마드 빈 할리파 알사니', 'ഹമദ് ബിൻ ഖലീഫ അൽതാനി', 'Хамад ибн Халифа аль Тани', 'Σεΐχης Χαμάντ ιμπν Χαλίφα αλ Θανί', 'Hamad bin Ĥalifa Al Thani', 'シェイク・ハマド・ビン・ハリーファ・アール・サーニ', 'Hamad Bin Chalifa', 'Mohammed Bin Hamad Bin Khalifa Al Thani', 'Hamad Ibn Chalifa Al Sani', 'حمد بن خلیفه آلثانی', 'ჰამად ბინ ხალიფა ალ თანი', 'Hamad bin Xəlifə Al Sani', '하마드 빈 칼리파 알사니', 'Hamad Ibn Khalifa', 'Cheikh Hamad Ben Khalifa Al Thani', 'हमद बिन खलीफा अल थानी']
      Scraper=['হামাদ বিন খলিফা আল থানি', 'Hamad bin Chalífa', 'Hamed Bin Halife El Sani', 'ハマド・ビン・ハリーファ・アル＝サーニ', 'ฮะมัด บิน เคาะลีฟะฮ์ อาล ษานี', 'Хамад бин Халифа ал Тани', 'Hamads bin Halīfa', '哈马德·本·哈利法·阿勒萨尼', 'Hamad Bin Khalifa Bin Hamad Bin Abdullah Bin Dschasim Bin Muhammed Al Thani', 'حمد بن خلیفه الثانی', 'Hamad Khalifa Bin Al Thani', 'Hamad Bin Khalifa', 'ഹമദ് ബിൻ ഖലീഫ അൽതാനി', '하마드 빈 할리파 알사니', 'Hamad Ibn Chalifa', 'Hammad Al Thani', '셰이크 하마드 이븐 할리파 알 타니', "חמד בן ח'ליפה אאל ת'אני", 'حمد بن خلیفه ال ثانی', '하마드 빈 칼리파', 'シェイク・ハマド・ビン・ハリーファ・アール・サーニ', 'Hàmad ibn Khalifa Al Thani', 'الشيخ حمد بن خليفة آل ثاني', 'Гамад бін Халіфа аль Тані', 'حمد بن خلیفهٔ آل ثانی', 'Hamad Ibn Chalifa Al Sani', 'Hamadas Bin Chalifa', 'حمد بن خليفة ال ثاني', 'Hamad Bin Jalifa Al Thani', 'Həməd ibn Xəlifə Ali Sani', 'Hamad Bin Xəlifə Al Tani', 'Hamad Ibn Khalifa Al Thani', 'Hamad Bin Khalifa Al Thani', 'ჰამად ბინ ხალიფა ალ თანი', 'Hamad Al Thani', 'Χαμάντ μπιν Χαλίφα αλ Θανί', 'Hamad Bin Chalifa', '哈迈德·本·哈利法·阿勒萨尼', 'Hamads Bin Halifa', 'حمد بن خلیفه آل دوم', 'Hameds bin Halīfa al Tānī', 'हमद बिन खलीफा अल थानी', 'Hamad Bin Halifa', 'Хамад бин Халифа ат Тани', 'Хамад Бин Халифа', 'Cheikh Hamad Ben Khalifa Al Thani', 'Hamád Ibn Chalífa as Sání', 'حمد بن خليفه آل ثاني', 'Khalifa Hamad Bin', 'Hamad Bin Khalifa Bin Hamad Bin Abdullah Bin Jassim Bin Mohammed Al Thani', 'Hamad Bin Halife Es Sani', 'Hamad bin Ĥalifa Al Thani', 'Համադ բին Խալիֆա ալ Թանի', 'Hamad Ibn Khalifa', 'Sheikh Hamad Bin Khalifa Al Tsani', 'Hamid Bin Halife El Sani', 'Hamad bin Chalífa Ál Thání', 'Hamad Bin Kalifa Al Tani', 'Hamad Ál Thání', '하마드 빈 할리파', 'حمد بن خلیفه آلثانی', 'Ḩamad ibn Khalīfah Āl Thānī', 'حمد بن خلیفهٔ آلثانی', 'เชคฮามัด บิน คอลีฟะห์ อัลตานี', 'Hamadas Bin Chalifa Al Tanis', 'Σεΐχης Χαμάντ μπιν Χαλίφα', 'Hammad Bin Khalifa Al Thani', 'Ҳамад бин Халифа Оли Танӣ', 'Hamidus Chalifae filius gentis Ṯānī', 'حمد بن خلیفہ آل ثانی', 'Хамад бін Халіфа Аль Тані', 'Хамад бин Халифа', 'Hamad Ben Khalifa Al Thani', 'হামাদ বিন খলিফা আল থানী', 'Хамад ибн Халифа аль Тани', 'Σεΐχης Χαμάντ ιμπν Χαλίφα αλ Θανί', 'Χαμάντ μπιν Χαλίφα', 'เอมีร์เชคฮามัด บิน คอลีฟะห์ อัลตานี', '하마드 빈 칼리파 알사니', 'حمد بن خلیفهٔ آل دوم', 'சேக் அமத் பின் கலீபா அல் தானி', 'Mohammed Bin Hamad Bin Khalifa Al Thani', 'Hamad bin Khalifa   حمد بن خليفة ال ثاني', 'Хамад бин Халифа Аль Тани', 'حمد بن خليفة', 'حمد بن خلیفه آل ثانی', "חמד בן ח'ליפה", 'حمد آل ثاني', 'Hamad Bin Khalifa Al Tani', 'Hamad Bin Khalifa Al Tsani', 'Хамад бин Халифа аль Тани', 'Hamad Bin Chalifa Al Thani', 'حمد بن خلیفه ال دوم', 'Hamad Bin Halifa Al Tani', 'Hamad Al Tani', 'حمد بن خلیفہ الثانی', 'Хамад бин Халифа аль Сани', 'Хамад бин Халифа аc Cани', 'Sheikh Hamad Bin Khalifa Al Thani', 'ハマド・ビン・ハリーファ・アール＝サーニー', 'Mohammed Bin Khalifa Al Thani', 'حمد بن خلیفهٔ ال ثانی', 'Hamad ibn Halífa Ál Táni', 'Hamad Ibn Khalifah Al Thani', '하마드 빈 할리파 알 사니', 'حمد بن خليفة ال ثانى', 'حمد بن خليفة آل ثاني']
      To remove=['Hamad bin Xəlifə Al Sani']  To add=['Həməd ibn Xəlifə Ali Sani', 'Hamad Bin Khalifa Bin Hamad Bin Abdullah Bin Jassim Bin Mohammed Al Thani']
2026-05-05 20:44:17,393 - INFO - orchestrator - [DELTA]   rca MISMATCH:
      DB=['QA-GEN-ABHBKAT-87DYX-RCA-1', 'QA-GEN-KBHAT-OL3FU-RCA-1', 'QA-GEN-MBHBKAT-XHR18-RCA-1', 'QA-GEN-MBHBKAT-LRHZY-RCA-1', 'QA-GEN-MBHBKAT-C3NWO-RCA-1', 'QA-GEN-PJBHOQ-PNKIK-RCA-1', 'QA-GEN-PJBHOQ-B78MR-RCA-1', 'QA-GEN-PKBHOQ-B6NQQ-RCA-1', 'QA-GEN-PAMBHOQ-3MSTL-RCA-1', 'QA-GEN-PHBHOQ-MJ0UC-RCA-1', 'QA-GEN-TBHA-K036O-RCA-1', 'QA-GEN-TBHAT-28KU2-RCA-1', 'QA-GEN-HBSAT-LEUBZ-RCA-1', 'QA-GEN-SBHAT-GX4H3-RCA-1', 'QA-GEN-ABKAT-KXNJ5-RCA-1', 'QA-GEN-ABKAT-7QHEU-RCA-1', 'QA-GEN-MBNAM-IN51I-RCA-1']
      Scraper=['QA-GEN-ABKAT-KXNJ5-RCA-1', 'QA-GEN-ABKAT-7QHEU-RCA-1', 'QA-GEN-MBKAT-TDAMF-RCA-1', 'QA-GEN-MBNAM-IN51I-RCA-1', 'QA-GEN-ABHBKAT-87DYX-RCA-1', 'QA-GEN-KBHAT-OL3FU-RCA-1', 'QA-GEN-MBHBKAT-XHR18-RCA-1', 'QA-GEN-MBHBKAT-LRHZY-RCA-1', 'QA-GEN-MBHBKAT-C3NWO-RCA-1', 'QA-GEN-PJBHOQ-PNKIK-RCA-1', 'QA-GEN-PJBHOQ-B78MR-RCA-1', 'QA-GEN-PKBHOQ-B6NQQ-RCA-1', 'QA-GEN-PAMBHOQ-3MSTL-RCA-1', 'QA-GEN-PHBHOQ-MJ0UC-RCA-1', 'QA-GEN-TBHA-K036O-RCA-1', 'QA-GEN-TBHAT-28KU2-RCA-1', 'QA-GEN-HBSAT-LEUBZ-RCA-1', 'QA-GEN-SBHAT-GX4H3-RCA-1']
      To remove=[]  To add=['QA-GEN-MBKAT-TDAMF-RCA-1']
2026-05-05 20:44:17,394 - INFO - orchestrator - [DELTA]   'Hamad Bin Khalifa Al Thani' (main_id=781281) — CHANGED. Failing check(s): ['alias', 'rca']. Added to new_df.
2026-05-05 20:44:17,395 - INFO - orchestrator - [DELTA] Processing record #71: 'Hessa Al Jaber'
2026-05-05 20:44:17,396 - INFO - orchestrator - [DELTA]   AND-query matched main_id=781282. Checking child tables...
2026-05-05 20:44:17,400 - INFO - orchestrator - [DELTA]   role_type MISMATCH:
      DB tuples:      [('Engineer', None, None, None), ('Politician', None, None, None)]
      Scraper tuples: []
      To remove=[('Engineer', None, None, None), ('Politician', None, None, None)]  To add=[]
2026-05-05 20:44:17,400 - INFO - orchestrator - [DELTA]   'Hessa Al Jaber' (main_id=781282) — CHANGED. Failing check(s): ["role_type (to_remove=[('Engineer', None, None, None), ('Politician', None, None, None)], to_add=[])"]. Added to new_df.
2026-05-05 20:44:17,401 - INFO - orchestrator - [DELTA] Processing record #72: 'Hamad Bin Jassim Bin Jaber Al Thani'
2026-05-05 20:44:17,402 - INFO - orchestrator - [DELTA]   AND-query matched main_id=781283. Checking child tables...
2026-05-05 20:44:17,405 - INFO - orchestrator - [DELTA]   'Hamad Bin Jassim Bin Jaber Al Thani' (main_id=781283) — SAME. Added to is_del_list_1.
2026-05-05 20:44:17,405 - INFO - orchestrator - [DELTA] Processing record #73: 'Jassim Bin Saif Al Sulaiti'
2026-05-05 20:44:17,406 - INFO - orchestrator - [DELTA]   AND-query matched main_id=781284. Checking child tables...
2026-05-05 20:44:17,409 - INFO - orchestrator - [DELTA]   'Jassim Bin Saif Al Sulaiti' (main_id=781284) — SAME. Added to is_del_list_1.
2026-05-05 20:44:17,410 - INFO - orchestrator - [DELTA] Processing record #74: 'Prince Jassim Bin Hamad Of Qatar'
2026-05-05 20:44:17,411 - INFO - orchestrator - [DELTA]   AND-query matched main_id=781285. Checking child tables...
2026-05-05 20:44:17,414 - INFO - orchestrator - [DELTA]   role_type MISMATCH:
      DB tuples:      [('Politician', None, None, None)]
      Scraper tuples: []
      To remove=[('Politician', None, None, None)]  To add=[]
2026-05-05 20:44:17,414 - INFO - orchestrator - [DELTA]   'Prince Jassim Bin Hamad Of Qatar' (main_id=781285) — CHANGED. Failing check(s): ["role_type (to_remove=[('Politician', None, None, None)], to_add=[])"]. Added to new_df.
2026-05-05 20:44:17,415 - INFO - orchestrator - [DELTA] Processing record #75: 'Ali Al Qaradaghi'
2026-05-05 20:44:17,416 - INFO - orchestrator - [DELTA]   AND-query matched main_id=781286. Checking child tables...
2026-05-05 20:44:17,417 - INFO - orchestrator - [DELTA]   alias MISMATCH:
      DB=['علي محي الدين القرة داغي', 'علي مُحيي الدين القره داغي', 'Али аль Карадаги', 'Әли әл Қарадағи', 'Ali Muhyiddin Ali Al Qaradaghi', 'Ali Qeredaxi', 'علي محيي الدين القره داغي', 'علی قرهداغی', 'Ali Al Qaradaghi', 'على محيي الدين القره داغي', 'علي القرة داغي', 'عەلی قەرەداغی', 'Алі аль Карадагі', 'علي محيي الدين القرة داغي', 'على محي الدين القرة داغي']
      Scraper=['علي مُحيي الدين القره داغي', 'على محيي الدين القره داغي', 'علی قرهداغی', 'Ali Qeredaxi', 'علي محي الدين القرة داغي', 'Ali Al Qaradaghi', 'Ali Muhyiddin Ali Al Qaradaghi', 'عەلی قەرەداغی', 'علي محيي الدين القره داغي', 'علی محیی الدین القرہ داغی', 'Алі аль Карадагі', 'علي محيي الدين القرة داغي', 'עלי אל קרה דאגי', 'علي القرة داغي', 'Али аль Карадаги', 'Әли әл Қарадағи', 'على محي الدين القرة داغي']
      To remove=[]  To add=['علی محیی الدین القرہ داغی', 'עלי אל קרה דאגי']
2026-05-05 20:44:17,419 - INFO - orchestrator - [DELTA]   role_type MISMATCH:
      DB tuples:      [('Politician', None, None, None), ('University Teacher', None, None, None)]
      Scraper tuples: []
      To remove=[('Politician', None, None, None), ('University Teacher', None, None, None)]  To add=[]
2026-05-05 20:44:17,420 - INFO - orchestrator - [DELTA]   'Ali Al Qaradaghi' (main_id=781286) — CHANGED. Failing check(s): ['alias', "role_type (to_remove=[('Politician', None, None, None), ('University Teacher', None, None, None)], to_add=[])"]. Added to new_df.
2026-05-05 20:44:17,420 - INFO - orchestrator - [DELTA] Processing record #76: 'Mohammed Saleh Al Sada'
2026-05-05 20:44:17,421 - INFO - orchestrator - [DELTA]   AND-query matched main_id=781287. Checking child tables...
2026-05-05 20:44:17,422 - INFO - orchestrator - [DELTA]   alias MISMATCH:
      DB=['穆罕默德·萨利赫 萨达', 'Mohammed Saleh Al Sada', 'محمد بن صالح السادة', 'モハメド・ビン・サレハ・アル＝サダ', '穆罕默德·薩利赫 薩達', 'Мохаммед Салех аль Сада', 'محمد صالح السادة']
      Scraper=['穆罕默德·薩利赫 薩達', 'محمد بن صالح السادة', '穆罕默德·萨利赫 萨达', 'Mohammed Saleh Al Sada', 'Мохаммед Салех аль Сада', 'محمد صالح السادہ', 'モハメド・ビン・サレハ・アル＝サダ', 'محمد صالح السادة']
      To remove=[]  To add=['محمد صالح السادہ']
2026-05-05 20:44:17,425 - INFO - orchestrator - [DELTA]   'Mohammed Saleh Al Sada' (main_id=781287) — CHANGED. Failing check(s): ['alias']. Added to new_df.
2026-05-05 20:44:17,425 - INFO - orchestrator - [DELTA] Processing record #77: 'Sheikha Yousuf Hasan Al Jufairi'
2026-05-05 20:44:17,427 - INFO - orchestrator - [DELTA]   AND-query matched main_id=781288. Checking child tables...
2026-05-05 20:44:17,429 - INFO - orchestrator - [DELTA]   role_type MISMATCH:
      DB tuples:      [('Politician', None, None, None)]
      Scraper tuples: []
      To remove=[('Politician', None, None, None)]  To add=[]
2026-05-05 20:44:17,429 - INFO - orchestrator - [DELTA]   'Sheikha Yousuf Hasan Al Jufairi' (main_id=781288) — CHANGED. Failing check(s): ["role_type (to_remove=[('Politician', None, None, None)], to_add=[])"]. Added to new_df.
2026-05-05 20:44:17,430 - INFO - orchestrator - [DELTA] Processing record #78: 'Khalid Bin Khalifa Bin Abdul Aziz Al Thani'
2026-05-05 20:44:17,431 - INFO - orchestrator - [DELTA]   AND-query matched main_id=781289. Checking child tables...
2026-05-05 20:44:17,434 - INFO - orchestrator - [DELTA]   'Khalid Bin Khalifa Bin Abdul Aziz Al Thani' (main_id=781289) — SAME. Added to is_del_list_1.
2026-05-05 20:44:17,434 - INFO - orchestrator - [DELTA] Processing record #79: 'Ahmed Abdulla Kh H Al Thani'
2026-05-05 20:44:17,435 - INFO - orchestrator - [DELTA]   AND-query matched main_id=781290. Checking child tables...
2026-05-05 20:44:17,437 - INFO - orchestrator - [DELTA]   role_type MISMATCH:
      DB tuples:      [('Businessperson', None, None, None), ('Rider', None, None, None)]
      Scraper tuples: []
      To remove=[('Businessperson', None, None, None), ('Rider', None, None, None)]  To add=[]
2026-05-05 20:44:17,437 - INFO - orchestrator - [DELTA]   'Ahmed Abdulla Kh H Al Thani' (main_id=781290) — CHANGED. Failing check(s): ["role_type (to_remove=[('Businessperson', None, None, None), ('Rider', None, None, None)], to_add=[])"]. Added to new_df.
2026-05-05 20:44:17,438 - INFO - orchestrator - [DELTA] Processing record #80: 'Lolwah Al Khater'
2026-05-05 20:44:17,440 - INFO - orchestrator - [DELTA]   AND-query matched main_id=781291. Checking child tables...
2026-05-05 20:44:17,443 - INFO - orchestrator - [DELTA]   'Lolwah Al Khater' (main_id=781291) — SAME. Added to is_del_list_1.
2026-05-05 20:44:17,443 - INFO - orchestrator - [DELTA] Processing record #81: 'Ahmad bin Abdullah Al Mahmoud'
2026-05-05 20:44:17,445 - INFO - orchestrator - [DELTA]   AND-query matched main_id=781313. Checking child tables...
2026-05-05 20:44:17,447 - INFO - orchestrator - [DELTA]   'Ahmad bin Abdullah Al Mahmoud' (main_id=781313) — SAME. Added to is_del_list_1.
2026-05-05 20:44:17,447 - INFO - orchestrator - [DELTA] Processing record #82: 'Hamad bin Khalifa Al Thani'
2026-05-05 20:44:17,448 - INFO - orchestrator - [DELTA]   AND-query matched main_id=781315. Checking child tables...
2026-05-05 20:44:17,451 - INFO - orchestrator - [DELTA]   'Hamad bin Khalifa Al Thani' (main_id=781315) — SAME. Added to is_del_list_1.
2026-05-05 20:44:17,451 - INFO - orchestrator - [DELTA] Processing record #83: 'Abdullah bin Hamad bin Khalifa Al Thani'
2026-05-05 20:44:17,452 - INFO - orchestrator - [DELTA]   AND-query matched main_id=781296. Checking child tables...
2026-05-05 20:44:17,455 - INFO - orchestrator - [DELTA]   'Abdullah bin Hamad bin Khalifa Al Thani' (main_id=781296) — SAME. Added to is_del_list_1.
2026-05-05 20:44:17,455 - INFO - orchestrator - [DELTA] Processing record #84: 'Khalifa bin Hamad bin Khalifa Al Thani'
2026-05-05 20:44:17,457 - INFO - orchestrator - [DELTA]   AND-query matched main_id=781314. Checking child tables...
2026-05-05 20:44:17,460 - INFO - orchestrator - [DELTA]   'Khalifa bin Hamad bin Khalifa Al Thani' (main_id=781314) — SAME. Added to is_del_list_1.
2026-05-05 20:44:17,460 - INFO - orchestrator - [DELTA] Processing record #85: 'Maha bint Hamad bin Khalifa Al Thani'
2026-05-05 20:44:17,461 - INFO - orchestrator - [DELTA]   AND-query matched main_id=781298. Checking child tables...
2026-05-05 20:44:17,464 - INFO - orchestrator - [DELTA]   'Maha bint Hamad bin Khalifa Al Thani' (main_id=781298) — SAME. Added to is_del_list_1.
2026-05-05 20:44:17,464 - INFO - orchestrator - [DELTA] Processing record #86: 'Mishaal bin Hamad bin Khalifa Al Thani'
2026-05-05 20:44:17,465 - INFO - orchestrator - [DELTA]   AND-query matched main_id=781299. Checking child tables...
2026-05-05 20:44:17,468 - INFO - orchestrator - [DELTA]   'Mishaal bin Hamad bin Khalifa Al Thani' (main_id=781299) — SAME. Added to is_del_list_1.
2026-05-05 20:44:17,469 - INFO - orchestrator - [DELTA] Processing record #87: 'Mohammed bin Hamad bin Khalifa Al Thani'
2026-05-05 20:44:17,470 - INFO - orchestrator - [DELTA]   AND-query matched main_id=781300. Checking child tables...
2026-05-05 20:44:17,473 - INFO - orchestrator - [DELTA]   'Mohammed bin Hamad bin Khalifa Al Thani' (main_id=781300) — SAME. Added to is_del_list_1.
2026-05-05 20:44:17,474 - INFO - orchestrator - [DELTA] Processing record #88: 'Prince Jassim bin Hamad of Qatar'
2026-05-05 20:44:17,475 - INFO - orchestrator - [DELTA]   AND-query matched main_id=781301. Checking child tables...
2026-05-05 20:44:17,479 - INFO - orchestrator - [DELTA]   'Prince Jassim bin Hamad of Qatar' (main_id=781301) — SAME. Added to is_del_list_1.
2026-05-05 20:44:17,479 - INFO - orchestrator - [DELTA] Processing record #89: 'Prince Joaan bin Hamad of Qatar'
2026-05-05 20:44:17,480 - INFO - orchestrator - [DELTA]   AND-query matched main_id=781302. Checking child tables...
2026-05-05 20:44:17,483 - INFO - orchestrator - [DELTA]   'Prince Joaan bin Hamad of Qatar' (main_id=781302) — SAME. Added to is_del_list_1.
2026-05-05 20:44:17,483 - INFO - orchestrator - [DELTA] Processing record #90: 'Prince Khalifa bin Hamad of Qatar'
2026-05-05 20:44:17,484 - INFO - orchestrator - [DELTA]   AND-query matched main_id=781303. Checking child tables...
2026-05-05 20:44:17,487 - INFO - orchestrator - [DELTA]   'Prince Khalifa bin Hamad of Qatar' (main_id=781303) — SAME. Added to is_del_list_1.
2026-05-05 20:44:17,488 - INFO - orchestrator - [DELTA] Processing record #91: 'Princess Al Mayassa bint Hamad of Qatar'
2026-05-05 20:44:17,489 - INFO - orchestrator - [DELTA]   AND-query matched main_id=781304. Checking child tables...
2026-05-05 20:44:17,492 - INFO - orchestrator - [DELTA]   'Princess Al Mayassa bint Hamad of Qatar' (main_id=781304) — SAME. Added to is_del_list_1.
2026-05-05 20:44:17,492 - INFO - orchestrator - [DELTA] Processing record #92: 'Princess Hind bint Hamad of Qatar'
2026-05-05 20:44:17,494 - INFO - orchestrator - [DELTA]   AND-query matched main_id=781305. Checking child tables...
2026-05-05 20:44:17,496 - INFO - orchestrator - [DELTA]   'Princess Hind bint Hamad of Qatar' (main_id=781305) — SAME. Added to is_del_list_1.
2026-05-05 20:44:17,497 - INFO - orchestrator - [DELTA] Processing record #93: 'Thani bin Hamad Al Thani'
2026-05-05 20:44:17,498 - INFO - orchestrator - [DELTA]   AND-query matched main_id=781307. Checking child tables...
2026-05-05 20:44:17,500 - INFO - orchestrator - [DELTA]   'Thani bin Hamad Al Thani' (main_id=781307) — SAME. Added to is_del_list_1.
2026-05-05 20:44:17,500 - INFO - orchestrator - [DELTA] Processing record #94: 'Tamim bin Hamad Al'
2026-05-05 20:44:17,501 - INFO - orchestrator - [DELTA]   AND-query matched main_id=781306. Checking child tables...
2026-05-05 20:44:17,504 - INFO - orchestrator - [DELTA]   'Tamim bin Hamad Al' (main_id=781306) — SAME. Added to is_del_list_1.
2026-05-05 20:44:17,504 - INFO - orchestrator - [DELTA] Processing record #95: 'Abdelaziz bin Khalifa Al Thani'
2026-05-05 20:44:17,506 - INFO - orchestrator - [DELTA]   AND-query matched main_id=781316. Checking child tables...
2026-05-05 20:44:17,509 - INFO - orchestrator - [DELTA]   'Abdelaziz bin Khalifa Al Thani' (main_id=781316) — SAME. Added to is_del_list_1.
2026-05-05 20:44:17,509 - INFO - orchestrator - [DELTA] Processing record #96: 'Abdullah bin Khalifa Al Thani'
2026-05-05 20:44:17,511 - INFO - orchestrator - [DELTA]   AND-query matched main_id=781317. Checking child tables...
2026-05-05 20:44:17,514 - INFO - orchestrator - [DELTA]   'Abdullah bin Khalifa Al Thani' (main_id=781317) — SAME. Added to is_del_list_1.
2026-05-05 20:44:17,514 - INFO - orchestrator - [DELTA] Processing record #97: 'Mohammed bin Khalifa Al Thani'
2026-05-05 20:44:17,516 - INFO - orchestrator - [DELTA]   No existing record found by name+scraper_tag — treating as BRAND NEW.
2026-05-05 20:44:19,103 - INFO - orchestrator - [DELTA]   'Mohammed bin Khalifa Al Thani' — No match at all (truly new record). Added to new_df.
2026-05-05 20:44:19,104 - INFO - orchestrator - [DELTA] Processing record #98: 'Al Anoud bint Mana Al Hajri'
2026-05-05 20:44:19,118 - INFO - orchestrator - [DELTA]   AND-query matched main_id=781293. Checking child tables...
2026-05-05 20:44:19,123 - INFO - orchestrator - [DELTA]   'Al Anoud bint Mana Al Hajri' (main_id=781293) — SAME. Added to is_del_list_1.
2026-05-05 20:44:19,124 - INFO - orchestrator - [DELTA] Processing record #99: 'Jawaher bint Hamad Al Thani'
2026-05-05 20:44:19,125 - INFO - orchestrator - [DELTA]   AND-query matched main_id=781319. Checking child tables...
2026-05-05 20:44:19,128 - INFO - orchestrator - [DELTA]   'Jawaher bint Hamad Al Thani' (main_id=781319) — SAME. Added to is_del_list_1.
2026-05-05 20:44:19,128 - INFO - orchestrator - [DELTA] Processing record #100: 'Noora bint Hathal Al Dosari'
2026-05-05 20:44:19,129 - INFO - orchestrator - [DELTA]   AND-query matched main_id=781320. Checking child tables...
2026-05-05 20:44:19,132 - INFO - orchestrator - [DELTA]   'Noora bint Hathal Al Dosari' (main_id=781320) — SAME. Added to is_del_list_1.
2026-05-05 20:44:19,132 - INFO - orchestrator - [DELTA] Processing record #101: 'Janet Jackson'
2026-05-05 20:44:19,134 - INFO - orchestrator - [DELTA]   AND-query matched main_id=781321. Checking child tables...
2026-05-05 20:44:19,136 - INFO - orchestrator - [DELTA]   'Janet Jackson' (main_id=781321) — SAME. Added to is_del_list_1.
2026-05-05 20:44:19,137 - INFO - orchestrator - [DELTA] Processing record #102: 'Lolwa bint Jassim bin Hamad'
2026-05-05 20:44:19,138 - INFO - orchestrator - [DELTA]   AND-query matched main_id=781322. Checking child tables...
2026-05-05 20:44:19,141 - INFO - orchestrator - [DELTA]   'Lolwa bint Jassim bin Hamad' (main_id=781322) — SAME. Added to is_del_list_1.
2026-05-05 20:44:19,142 - INFO - orchestrator - [DELTA] Processing record #103: 'Moza bint Nasser Al Missned'
2026-05-05 20:44:19,143 - INFO - orchestrator - [DELTA]   AND-query matched main_id=781318. Checking child tables...
2026-05-05 20:44:19,145 - INFO - orchestrator - [DELTA]   'Moza bint Nasser Al Missned' (main_id=781318) — SAME. Added to is_del_list_1.
2026-05-05 20:44:19,146 - INFO - orchestrator - [DELTA] Processing record #104: 'Buthaina bint Hamad Al Thani'
2026-05-05 20:44:19,147 - INFO - orchestrator - [DELTA]   AND-query matched main_id=781323. Checking child tables...
2026-05-05 20:44:19,150 - INFO - orchestrator - [DELTA]   'Buthaina bint Hamad Al Thani' (main_id=781323) — SAME. Added to is_del_list_1.
2026-05-05 20:44:19,150 - INFO - orchestrator - [DELTA] Processing record #105: 'Abdulhadi Mana Abdulhadi Al Shawani Al Hajri'
2026-05-05 20:44:19,151 - INFO - orchestrator - [DELTA]   AND-query matched main_id=781292. Checking child tables...
2026-05-05 20:44:19,154 - INFO - orchestrator - [DELTA]   'Abdulhadi Mana Abdulhadi Al Shawani Al Hajri' (main_id=781292) — SAME. Added to is_del_list_1.
2026-05-05 20:44:19,154 - INFO - orchestrator - [DELTA] Processing record #106: 'Eissa Al Mana'
2026-05-05 20:44:19,156 - INFO - orchestrator - [DELTA]   AND-query matched main_id=781294. Checking child tables...
2026-05-05 20:44:19,159 - INFO - orchestrator - [DELTA]   'Eissa Al Mana' (main_id=781294) — SAME. Added to is_del_list_1.
2026-05-05 20:44:19,159 - INFO - orchestrator - [DELTA] Processing record #107: 'Ahmed Abdulla KH H Al Thani'
2026-05-05 20:44:19,161 - INFO - orchestrator - [DELTA]   AND-query matched main_id=781295. Checking child tables...
2026-05-05 20:44:19,163 - INFO - orchestrator - [DELTA]   'Ahmed Abdulla KH H Al Thani' (main_id=781295) — SAME. Added to is_del_list_1.
2026-05-05 20:44:19,163 - INFO - orchestrator - [DELTA] Processing record #108: 'Khalid bin Hamad Al Thani'
2026-05-05 20:44:19,165 - INFO - orchestrator - [DELTA]   AND-query matched main_id=781297. Checking child tables...
2026-05-05 20:44:19,167 - INFO - orchestrator - [DELTA]   'Khalid bin Hamad Al Thani' (main_id=781297) — SAME. Added to is_del_list_1.
2026-05-05 20:44:19,167 - INFO - orchestrator - [DELTA] Processing record #109: 'Hamad bin Suhaim Al Thani'
2026-05-05 20:44:19,169 - INFO - orchestrator - [DELTA]   AND-query matched main_id=781308. Checking child tables...
2026-05-05 20:44:19,171 - INFO - orchestrator - [DELTA]   'Hamad bin Suhaim Al Thani' (main_id=781308) — SAME. Added to is_del_list_1.
2026-05-05 20:44:19,171 - INFO - orchestrator - [DELTA] Processing record #110: 'Khalifa bin Hamad Al Thani'
2026-05-05 20:44:19,173 - INFO - orchestrator - [DELTA]   AND-query matched main_id=781309. Checking child tables...
2026-05-05 20:44:19,176 - INFO - orchestrator - [DELTA]   'Khalifa bin Hamad Al Thani' (main_id=781309) — SAME. Added to is_del_list_1.
2026-05-05 20:44:19,177 - INFO - orchestrator - [DELTA] Processing record #111: 'Hamad bin Jassim bin Jaber Al Thani'
2026-05-05 20:44:19,178 - INFO - orchestrator - [DELTA]   AND-query matched main_id=781310. Checking child tables...
2026-05-05 20:44:19,181 - INFO - orchestrator - [DELTA]   'Hamad bin Jassim bin Jaber Al Thani' (main_id=781310) — SAME. Added to is_del_list_1.
2026-05-05 20:44:19,181 - INFO - orchestrator - [DELTA] Processing record #112: 'Hamad Bin Khalifa Bin Ahmed Al Thani'
2026-05-05 20:44:19,183 - INFO - orchestrator - [DELTA]   AND-query matched main_id=781311. Checking child tables...
2026-05-05 20:44:19,185 - INFO - orchestrator - [DELTA]   'Hamad Bin Khalifa Bin Ahmed Al Thani' (main_id=781311) — SAME. Added to is_del_list_1.
2026-05-05 20:44:19,186 - INFO - orchestrator - [DELTA] Processing record #113: 'Suhaim bin Hamad Al Thani'
2026-05-05 20:44:19,187 - INFO - orchestrator - [DELTA]   AND-query matched main_id=781312. Checking child tables...
2026-05-05 20:44:19,190 - INFO - orchestrator - [DELTA]   'Suhaim bin Hamad Al Thani' (main_id=781312) — SAME. Added to is_del_list_1.
2026-05-05 20:44:51,245 - INFO - orchestrator - Delta: 36 new records in 48.1s
2026-05-05 20:45:12,905 - INFO - orchestrator - Inserted 36 records for qa_gen
