2026-05-25 21:55:31,817 - INFO - orchestrator - ============================================================
2026-05-25 21:55:31,818 - INFO - orchestrator - country=Oman | tag=om_gen | file=pep_oman_living_relevant_20260525_164848.xlsx
2026-05-25 21:55:31,818 - INFO - orchestrator - ============================================================
2026-05-25 21:56:49,211 - INFO - orchestrator - [DELTA] Processing record #0: 'Shakour Bint Mohammed Al Ghamari'
2026-05-25 21:56:49,213 - INFO - orchestrator - [DELTA]   AND-query matched main_id=862015. Checking child tables...
2026-05-25 21:56:49,223 - INFO - orchestrator - [DELTA]   'Shakour Bint Mohammed Al Ghamari' (main_id=862015) — SAME. Added to is_del_list_1.
2026-05-25 21:56:49,224 - INFO - orchestrator - [DELTA] Processing record #1: 'Taiba Al Mawali'
2026-05-25 21:56:49,225 - INFO - orchestrator - [DELTA]   AND-query matched main_id=862016. Checking child tables...
2026-05-25 21:56:49,227 - INFO - orchestrator - [DELTA]   'Taiba Al Mawali' (main_id=862016) — SAME. Added to is_del_list_1.
2026-05-25 21:56:49,227 - INFO - orchestrator - [DELTA] Processing record #2: 'Lujaina Mohsin Darwish'
2026-05-25 21:56:49,228 - INFO - orchestrator - [DELTA]   AND-query matched main_id=862017. Checking child tables...
2026-05-25 21:56:49,231 - INFO - orchestrator - [DELTA]   'Lujaina Mohsin Darwish' (main_id=862017) — SAME. Added to is_del_list_1.
2026-05-25 21:56:49,232 - INFO - orchestrator - [DELTA] Processing record #3: 'Areej Mohsin Haider Darwish'
2026-05-25 21:56:49,233 - INFO - orchestrator - [DELTA]   AND-query matched main_id=862018. Checking child tables...
2026-05-25 21:56:49,236 - INFO - orchestrator - [DELTA]   'Areej Mohsin Haider Darwish' (main_id=862018) — SAME. Added to is_del_list_1.
2026-05-25 21:56:49,236 - INFO - orchestrator - [DELTA] Processing record #4: 'Amal Bahwan'
2026-05-25 21:56:49,237 - INFO - orchestrator - [DELTA]   AND-query matched main_id=862019. Checking child tables...
2026-05-25 21:56:49,242 - INFO - orchestrator - [DELTA]   'Amal Bahwan' (main_id=862019) — SAME. Added to is_del_list_1.
2026-05-25 21:56:49,242 - INFO - orchestrator - [DELTA] Processing record #5: 'Amer Awadh Rawas'
2026-05-25 21:56:49,244 - INFO - orchestrator - [DELTA]   AND-query matched main_id=781156. Checking child tables...
2026-05-25 21:56:49,250 - INFO - orchestrator - [DELTA]   'Amer Awadh Rawas' (main_id=781156) — SAME. Added to is_del_list_1.
2026-05-25 21:56:49,250 - INFO - orchestrator - [DELTA] Processing record #6: 'Azza Al Ismaili'
2026-05-25 21:56:49,251 - INFO - orchestrator - [DELTA]   AND-query matched main_id=862020. Checking child tables...
2026-05-25 21:56:49,254 - INFO - orchestrator - [DELTA]   'Azza Al Ismaili' (main_id=862020) — SAME. Added to is_del_list_1.
2026-05-25 21:56:49,254 - INFO - orchestrator - [DELTA] Processing record #7: 'Nashiah Bint Saud Al Kharousiyah'
2026-05-25 21:56:49,255 - INFO - orchestrator - [DELTA]   AND-query matched main_id=862021. Checking child tables...
2026-05-25 21:56:49,257 - INFO - orchestrator - [DELTA]   'Nashiah Bint Saud Al Kharousiyah' (main_id=862021) — SAME. Added to is_del_list_1.
2026-05-25 21:56:49,258 - INFO - orchestrator - [DELTA] Processing record #8: 'Laila Bint Ahmed Bin Awad Al Najjar'
2026-05-25 21:56:49,258 - INFO - orchestrator - [DELTA]   AND-query matched main_id=862022. Checking child tables...
2026-05-25 21:56:49,261 - INFO - orchestrator - [DELTA]   'Laila Bint Ahmed Bin Awad Al Najjar' (main_id=862022) — SAME. Added to is_del_list_1.
2026-05-25 21:56:49,261 - INFO - orchestrator - [DELTA] Processing record #9: 'Fatma Bahwan'
2026-05-25 21:56:49,262 - INFO - orchestrator - [DELTA]   AND-query matched main_id=862023. Checking child tables...
2026-05-25 21:56:49,265 - INFO - orchestrator - [DELTA]   'Fatma Bahwan' (main_id=862023) — SAME. Added to is_del_list_1.
2026-05-25 21:56:49,265 - INFO - orchestrator - [DELTA] Processing record #10: 'Hind Bahwan'
2026-05-25 21:56:49,266 - INFO - orchestrator - [DELTA]   AND-query matched main_id=862024. Checking child tables...
2026-05-25 21:56:49,269 - INFO - orchestrator - [DELTA]   'Hind Bahwan' (main_id=862024) — SAME. Added to is_del_list_1.
2026-05-25 21:56:49,269 - INFO - orchestrator - [DELTA] Processing record #11: 'Haifa Al Khaifi'
2026-05-25 21:56:49,271 - INFO - orchestrator - [DELTA]   AND-query matched main_id=862025. Checking child tables...
2026-05-25 21:56:49,276 - INFO - orchestrator - [DELTA]   'Haifa Al Khaifi' (main_id=862025) — SAME. Added to is_del_list_1.
2026-05-25 21:56:49,276 - INFO - orchestrator - [DELTA] Processing record #12: 'Rawan Bint Ahmed Al Said'
2026-05-25 21:56:49,278 - INFO - orchestrator - [DELTA]   AND-query matched main_id=862026. Checking child tables...
2026-05-25 21:56:49,280 - INFO - orchestrator - [DELTA]   'Rawan Bint Ahmed Al Said' (main_id=862026) — SAME. Added to is_del_list_1.
2026-05-25 21:56:49,281 - INFO - orchestrator - [DELTA] Processing record #13: 'Huda Al Lawati'
2026-05-25 21:56:49,282 - INFO - orchestrator - [DELTA]   AND-query matched main_id=862027. Checking child tables...
2026-05-25 21:56:49,284 - INFO - orchestrator - [DELTA]   'Huda Al Lawati' (main_id=862027) — SAME. Added to is_del_list_1.
2026-05-25 21:56:49,285 - INFO - orchestrator - [DELTA] Processing record #14: 'Devaki Khimji'
2026-05-25 21:56:49,286 - INFO - orchestrator - [DELTA]   AND-query matched main_id=862028. Checking child tables...
2026-05-25 21:56:49,292 - INFO - orchestrator - [DELTA]   'Devaki Khimji' (main_id=862028) — SAME. Added to is_del_list_1.
2026-05-25 21:56:49,292 - INFO - orchestrator - [DELTA] Processing record #15: 'Arfah Bin Frijoon Bait Sameer'
2026-05-25 21:56:49,294 - INFO - orchestrator - [DELTA]   AND-query matched main_id=862029. Checking child tables...
2026-05-25 21:56:49,297 - INFO - orchestrator - [DELTA]   'Arfah Bin Frijoon Bait Sameer' (main_id=862029) — SAME. Added to is_del_list_1.
2026-05-25 21:56:49,297 - INFO - orchestrator - [DELTA] Processing record #16: 'Rahma Bint Ibrahim Al Mahrooqi'
2026-05-25 21:56:49,299 - INFO - orchestrator - [DELTA]   AND-query matched main_id=862030. Checking child tables...
2026-05-25 21:56:49,302 - INFO - orchestrator - [DELTA]   'Rahma Bint Ibrahim Al Mahrooqi' (main_id=862030) — SAME. Added to is_del_list_1.
2026-05-25 21:56:49,303 - INFO - orchestrator - [DELTA] Processing record #17: 'Qais Mohammed Al Yousef'
2026-05-25 21:56:49,305 - INFO - orchestrator - [DELTA]   AND-query matched main_id=862031. Checking child tables...
2026-05-25 21:56:49,308 - INFO - orchestrator - [DELTA]   'Qais Mohammed Al Yousef' (main_id=862031) — SAME. Added to is_del_list_1.
2026-05-25 21:56:49,309 - INFO - orchestrator - [DELTA] Processing record #18: 'Salim Bin Nasir Bin Said Al Aufi'
2026-05-25 21:56:49,310 - INFO - orchestrator - [DELTA]   AND-query matched main_id=862032. Checking child tables...
2026-05-25 21:56:49,312 - INFO - orchestrator - [DELTA]   'Salim Bin Nasir Bin Said Al Aufi' (main_id=862032) — SAME. Added to is_del_list_1.
2026-05-25 21:56:49,312 - INFO - orchestrator - [DELTA] Processing record #19: 'Salem Bin Mohammed Al Mahrooqi'
2026-05-25 21:56:49,313 - INFO - orchestrator - [DELTA]   AND-query matched main_id=862033. Checking child tables...
2026-05-25 21:56:49,316 - INFO - orchestrator - [DELTA]   'Salem Bin Mohammed Al Mahrooqi' (main_id=862033) — SAME. Added to is_del_list_1.
2026-05-25 21:56:49,316 - INFO - orchestrator - [DELTA] Processing record #20: 'Rajehah Bint Mahmud Bin Mohammad Al Lawati'
2026-05-25 21:56:49,317 - INFO - orchestrator - [DELTA]   AND-query matched main_id=862034. Checking child tables...
2026-05-25 21:56:49,320 - INFO - orchestrator - [DELTA]   'Rajehah Bint Mahmud Bin Mohammad Al Lawati' (main_id=862034) — SAME. Added to is_del_list_1.
2026-05-25 21:56:49,321 - INFO - orchestrator - [DELTA] Processing record #21: 'Nemah Al Busaidiyah'
2026-05-25 21:56:49,322 - INFO - orchestrator - [DELTA]   AND-query matched main_id=862035. Checking child tables...
2026-05-25 21:56:49,326 - INFO - orchestrator - [DELTA]   'Nemah Al Busaidiyah' (main_id=862035) — SAME. Added to is_del_list_1.
2026-05-25 21:56:49,326 - INFO - orchestrator - [DELTA] Processing record #22: 'Sharifah Bint Khalfan Al Yahayai'
2026-05-25 21:56:49,328 - INFO - orchestrator - [DELTA]   AND-query matched main_id=862036. Checking child tables...
2026-05-25 21:56:49,330 - INFO - orchestrator - [DELTA]   'Sharifah Bint Khalfan Al Yahayai' (main_id=862036) — SAME. Added to is_del_list_1.
2026-05-25 21:56:49,331 - INFO - orchestrator - [DELTA] Processing record #23: 'Thuwaibah Bint Ahmed Al Barwani'
2026-05-25 21:56:49,332 - INFO - orchestrator - [DELTA]   AND-query matched main_id=862037. Checking child tables...
2026-05-25 21:56:49,335 - INFO - orchestrator - [DELTA]   'Thuwaibah Bint Ahmed Al Barwani' (main_id=862037) — SAME. Added to is_del_list_1.
2026-05-25 21:56:49,335 - INFO - orchestrator - [DELTA] Processing record #24: 'Rahma Bint Hamad Al Mesharfiyah'
2026-05-25 21:56:49,337 - INFO - orchestrator - [DELTA]   AND-query matched main_id=862038. Checking child tables...
2026-05-25 21:56:49,342 - INFO - orchestrator - [DELTA]   'Rahma Bint Hamad Al Mesharfiyah' (main_id=862038) — SAME. Added to is_del_list_1.
2026-05-25 21:56:49,343 - INFO - orchestrator - [DELTA] Processing record #25: 'Niamah Bint Jameel Al Busaidiyah'
2026-05-25 21:56:49,344 - INFO - orchestrator - [DELTA]   AND-query matched main_id=862039. Checking child tables...
2026-05-25 21:56:49,347 - INFO - orchestrator - [DELTA]   'Niamah Bint Jameel Al Busaidiyah' (main_id=862039) — SAME. Added to is_del_list_1.
2026-05-25 21:56:49,348 - INFO - orchestrator - [DELTA] Processing record #26: 'Idris Bin Abdul Rahman Al Khanjari'
2026-05-25 21:56:49,350 - INFO - orchestrator - [DELTA]   AND-query matched main_id=862040. Checking child tables...
2026-05-25 21:56:49,353 - INFO - orchestrator - [DELTA]   'Idris Bin Abdul Rahman Al Khanjari' (main_id=862040) — SAME. Added to is_del_list_1.
2026-05-25 21:56:49,353 - INFO - orchestrator - [DELTA] Processing record #27: 'Khalid Al Maawali'
2026-05-25 21:56:49,356 - INFO - orchestrator - [DELTA]   AND-query matched main_id=862041. Checking child tables...
2026-05-25 21:56:49,360 - INFO - orchestrator - [DELTA]   'Khalid Al Maawali' (main_id=862041) — SAME. Added to is_del_list_1.
2026-05-25 21:56:49,360 - INFO - orchestrator - [DELTA] Processing record #28: 'Haitham Bin Tarik Al Said'
2026-05-25 21:56:49,362 - INFO - orchestrator - [DELTA]   AND-query matched main_id=862042. Checking child tables...
2026-05-25 21:56:49,371 - INFO - orchestrator - [DELTA]   'Haitham Bin Tarik Al Said' (main_id=862042) — SAME. Added to is_del_list_1.
2026-05-25 21:56:49,371 - INFO - orchestrator - [DELTA] Processing record #29: 'Abdullah Al Raisi'
2026-05-25 21:56:49,373 - INFO - orchestrator - [DELTA]   AND-query matched main_id=862043. Checking child tables...
2026-05-25 21:56:49,376 - INFO - orchestrator - [DELTA]   'Abdullah Al Raisi' (main_id=862043) — SAME. Added to is_del_list_1.
2026-05-25 21:56:49,377 - INFO - orchestrator - [DELTA] Processing record #30: 'Maani Bint Abdullah Al Busaidi'
2026-05-25 21:56:49,378 - INFO - orchestrator - [DELTA]   AND-query matched main_id=862044. Checking child tables...
2026-05-25 21:56:49,381 - INFO - orchestrator - [DELTA]   'Maani Bint Abdullah Al Busaidi' (main_id=862044) — SAME. Added to is_del_list_1.
2026-05-25 21:56:49,381 - INFO - orchestrator - [DELTA] Processing record #31: 'Saud Bin Ibrahim Al Busaidi'
2026-05-25 21:56:49,383 - INFO - orchestrator - [DELTA]   AND-query matched main_id=862045. Checking child tables...
2026-05-25 21:56:49,386 - INFO - orchestrator - [DELTA]   'Saud Bin Ibrahim Al Busaidi' (main_id=862045) — SAME. Added to is_del_list_1.
2026-05-25 21:56:49,386 - INFO - orchestrator - [DELTA] Processing record #32: 'Samira Bint Mohamed Al Moosa'
2026-05-25 21:56:49,388 - INFO - orchestrator - [DELTA]   AND-query matched main_id=862046. Checking child tables...
2026-05-25 21:56:49,392 - INFO - orchestrator - [DELTA]   'Samira Bint Mohamed Al Moosa' (main_id=862046) — SAME. Added to is_del_list_1.
2026-05-25 21:56:49,393 - INFO - orchestrator - [DELTA] Processing record #33: 'Munib Al Masri'
2026-05-25 21:56:49,394 - INFO - orchestrator - [DELTA]   AND-query matched main_id=862047. Checking child tables...
2026-05-25 21:56:49,397 - INFO - orchestrator - [DELTA]   'Munib Al Masri' (main_id=862047) — SAME. Added to is_del_list_1.
2026-05-25 21:56:49,397 - INFO - orchestrator - [DELTA] Processing record #34: 'Talal Bin Suleiman Alrahbi'
2026-05-25 21:56:49,398 - INFO - orchestrator - [DELTA]   AND-query matched main_id=862048. Checking child tables...
2026-05-25 21:56:49,401 - INFO - orchestrator - [DELTA]   'Talal Bin Suleiman Alrahbi' (main_id=862048) — SAME. Added to is_del_list_1.
2026-05-25 21:56:49,402 - INFO - orchestrator - [DELTA] Processing record #35: 'Salem Ben Nasser Al Ismaily'
2026-05-25 21:56:49,403 - INFO - orchestrator - [DELTA]   AND-query matched main_id=862049. Checking child tables...
2026-05-25 21:56:49,407 - INFO - orchestrator - [DELTA]   'Salem Ben Nasser Al Ismaily' (main_id=862049) — SAME. Added to is_del_list_1.
2026-05-25 21:56:49,408 - INFO - orchestrator - [DELTA] Processing record #36: 'Aisha Bint Khalfan Bin Jameel'
2026-05-25 21:56:49,409 - INFO - orchestrator - [DELTA]   AND-query matched main_id=862050. Checking child tables...
2026-05-25 21:56:49,413 - INFO - orchestrator - [DELTA]   'Aisha Bint Khalfan Bin Jameel' (main_id=862050) — SAME. Added to is_del_list_1.
2026-05-25 21:56:49,414 - INFO - orchestrator - [DELTA] Processing record #37: 'Madeeha Bint Ahmed Bin Nassir Al Shibaniyah'
2026-05-25 21:56:49,415 - INFO - orchestrator - [DELTA]   AND-query matched main_id=862051. Checking child tables...
2026-05-25 21:56:49,417 - INFO - orchestrator - [DELTA]   'Madeeha Bint Ahmed Bin Nassir Al Shibaniyah' (main_id=862051) — SAME. Added to is_del_list_1.
2026-05-25 21:56:49,417 - INFO - orchestrator - [DELTA] Processing record #38: 'Abdullah Al Saidi'
2026-05-25 21:56:49,418 - INFO - orchestrator - [DELTA]   AND-query matched main_id=862052. Checking child tables...
2026-05-25 21:56:49,421 - INFO - orchestrator - [DELTA]   'Abdullah Al Saidi' (main_id=862052) — SAME. Added to is_del_list_1.
2026-05-25 21:56:49,421 - INFO - orchestrator - [DELTA] Processing record #39: 'Yusuf Bin Alawi Bin Abdullah'
2026-05-25 21:56:49,422 - INFO - orchestrator - [DELTA]   AND-query matched main_id=862053. Checking child tables...
2026-05-25 21:56:49,424 - INFO - orchestrator - [DELTA]   'Yusuf Bin Alawi Bin Abdullah' (main_id=862053) — SAME. Added to is_del_list_1.
2026-05-25 21:56:49,424 - INFO - orchestrator - [DELTA] Processing record #40: 'Khalid Bin Hilal Al Busaidi'
2026-05-25 21:56:49,425 - INFO - orchestrator - [DELTA]   AND-query matched main_id=862054. Checking child tables...
2026-05-25 21:56:49,427 - INFO - orchestrator - [DELTA]   'Khalid Bin Hilal Al Busaidi' (main_id=862054) — SAME. Added to is_del_list_1.
2026-05-25 21:56:49,427 - INFO - orchestrator - [DELTA] Processing record #41: 'Asaad Bin Tariq Al Said'
2026-05-25 21:56:49,428 - INFO - orchestrator - [DELTA]   AND-query matched main_id=862055. Checking child tables...
2026-05-25 21:56:49,430 - INFO - orchestrator - [DELTA]   'Asaad Bin Tariq Al Said' (main_id=862055) — SAME. Added to is_del_list_1.
2026-05-25 21:56:49,431 - INFO - orchestrator - [DELTA] Processing record #42: 'Khalid Bin Omar Bin Said Al Marhoon'
2026-05-25 21:56:49,432 - INFO - orchestrator - [DELTA]   AND-query matched main_id=862056. Checking child tables...
2026-05-25 21:56:49,434 - INFO - orchestrator - [DELTA]   'Khalid Bin Omar Bin Said Al Marhoon' (main_id=862056) — SAME. Added to is_del_list_1.
2026-05-25 21:56:49,435 - INFO - orchestrator - [DELTA] Processing record #43: 'Tariq Hilal Al Barwani'
2026-05-25 21:56:49,436 - INFO - orchestrator - [DELTA]   AND-query matched main_id=781194. Checking child tables...
2026-05-25 21:56:49,443 - INFO - orchestrator - [DELTA]   'Tariq Hilal Al Barwani' (main_id=781194) — SAME. Added to is_del_list_1.
2026-05-25 21:56:49,443 - INFO - orchestrator - [DELTA] Processing record #44: 'Mohammed Al Rumhy'
2026-05-25 21:56:49,445 - INFO - orchestrator - [DELTA]   AND-query matched main_id=862057. Checking child tables...
2026-05-25 21:56:49,447 - INFO - orchestrator - [DELTA]   'Mohammed Al Rumhy' (main_id=862057) — SAME. Added to is_del_list_1.
2026-05-25 21:56:49,448 - INFO - orchestrator - [DELTA] Processing record #45: 'Rawya Saud Al Busaidi'
2026-05-25 21:56:49,449 - INFO - orchestrator - [DELTA]   AND-query matched main_id=862058. Checking child tables...
2026-05-25 21:56:49,452 - INFO - orchestrator - [DELTA]   'Rawya Saud Al Busaidi' (main_id=862058) — SAME. Added to is_del_list_1.
2026-05-25 21:56:49,453 - INFO - orchestrator - [DELTA] Processing record #46: 'Shihab Bin Tariq Al Said'
2026-05-25 21:56:49,455 - INFO - orchestrator - [DELTA]   AND-query matched main_id=862059. Checking child tables...
2026-05-25 21:56:49,460 - INFO - orchestrator - [DELTA]   'Shihab Bin Tariq Al Said' (main_id=862059) — SAME. Added to is_del_list_1.
2026-05-25 21:56:49,461 - INFO - orchestrator - [DELTA] Processing record #47: 'Abdullah Ibn Rashid Al Sayyabi'
2026-05-25 21:56:49,462 - INFO - orchestrator - [DELTA]   AND-query matched main_id=781198. Checking child tables...
2026-05-25 21:56:49,465 - INFO - orchestrator - [DELTA]   'Abdullah Ibn Rashid Al Sayyabi' (main_id=781198) — SAME. Added to is_del_list_1.
2026-05-25 21:56:49,466 - INFO - orchestrator - [DELTA] Processing record #48: 'Hilal Bin Ali Al Sabti'
2026-05-25 21:56:49,467 - INFO - orchestrator - [DELTA]   AND-query matched main_id=862060. Checking child tables...
2026-05-25 21:56:49,470 - INFO - orchestrator - [DELTA]   'Hilal Bin Ali Al Sabti' (main_id=862060) — SAME. Added to is_del_list_1.
2026-05-25 21:56:49,471 - INFO - orchestrator - [DELTA] Processing record #49: 'Amr Al Bidh'
2026-05-25 21:56:49,473 - INFO - orchestrator - [DELTA]   AND-query matched main_id=862061. Checking child tables...
2026-05-25 21:56:49,478 - INFO - orchestrator - [DELTA]   'Amr Al Bidh' (main_id=862061) — SAME. Added to is_del_list_1.
2026-05-25 21:56:49,478 - INFO - orchestrator - [DELTA] Processing record #50: 'Badr Bin Hamad Al Busaidi'
2026-05-25 21:56:49,480 - INFO - orchestrator - [DELTA]   AND-query matched main_id=862062. Checking child tables...
2026-05-25 21:56:49,482 - INFO - orchestrator - [DELTA]   'Badr Bin Hamad Al Busaidi' (main_id=862062) — SAME. Added to is_del_list_1.
2026-05-25 21:56:49,483 - INFO - orchestrator - [DELTA] Processing record #51: 'Asa ad bin Tariq Al Said'
2026-05-25 21:56:49,484 - INFO - orchestrator - [DELTA]   AND-query matched main_id=781209. Checking child tables...
2026-05-25 21:56:49,487 - INFO - orchestrator - [DELTA]   'Asa ad bin Tariq Al Said' (main_id=781209) — SAME. Added to is_del_list_1.
2026-05-25 21:56:49,488 - INFO - orchestrator - [DELTA] Processing record #52: 'Nawwal bint Tariq Al Said'
2026-05-25 21:56:49,490 - INFO - orchestrator - [DELTA]   AND-query matched main_id=781210. Checking child tables...
2026-05-25 21:56:49,494 - INFO - orchestrator - [DELTA]   'Nawwal bint Tariq Al Said' (main_id=781210) — SAME. Added to is_del_list_1.
2026-05-25 21:56:49,495 - INFO - orchestrator - [DELTA] Processing record #53: 'Shihab bin Tariq Al Said'
2026-05-25 21:56:49,496 - INFO - orchestrator - [DELTA]   AND-query matched main_id=781211. Checking child tables...
2026-05-25 21:56:49,499 - INFO - orchestrator - [DELTA]   'Shihab bin Tariq Al Said' (main_id=781211) — SAME. Added to is_del_list_1.
2026-05-25 21:56:49,499 - INFO - orchestrator - [DELTA] Processing record #54: 'Ahad bint Abdullah Al Busaidi'
2026-05-25 21:56:49,501 - INFO - orchestrator - [DELTA]   AND-query matched main_id=781201. Checking child tables...
2026-05-25 21:56:49,504 - INFO - orchestrator - [DELTA]   'Ahad bint Abdullah Al Busaidi' (main_id=781201) — SAME. Added to is_del_list_1.
2026-05-25 21:56:49,504 - INFO - orchestrator - [DELTA] Processing record #55: 'Badr bin Hamad Al Busaidi'
2026-05-25 21:56:49,506 - INFO - orchestrator - [DELTA]   AND-query matched main_id=781212. Checking child tables...
2026-05-25 21:56:49,511 - INFO - orchestrator - [DELTA]   'Badr bin Hamad Al Busaidi' (main_id=781212) — SAME. Added to is_del_list_1.
2026-05-25 21:56:49,511 - INFO - orchestrator - [DELTA] Processing record #56: 'Haitham bin Tarik Al Said'
2026-05-25 21:56:49,513 - INFO - orchestrator - [DELTA]   AND-query matched main_id=781213. Checking child tables...
2026-05-25 21:56:49,515 - INFO - orchestrator - [DELTA]   'Haitham bin Tarik Al Said' (main_id=781213) — SAME. Added to is_del_list_1.
2026-05-25 21:56:49,515 - INFO - orchestrator - [DELTA] Processing record #57: 'Khalid bin Hilal Al Busaidi'
2026-05-25 21:56:49,516 - INFO - orchestrator - [DELTA]   AND-query matched main_id=781214. Checking child tables...
2026-05-25 21:56:49,519 - INFO - orchestrator - [DELTA]   'Khalid bin Hilal Al Busaidi' (main_id=781214) — SAME. Added to is_del_list_1.
2026-05-25 21:56:49,520 - INFO - orchestrator - [DELTA] Processing record #58: 'Awad bin Arfah bin Frijoon Bait Sameer'
2026-05-25 21:56:49,521 - INFO - orchestrator - [DELTA]   AND-query matched main_id=781202. Checking child tables...
2026-05-25 21:56:49,525 - INFO - orchestrator - [DELTA]   'Awad bin Arfah bin Frijoon Bait Sameer' (main_id=781202) — SAME. Added to is_del_list_1.
2026-05-25 21:56:49,526 - INFO - orchestrator - [DELTA] Processing record #59: 'Bilarab bin Haitham Al Said'
2026-05-25 21:56:49,527 - INFO - orchestrator - [DELTA]   AND-query matched main_id=781203. Checking child tables...
2026-05-25 21:56:49,529 - INFO - orchestrator - [DELTA]   'Bilarab bin Haitham Al Said' (main_id=781203) — SAME. Added to is_del_list_1.
2026-05-25 21:56:49,529 - INFO - orchestrator - [DELTA] Processing record #60: 'Theyazin bin Haitham Al Said'
2026-05-25 21:56:49,530 - INFO - orchestrator - [DELTA]   AND-query matched main_id=781204. Checking child tables...
2026-05-25 21:56:49,533 - INFO - orchestrator - [DELTA]   'Theyazin bin Haitham Al Said' (main_id=781204) — SAME. Added to is_del_list_1.
2026-05-25 21:56:49,533 - INFO - orchestrator - [DELTA] Processing record #61: 'Mai Almasri'
2026-05-25 21:56:49,534 - INFO - orchestrator - [DELTA]   AND-query matched main_id=781205. Checking child tables...
2026-05-25 21:56:49,538 - INFO - orchestrator - [DELTA]   'Mai Almasri' (main_id=781205) — SAME. Added to is_del_list_1.
2026-05-25 21:56:49,538 - INFO - orchestrator - [DELTA] Processing record #62: 'Taimur bin Asaad Al Said'
2026-05-25 21:56:49,540 - INFO - orchestrator - [DELTA]   AND-query matched main_id=781206. Checking child tables...
2026-05-25 21:56:49,543 - INFO - orchestrator - [DELTA]   'Taimur bin Asaad Al Said' (main_id=781206) — SAME. Added to is_del_list_1.
2026-05-25 21:56:49,543 - INFO - orchestrator - [DELTA] Processing record #63: 'Meyyan bint Shihab Al Said'
2026-05-25 21:56:49,544 - INFO - orchestrator - [DELTA]   AND-query matched main_id=781207. Checking child tables...
2026-05-25 21:56:49,546 - INFO - orchestrator - [DELTA]   'Meyyan bint Shihab Al Said' (main_id=781207) — SAME. Added to is_del_list_1.
2026-05-25 21:56:49,547 - INFO - orchestrator - [DELTA] Processing record #64: 'Sanaa Al Haib'
2026-05-25 21:56:49,548 - INFO - orchestrator - [DELTA]   AND-query matched main_id=781200. Checking child tables...
2026-05-25 21:56:49,550 - INFO - orchestrator - [DELTA]   'Sanaa Al Haib' (main_id=781200) — SAME. Added to is_del_list_1.
2026-05-25 21:56:49,550 - INFO - orchestrator - [DELTA] Processing record #65: 'Shawana bint Hammoud Al Busaidi'
2026-05-25 21:56:49,551 - INFO - orchestrator - [DELTA]   AND-query matched main_id=781208. Checking child tables...
2026-05-25 21:56:49,556 - INFO - orchestrator - [DELTA]   'Shawana bint Hammoud Al Busaidi' (main_id=781208) — SAME. Added to is_del_list_1.
2026-05-25 21:57:25,029 - INFO - orchestrator - Delta: 0 new records in 105.0s
2026-05-25 21:57:25,029 - INFO - orchestrator - No new records for om_gen — DB is up to date
